                 Program BrIcc v2.3e (17-Jun-2020)               
 
  Theoretical Dirac-Fock conversion coefficients based on the "Frozen Orbital"
                         Approximation
  ICC data file:  D:\X\ND\Files\BrIccFOV22.icc
  ICC index file: D:\X\ND\Files\BrIccFOV22.idx
  Average difference between experimental and theoretical ICC: -1.01(21)%
  Average difference between interpolated and theoretical ICC: +0.0(3)%
  Adopted theoretical uncertainty:  1.4% of the ICC
  Minimum CC value to put on G-record: 1.00E-03
  Assumed MR value for E2/M1: MR= 1.00
                   for M3/E2, E4/M3, M5/E4, M2/E1, M4/E3, E5/M4: MR= 0.10
                   for E3/M2: MR= 1.00
 
  Input ENSDF file: D:\X\ND\A35\finished\Si35\new\Si35_adopted.tmp
  Processed on: 15:18:17 11-Jun-2025
  Operating system: Win64
 
 
       1 :  35SI    ADOPTED LEVELS, GAMMAS                                  ENSDF    202509
      51 :  35SI cG E,RI$From {+35}Al |b{+-} decay, unless otherwise noted.                
      52 :  35SI cG E(K,B),RI(K)$From {+9}Be({+36}Si,{+35}Si|g)                            
      78 :  35SI  G 910.11    30 100       [E2]                                            
      79 :  35SI cG E$Others: 910 {I3} from ({+34}Si,p|g) and 908 {I4} from                
      80 :  35SI2cG ({+36}Si,{+35}Si|g).                                                   
      84 :  35SI  G 64.1      3 100        [E1]                                            
      85 :  35SIB G BE1W=0.00036 4                                                         
      86 :  35SIS G KC=0.0342 7$LC=0.00244 5$MC=0.000158 4                                 
      87 :  35SI  G 973.78    20 11.8   24 [M2]                                            
      88 :  35SIB G BM2W=0.059 14                                                          
      92 :  35SI  G 715       4 14.6    16                                             K   
      93 :  35SI  G 780       4 100     8                                              K   
      96 :  35SI  G 1970      6 100                                                    K   
     101 :  35SI  G 1134      5 100                                                    B   
     102 :  35SI cG E$Other: 1134 {I6} from {2}H({34}Si,p|g).                              
     103 :  35SI cG RI$from ({+36}Si,{+35}Si|g) and {2}H({+34}Si,p|g).                     
     108 :  35SI  G 1194.2    4 35      8                                                  
     109 :  35SI  G 2168.2    6 100     20                                                 
     110 :  35SI cG E$other: 2164 {I6} from ({+36}Si,{+35}Si|g).                           
     113 :  35SI  G 2275      6 100                                                    K   
     116 :  35SI  G 2377      7 100                                                    K   
     123 :  35SI  G 3611      8 100                                                    K   
 
 DATA SET ===================================================================================================
       1 :  35SI    ADOPTED LEVELS, GAMMAS                                  ENSDF    202509
 
      61 :  35SI DG CC$FROM BrIcc v2.3e (17-Jun-2020) 2008Ki07, "Frozen Orbitals" appr.      <New Card>
 ============================================================================================================
 BrIcc v2.3e (17-Jun-2020)  Z= 14 Egamma= 64.1 3 keV           Multipolarity=  [E1]       15:18:17 11-Jun-2025
 <I> Uncertainties on ICC`s from transition energy uncertainty is greater than   1.0%.

 Shell    E1       dIcc       dIccDEL    dIccDEH
         --------- ---------- ---------- ----------
 K       3.423E-02  7.058E-04  5.183E-04 -5.082E-04

 L1      2.388E-03  4.906E-05  3.591E-05 -3.522E-05
 L2      1.825E-05  4.331E-07  3.497E-07 -3.415E-07
 L3      3.449E-05  8.193E-07  6.619E-07 -6.463E-07
 L-tot   2.440E-03  5.031E-05  3.692E-05 -3.621E-05
 K/L     1.403E+01  4.090E-01

 M1      1.573E-04  3.233E-06  2.366E-06 -2.320E-06
 M2      7.919E-07  1.879E-08  1.516E-08 -1.481E-08
 M-tot   1.581E-04  3.251E-06  2.381E-06 -2.335E-06
 L/M     1.543E+01  4.493E-01

 Tot     3.683E-02  7.594E-04  5.576E-04 -5.467E-04

  Compare OLD/NEW cards
      84 :  35SI  G 64.1      3 100        [E1]                                              <Old Card>
      85 :  35SIB G BE1W=0.00036 4                                                           <Old Card Kept>
      86 :  35SIS G KC=0.0342 7$LC=0.00244 5$MC=0.000158 4                                   <Old Card Removed>
      84 :  35SI  G 64.1      3 100        [E1]                   0.0368  8                  <New Card>
      86 :  35SIS G  KC=0.0342 7$LC=0.00244 5$MC=0.0001581 33                                <New Card>
 ============================================================================================================
 BrIcc v2.3e (17-Jun-2020)  Z= 14 Egamma= 715 4 keV            Multipolarity=             15:18:17 11-Jun-2025

 Shell    E1        M1        E2        M2        E3        M3        E4        M4        E5        M5
         --------- --------- --------- --------- --------- --------- --------- --------- --------- ---------
 K       2.668E-05 3.949E-05 7.460E-05 9.999E-05 1.891E-04 2.444E-04 4.627E-04 5.908E-04 1.116E-03 1.421E-03

 L1      1.899E-06 2.815E-06 5.308E-06 7.137E-06 1.345E-05 1.748E-05 3.289E-05 4.232E-05 7.937E-05 1.020E-04
 L2      2.241E-09 5.036E-09 1.304E-08 2.280E-08 6.644E-08 8.801E-08 2.877E-07 3.088E-07 1.103E-06 1.019E-06
 L3      5.580E-09 4.633E-09 1.741E-08 1.144E-08 5.778E-08 4.454E-08 1.962E-07 1.921E-07 6.567E-07 7.775E-07
 L-tot   1.906E-06 2.825E-06 5.339E-06 7.172E-06 1.357E-05 1.761E-05 3.337E-05 4.282E-05 8.113E-05 1.038E-04

 M1      1.253E-07 1.858E-07 3.503E-07 4.711E-07 8.872E-07 1.154E-06 2.170E-06 2.794E-06 5.236E-06 6.733E-06
 M2      9.740E-11 2.189E-10 5.666E-10 9.912E-10 2.888E-09 3.825E-09 1.250E-08 1.342E-08 4.797E-08 4.430E-08
 M-tot   1.254E-07 1.860E-07 3.509E-07 4.721E-07 8.901E-07 1.158E-06 2.183E-06 2.807E-06 5.284E-06 6.777E-06

 Tot     1.819E+06 <I> Not Calculated

 Tot     2.871E-05 4.250E-05 8.029E-05 1.076E-04 2.035E-04 2.632E-04 4.982E-04 6.364E-04 1.202E-03 1.532E-03

      92 :  35SI  G 715       4 14.6    16                                             K     <Old Card Kept>
 ============================================================================================================
 BrIcc v2.3e (17-Jun-2020)  Z= 14 Egamma= 780 4 keV            Multipolarity=             15:18:17 11-Jun-2025

 Shell    E1        M1        E2        M2        E3        M3        E4        M4        E5        M5
         --------- --------- --------- --------- --------- --------- --------- --------- --------- ---------
 K       2.200E-05 3.324E-05 5.820E-05 8.033E-05 1.402E-04 1.874E-04 3.268E-04 4.317E-04 7.513E-04 9.892E-04

 L1      1.566E-06 2.370E-06 4.142E-06 5.733E-06 9.976E-06 1.339E-05 2.324E-05 3.091E-05 5.346E-05 7.094E-05
 L2      1.712E-09 3.903E-09 9.318E-09 1.671E-08 4.456E-08 6.116E-08 1.821E-07 2.037E-07 6.617E-07 6.389E-07
 L3      4.400E-09 3.747E-09 1.258E-08 8.539E-09 3.843E-08 3.037E-08 1.213E-07 1.224E-07 3.809E-07 4.688E-07
 L-tot   1.572E-06 2.377E-06 4.164E-06 5.759E-06 1.006E-05 1.348E-05 2.355E-05 3.123E-05 5.450E-05 7.204E-05

 M1      1.033E-07 1.564E-07 2.734E-07 3.784E-07 6.583E-07 8.841E-07 1.534E-06 2.040E-06 3.528E-06 4.683E-06
 M2      7.442E-11 1.697E-10 4.051E-10 7.265E-10 1.937E-09 2.659E-09 7.917E-09 8.855E-09 2.877E-08 2.778E-08
 M-tot   1.034E-07 1.566E-07 2.738E-07 3.792E-07 6.602E-07 8.868E-07 1.542E-06 2.049E-06 3.556E-06 4.711E-06

 Tot     2.000E+06 <I> Not Calculated

 Tot     2.368E-05 3.578E-05 6.264E-05 8.647E-05 1.510E-04 2.017E-04 3.519E-04 4.649E-04 8.093E-04 1.066E-03

      93 :  35SI  G 780       4 100     8                                              K     <Old Card Kept>
 ============================================================================================================
 BrIcc v2.3e (17-Jun-2020)  Z= 14 Egamma= 910.11 30 keV        Multipolarity=  [E2]       15:18:17 11-Jun-2025

 Shell    E2       dIcc
         --------- ----------
 K       3.836E-05  5.380E-07

 L1      2.731E-06  3.830E-08
 L2      5.227E-09  7.345E-11
 L3      7.260E-09  1.020E-10
 L-tot   2.743E-06  3.848E-08
 K/L     1.398E+01  2.774E-01

 M1      1.802E-07  2.528E-09
 M2      2.272E-10  3.192E-12
 M-tot   1.805E-07  2.531E-09
 L/M     1.520E+01  3.015E-01

 Tot     4.128E-05  5.790E-07

  Compare OLD/NEW cards
      78 :  35SI  G 910.11    30 100       [E2]                                              <Old Card Kept>
      79 :  35SIS G  CC=4.13E-5 6$KC=3.84E-5 5$LC=2.74E-6 4$MC=1.805E-7 25                   <New Card>
 ============================================================================================================
 BrIcc v2.3e (17-Jun-2020)  Z= 14 Egamma= 973.78 20 keV        Multipolarity=  [M2]       15:18:17 11-Jun-2025

 Shell    M2       dIcc
         --------- ----------
 K       4.688E-05  6.567E-07

 L1      3.345E-06  4.685E-08
 L2      7.705E-09  1.080E-10
 L3      4.215E-09  5.907E-11
 L-tot   3.356E-06  4.702E-08
 K/L     1.397E+01  2.767E-01

 M1      2.208E-07  3.093E-09
 M2      3.350E-10  4.696E-12
 M-tot   2.211E-07  3.097E-09
 L/M     1.518E+01  3.007E-01

 Tot     5.046E-05  7.068E-07

  Compare OLD/NEW cards
      87 :  35SI  G 973.78    20 11.8   24 [M2]                                              <Old Card Kept>
      88 :  35SIB G BM2W=0.059 14                                                            <Old Card Kept>
      89 :  35SIS G  CC=5.05E-5 7$KC=4.69E-5 7$LC=3.36E-6 5$MC=2.211E-7 31                   <New Card>
 ============================================================================================================
 BrIcc v2.3e (17-Jun-2020)  Z= 14 Egamma= 1134 5 keV           Multipolarity=             15:18:17 11-Jun-2025

 Shell    E1        M1        E2        M2        E3        M3        E4        M4        E5        M5
         --------- --------- --------- --------- --------- --------- --------- --------- --------- ---------
 K       1.043E-05 1.636E-05 2.225E-05 3.293E-05 4.409E-05 6.404E-05 8.512E-05 1.227E-04 1.624E-04 2.332E-04

 L1      7.429E-07 1.166E-06 1.584E-06 2.349E-06 3.140E-06 4.574E-06 6.065E-06 8.772E-06 1.157E-05 1.669E-05
 L2      5.765E-10 1.345E-09 2.385E-09 4.602E-09 8.811E-09 1.364E-08 2.855E-08 3.704E-08 8.366E-08 9.515E-08
 L3      1.724E-09 1.589E-09 3.518E-09 2.687E-09 7.729E-09 6.497E-09 1.812E-08 1.932E-08 4.395E-08 5.858E-08
 L-tot   7.452E-07 1.169E-06 1.590E-06 2.356E-06 3.156E-06 4.594E-06 6.111E-06 8.829E-06 1.170E-05 1.685E-05

 M1      4.903E-08 7.694E-08 1.046E-07 1.550E-07 2.072E-07 3.019E-07 4.002E-07 5.791E-07 7.634E-07 1.102E-06
 M2      2.505E-11 5.844E-11 1.037E-10 2.000E-10 3.830E-10 5.927E-10 1.241E-09 1.610E-09 3.637E-09 4.136E-09
 M-tot   4.905E-08 7.700E-08 1.047E-07 1.552E-07 2.076E-07 3.025E-07 4.015E-07 5.807E-07 7.670E-07 1.106E-06

 Tot     3.116E+06 <I> Not Calculated

 IPF     2.340E-05 1.641E-06 2.547E-06 1.964E-07 3.180E-07 2.585E-08 <I> Not Calculated

 Tot     3.463E-05 1.925E-05 2.649E-05 3.563E-05 4.777E-05 6.896E-05 9.163E-05 1.321E-04 1.749E-04 2.512E-04

Without IPF
 Tot(CE) 1.123E-05 1.760E-05 2.394E-05 3.544E-05 4.745E-05 6.894E-05 9.163E-05 1.321E-04 1.749E-04 2.512E-04

     101 :  35SI  G 1134      5 100                                                    B     <Old Card Kept>
 ============================================================================================================
 BrIcc v2.3e (17-Jun-2020)  Z= 14 Egamma= 1194.2 4 keV         Multipolarity=             15:18:17 11-Jun-2025

 Shell    E1        M1        E2        M2        E3        M3        E4        M4        E5        M5
         --------- --------- --------- --------- --------- --------- --------- --------- --------- ---------
 K       9.506E-06 1.489E-05 1.973E-05 2.929E-05 3.817E-05 5.571E-05 7.201E-05 1.043E-04 1.342E-04 1.938E-04

 L1      6.769E-07 1.061E-06 1.405E-06 2.090E-06 2.719E-06 3.978E-06 5.132E-06 7.458E-06 9.558E-06 1.387E-05
 L2      5.003E-10 1.166E-09 1.997E-09 3.875E-09 7.132E-09 1.117E-08 2.243E-08 2.960E-08 6.395E-08 7.410E-08
 L3      1.530E-09 1.422E-09 2.997E-09 2.321E-09 6.318E-09 5.331E-09 1.425E-08 1.518E-08 3.342E-08 4.454E-08
 L-tot   6.789E-07 1.064E-06 1.410E-06 2.096E-06 2.733E-06 3.995E-06 5.169E-06 7.502E-06 9.655E-06 1.399E-05

 M1      4.467E-08 7.004E-08 9.273E-08 1.379E-07 1.795E-07 2.626E-07 3.387E-07 4.923E-07 6.306E-07 9.156E-07
 M2      2.175E-11 5.069E-11 8.682E-11 1.684E-10 3.100E-10 4.858E-10 9.753E-10 1.287E-09 2.780E-09 3.221E-09
 M-tot   4.470E-08 7.009E-08 9.282E-08 1.381E-07 1.798E-07 2.631E-07 3.397E-07 4.936E-07 6.334E-07 9.188E-07

 Tot     3.328E+06 <I> Not Calculated

 IPF     5.411E-05 5.663E-06 8.587E-06 9.935E-07 1.568E-06 1.920E-07 <I> Not Calculated

 Tot     6.434E-05 2.169E-05 2.982E-05 3.252E-05 4.265E-05 6.016E-05 7.751E-05 1.123E-04 1.445E-04 2.087E-04

Without IPF
 Tot(CE) 1.023E-05 1.603E-05 2.124E-05 3.153E-05 4.109E-05 5.996E-05 7.751E-05 1.123E-04 1.445E-04 2.087E-04

     108 :  35SI  G 1194.2    4 35      8                                                    <Old Card Kept>
 ============================================================================================================
 BrIcc v2.3e (17-Jun-2020)  Z= 14 Egamma= 1970 6 keV           Multipolarity=             15:18:17 11-Jun-2025

 Shell    E1        M1        E2        M2        E3        M3        E4        M4        E5        M5
         --------- --------- --------- --------- --------- --------- --------- --------- --------- ---------
 K       4.268E-06 6.316E-06 7.083E-06 1.023E-05 1.125E-05 1.612E-05 1.752E-05 2.501E-05 2.693E-05 3.843E-05

 L1      3.039E-07 4.500E-07 5.045E-07 7.294E-07 8.019E-07 1.150E-06 1.249E-06 1.786E-06 1.920E-06 2.746E-06
 L2      1.421E-10 3.112E-10 4.108E-10 7.984E-10 1.086E-09 1.824E-09 2.626E-09 3.877E-09 5.879E-09 7.817E-09
 L3      5.433E-10 5.301E-10 7.735E-10 6.677E-10 1.160E-09 9.998E-10 1.867E-09 1.838E-09 3.229E-09 3.841E-09
 L-tot   3.045E-07 4.508E-07 5.056E-07 7.309E-07 8.041E-07 1.153E-06 1.253E-06 1.791E-06 1.929E-06 2.757E-06

 M1      2.005E-08 2.970E-08 3.329E-08 4.814E-08 5.292E-08 7.590E-08 8.244E-08 1.179E-07 1.267E-07 1.812E-07
 M2      6.177E-12 1.353E-11 1.786E-11 3.471E-11 4.724E-11 7.930E-11 1.142E-10 1.686E-10 2.556E-10 3.398E-10
 M-tot   2.006E-08 2.971E-08 3.331E-08 4.818E-08 5.297E-08 7.598E-08 8.255E-08 1.180E-07 1.270E-07 1.816E-07

 Tot     2.543E+08 <I> Not Calculated

 IPF     6.219E-04 2.328E-04 2.996E-04 1.236E-04 1.608E-04 7.031E-05 <I> Not Calculated

 Tot     6.265E-04 2.396E-04 3.072E-04 1.346E-04 1.729E-04 8.766E-05 1.886E-05 2.692E-05 2.899E-05 4.137E-05

Without IPF
 Tot(CE) 4.592E-06 6.796E-06 7.622E-06 1.101E-05 1.211E-05 1.735E-05 1.886E-05 2.692E-05 2.899E-05 4.137E-05

      96 :  35SI  G 1970      6 100                                                    K     <Old Card Kept>
 ============================================================================================================
 BrIcc v2.3e (17-Jun-2020)  Z= 14 Egamma= 2168.2 6 keV         Multipolarity=             15:18:17 11-Jun-2025

 Shell    E1        M1        E2        M2        E3        M3        E4        M4        E5        M5
         --------- --------- --------- --------- --------- --------- --------- --------- --------- ---------
 K       3.723E-06 5.416E-06 5.962E-06 8.498E-06 9.180E-06 1.299E-05 1.387E-05 1.956E-05 2.069E-05 2.918E-05

 L1      2.651E-07 3.858E-07 4.247E-07 6.058E-07 6.542E-07 9.265E-07 9.886E-07 1.396E-06 1.475E-06 2.084E-06
 L2      1.142E-10 2.450E-10 3.121E-10 6.010E-10 7.837E-10 1.320E-09 1.810E-09 2.704E-09 3.890E-09 5.261E-09
 L3      4.557E-10 4.468E-10 6.198E-10 5.440E-10 8.835E-10 7.651E-10 1.345E-09 1.298E-09 2.202E-09 2.527E-09
 L-tot   2.657E-07 3.865E-07 4.256E-07 6.069E-07 6.559E-07 9.285E-07 9.917E-07 1.400E-06 1.481E-06 2.091E-06

 M1      1.750E-08 2.546E-08 2.803E-08 3.998E-08 4.318E-08 6.115E-08 6.524E-08 9.217E-08 9.734E-08 1.375E-07
 M2      4.962E-12 1.065E-11 1.356E-11 2.612E-11 3.406E-11 5.736E-11 7.867E-11 1.175E-10 1.691E-10 2.287E-10
 M-tot   1.750E-08 2.548E-08 2.804E-08 4.001E-08 4.322E-08 6.121E-08 6.532E-08 9.229E-08 9.751E-08 1.378E-07

 Tot     4.969E+08 <I> Not Calculated

 IPF     7.585E-04 3.145E-04 3.966E-04 1.812E-04 2.305E-04 1.115E-04 <I> Not Calculated

 Tot     7.625E-04 3.203E-04 4.030E-04 1.904E-04 2.404E-04 1.255E-04 1.493E-05 2.106E-05 2.226E-05 3.140E-05

Without IPF
 Tot(CE) 4.007E-06 5.828E-06 6.416E-06 9.144E-06 9.879E-06 1.398E-05 1.493E-05 2.106E-05 2.226E-05 3.140E-05

     109 :  35SI  G 2168.2    6 100     20                                                   <Old Card Kept>
 ============================================================================================================
 BrIcc v2.3e (17-Jun-2020)  Z= 14 Egamma= 2275 6 keV           Multipolarity=             15:18:17 11-Jun-2025

 Shell    E1        M1        E2        M2        E3        M3        E4        M4        E5        M5
         --------- --------- --------- --------- --------- --------- --------- --------- --------- ---------
 K       3.483E-06 5.020E-06 5.482E-06 7.756E-06 8.316E-06 1.168E-05 1.238E-05 1.735E-05 1.820E-05 2.551E-05

 L1      2.480E-07 3.576E-07 3.905E-07 5.529E-07 5.926E-07 8.334E-07 8.825E-07 1.238E-06 1.298E-06 1.822E-06
 L2      1.027E-10 2.177E-10 2.728E-10 5.223E-10 6.679E-10 1.125E-09 1.509E-09 2.264E-09 3.178E-09 4.331E-09
 L3      4.182E-10 4.109E-10 5.570E-10 4.926E-10 7.751E-10 6.732E-10 1.149E-09 1.099E-09 1.832E-09 2.063E-09
 L-tot   2.485E-07 3.582E-07 3.913E-07 5.539E-07 5.940E-07 8.352E-07 8.851E-07 1.242E-06 1.303E-06 1.828E-06

 M1      1.637E-08 2.360E-08 2.577E-08 3.649E-08 3.911E-08 5.501E-08 5.824E-08 8.173E-08 8.567E-08 1.202E-07
 M2      4.459E-12 9.457E-12 1.185E-11 2.270E-11 2.902E-11 4.890E-11 6.557E-11 9.842E-11 1.381E-10 1.882E-10
 M-tot   1.637E-08 2.361E-08 2.578E-08 3.652E-08 3.914E-08 5.506E-08 5.830E-08 8.183E-08 8.581E-08 1.204E-07

 Tot     6.852E+08 <I> Not Calculated

 IPF     8.287E-04 3.591E-04 4.490E-04 2.142E-04 2.696E-04 1.363E-04 <I> Not Calculated

 Tot     8.324E-04 3.645E-04 4.549E-04 2.225E-04 2.785E-04 1.489E-04 1.332E-05 1.867E-05 1.959E-05 2.746E-05

Without IPF
 Tot(CE) 3.748E-06 5.402E-06 5.899E-06 8.347E-06 8.949E-06 1.257E-05 1.332E-05 1.867E-05 1.959E-05 2.746E-05

     113 :  35SI  G 2275      6 100                                                    K     <Old Card Kept>
 ============================================================================================================
 BrIcc v2.3e (17-Jun-2020)  Z= 14 Egamma= 2377 7 keV           Multipolarity=             15:18:17 11-Jun-2025

 Shell    E1        M1        E2        M2        E3        M3        E4        M4        E5        M5
         --------- --------- --------- --------- --------- --------- --------- --------- --------- ---------
 K       3.280E-06 4.687E-06 5.085E-06 7.144E-06 7.611E-06 1.062E-05 1.119E-05 1.558E-05 1.624E-05 2.261E-05

 L1      2.335E-07 3.339E-07 3.622E-07 5.093E-07 5.423E-07 7.578E-07 7.973E-07 1.112E-06 1.158E-06 1.615E-06
 L2      9.327E-11 1.957E-10 2.418E-10 4.602E-10 5.786E-10 9.744E-10 1.281E-09 1.930E-09 2.651E-09 3.636E-09
 L3      3.872E-10 3.811E-10 5.064E-10 4.509E-10 6.901E-10 6.013E-10 9.995E-10 9.488E-10 1.556E-09 1.723E-09
 L-tot   2.340E-07 3.345E-07 3.629E-07 5.102E-07 5.436E-07 7.593E-07 7.996E-07 1.115E-06 1.162E-06 1.620E-06

 M1      1.541E-08 2.204E-08 2.390E-08 3.361E-08 3.580E-08 5.002E-08 5.262E-08 7.338E-08 7.644E-08 1.066E-07
 M2      4.050E-12 8.499E-12 1.050E-11 2.000E-11 2.514E-11 4.235E-11 5.568E-11 8.388E-11 1.152E-10 1.580E-10
 M-tot   1.542E-08 2.205E-08 2.392E-08 3.363E-08 3.582E-08 5.006E-08 5.268E-08 7.346E-08 7.655E-08 1.067E-07

 Tot     9.118E+08 <I> Not Calculated

 IPF     8.931E-04 4.021E-04 4.987E-04 2.467E-04 3.075E-04 1.612E-04 <I> Not Calculated

 Tot     8.967E-04 4.072E-04 5.042E-04 2.544E-04 3.156E-04 1.727E-04 1.204E-05 1.677E-05 1.748E-05 2.434E-05

Without IPF
 Tot(CE) 3.529E-06 5.044E-06 5.472E-06 7.688E-06 8.190E-06 1.143E-05 1.204E-05 1.677E-05 1.748E-05 2.434E-05

     116 :  35SI  G 2377      7 100                                                    K     <Old Card Kept>
 ============================================================================================================
 BrIcc v2.3e (17-Jun-2020)  Z= 14 Egamma= 3611 8 keV           Multipolarity=             15:18:17 11-Jun-2025

 Shell    E1        M1        E2        M2        E3        M3        E4        M4        E5        M5
         --------- --------- --------- --------- --------- --------- --------- --------- --------- ---------
 K       1.915E-06 2.519E-06 2.620E-06 3.425E-06 3.513E-06 4.576E-06 4.646E-06 6.046E-06 6.091E-06 7.922E-06

 L1      1.363E-07 1.794E-07 1.866E-07 2.440E-07 2.503E-07 3.262E-07 3.311E-07 4.312E-07 4.343E-07 5.653E-07
 L2      4.009E-11 7.462E-11 8.346E-11 1.471E-10 1.639E-10 2.679E-10 3.050E-10 4.624E-10 5.405E-10 7.651E-10
 L3      1.964E-10 1.953E-10 2.254E-10 2.114E-10 2.637E-10 2.389E-10 3.194E-10 2.922E-10 4.076E-10 3.958E-10
 L-tot   1.366E-07 1.797E-07 1.869E-07 2.444E-07 2.507E-07 3.267E-07 3.317E-07 4.319E-07 4.352E-07 5.664E-07

 M1      8.999E-09 1.184E-08 1.232E-08 1.611E-08 1.652E-08 2.153E-08 2.185E-08 2.846E-08 2.866E-08 3.731E-08
 M2      1.742E-12 3.243E-12 3.627E-12 6.393E-12 7.123E-12 1.165E-11 1.326E-11 2.010E-11 2.350E-11 3.326E-11
 M-tot   9.000E-09 1.185E-08 1.232E-08 1.611E-08 1.653E-08 2.154E-08 2.186E-08 2.848E-08 2.869E-08 3.735E-08

 Tot     1.092E+10 <I> Not Calculated

 IPF     1.526E-03 8.905E-04 1.035E-03 6.553E-04 7.598E-04 5.048E-04 <I> Not Calculated

 Tot     1.528E-03 8.932E-04 1.038E-03 6.590E-04 7.636E-04 5.098E-04 5.000E-06 6.506E-06 6.555E-06 8.526E-06

Without IPF
 Tot(CE) 2.061E-06 2.711E-06 2.820E-06 3.685E-06 3.781E-06 4.924E-06 5.000E-06 6.506E-06 6.555E-06 8.526E-06

     123 :  35SI  G 3611      8 100                                                    K     <Old Card Kept>
