       1 :  35SI    ADOPTED LEVELS, GAMMAS                                  ENSDF    202509
      61 :  35SI DG CC$FROM BrIcc v2.3e (17-Jun-2020) 2008Ki07, "Frozen Orbitals" appr.      <New Card>
  Compare OLD/NEW cards
      78 :  35SI  G 910.11    30 100       [E2]                                              <Old Card Kept>
      79 :  35SIS G  CC=4.13E-5 6$KC=3.84E-5 5$LC=2.74E-6 4$MC=1.805E-7 25                   <New Card>
  Compare OLD/NEW cards
      84 :  35SI  G 64.1      3 100        [E1]                                              <Old Card>
      85 :  35SIB G BE1W=0.00036 4                                                           <Old Card Kept>
      86 :  35SIS G KC=0.0342 7$LC=0.00244 5$MC=0.000158 4                                   <Old Card Removed>
      84 :  35SI  G 64.1      3 100        [E1]                   0.0368  8                  <New Card>
      86 :  35SIS G  KC=0.0342 7$LC=0.00244 5$MC=0.0001581 33                                <New Card>
  Compare OLD/NEW cards
      87 :  35SI  G 973.78    20 11.8   24 [M2]                                              <Old Card Kept>
      88 :  35SIB G BM2W=0.059 14                                                            <Old Card Kept>
      89 :  35SIS G  CC=5.05E-5 7$KC=4.69E-5 7$LC=3.36E-6 5$MC=2.211E-7 31                   <New Card>
      92 :  35SI  G 715       4 14.6    16                                             K     <Old Card Kept>
      93 :  35SI  G 780       4 100     8                                              K     <Old Card Kept>
      96 :  35SI  G 1970      6 100                                                    K     <Old Card Kept>
     101 :  35SI  G 1134      5 100                                                    B     <Old Card Kept>
     108 :  35SI  G 1194.2    4 35      8                                                    <Old Card Kept>
     109 :  35SI  G 2168.2    6 100     20                                                   <Old Card Kept>
     113 :  35SI  G 2275      6 100                                                    K     <Old Card Kept>
     116 :  35SI  G 2377      7 100                                                    K     <Old Card Kept>
     123 :  35SI  G 3611      8 100                                                    K     <Old Card Kept>
