** Java program for fitting gammas&calculating feedings (version 06/03/2025) **
Generated at: Tue 06/10/2025 at 07:04:48 PM EDT

 Input file: D:\X\ND\A35\finished\Si35\new\Si35_35al_beta_decay_38.1_ms.ens
Report file: D:\X\ND\Files\Java_GABS.rpt
Output file: D:\X\ND\Files\Java_GABS.out


 assumptions for non-numerical uncertainties in RI and TI, unless otherwise specified:
    DRI                assumed %DRI        
    -----------        ------------        
    Empty              20
    LT or LE           50 for DRI(+); assumed RI=DRI(-)=%(100-this value)
    GT or GE           100000000 for DRI(+); assumed DRI(-)=0
    AP                 50
    CA                 50
    SY                 50

   * DCC theory=1.4% assumed if DCC not given
   * Uncertainty Limit=99 for rounding-up uncertainty in output


** Normalization factor NR is a multiplier for converting photon intensities (RI)
**    as given in the dataset to photons per 100 parent decays through the current
**    decay branch.
** NR in this analysis is determined by normalizing the sum of RI*(1+ICC) of all
**    gammas to ground state, to the input value given in the NB record at col#42
**    for %(Ig+ce) to GS through the current decay branch
** %IG and its uncertainty from this analysis is determined by %IG=RI*NR*BR, or
**    %IG=RI*NRBR if NRBR in PN record is present, as photons per 100 parent decays
**    (through all branches) for those gammas not involved in the deduction of NR.
**    For those used for normalization, %IG is directly determined independent of
**    NR to avoid over-estimation of uncertainty in the formula above, especially
**    when the input uncertainty in RI is large.

   * Gammas marked by "?" are also used in the fitting and intensity calculations
   * All gammas marked by "S" are ignored in the fitting and intensity calculations


##########################################################################################
        Report of gamma absolute intensities for dataset: << 35AL B- DECAY (38.1 MS) >>
##########################################################################################


*Input NR is used to calculate absolute intensities*

Input NR in N record: 0.47 
Input BR in N record: 1.0   (=1.0 if not given)

-------------------------------------------------------------------------------------------------------
     E(gamma)       RI              TI                    %IG                 %IG from NR            
                                                                        New NR*           Input NR   
-------------------------------------------------------------------------------------------------------
    1130.4  4      3.2  9      3.2      9            1.5                ---                1.5       
      5629  3      2.4 12      2.4     12            1.1                ---                1.1       
    910.11 30     99.7 19     99.7     19           46.9                ---               46.9       
      64.1  3      100         104                  47.0                ---               47.0       
    973.78 20     11.8 24     11.8     24            5.6                ---                5.6       
    1194.2  4      5.3 12      5.3     12            2.5                ---                2.5       
    2168.2  6       15  3       15      3            7.1                ---                7.1       
-------------------------------------------------------------------------------------------------------
NOTE: RI listed here are original values from the input file.
      TI from input or deduced from RI if not given in the input file.
      * %IG is present only for gammas used in normalization and
            others are the same as those in %IG column.



-----------------------------------------------------------------------------------------------------------------
                     Calculated Net Feeding from (gamma+ce) Intensity Balance at Each Level                      
-----------------------------------------------------------------------------------------------------------------
         Level        RI           RI         RI          TI           TI         TI          Net Feeding (%)  
                     (OUT)        (IN)       (NET)       (OUT)        (IN)       (NET)        CALC*       INPUT
-----------------------------------------------------------------------------------------------------------------
          0           0         127  4     -127  4        0         127  4    -127  4         -60 12      3.0 10
     909.95 23     99.7 19      100        -0.3 19     99.7 19   103.68  8    -4.0 19       -1.87 97            
     973.88 18    111.8 24      5.3 12      107  4    115.5 24      5.3 12     110  4          52          53   
    2168.16 36     20.3 32        0        20.3 32     20.3 32        0       20.3 32         9.5         9.7   
       3140           0           0           0           0           0          0              0         3.3  2
       3450           0           0           0           0           0          0              0         6.0  3
       3770           0           0           0           0           0          0              0         3.2  2
       5190           0           0           0           0           0          0              0         8.9  3
       5760           0           0           0           0           0          0              0         4.5  2
       6330           0           0           0           0           0          0              0         6.8  3
       7360           0           0           0           0           0          0              0         2.6  2
       7690           0           0           0           0           0          0              0         2.7  2

                                                                      Sum of Feedings=        61.3       104 11
-----------------------------------------------------------------------------------------------------------------
Input normalization factors:
  NR=   0.47       For normalizing RI to per 100 parent decays via this branch
  NT=              For normalizing TI to per 100 parent decays via this branch
  BR=    1.0       Branching ratio of this decay branch among all decay branches
  NB=    1.0       For normalizing IB to per 100 parent decays via this branch

* Calculated feedings are obtained using input NR if given.


End of report

