Java RULER 06/10/2025 calculation report        generated at: Wed 06/11/2025 at 03:19:34 PM EDT

   input file : D:\X\ND\A35\finished\Si35\new\Si35_adopted.ens
   output dir : D:\X\ND\Files
   output file: D:\X\ND\Files\ruler.out
   report file: D:\X\ND\Files\ruler.rpt

   Calculation settings:
     * relative uncertainty limit=10% for normal error propagation (Taylor expansion)
          If any of the variables, E, T1/2, MR-factor and RI, has relative uncertainty
          greater than this limit, this method is considered invalid.
     * use input CC in dataset, unless otherwise noted
     * DCC theory=1.4% assumed if DCC not given

     assumptions for non-numerical uncertainties in RI:
        DRI                assumed %DRI        
        -----------        ------------        
        Empty              20
        LT or LE           50 for DRI(+); assumed RI=DRI(-)=%(100-this value)
        GT or GE           100000000 for DRI(+); assumed DRI(-)=0
        AP                 50
        CA                 50
        SY                 50
        (same for MR and CC except for empty DCC where theory DCC assumed)
        If MR not given, each component is calculated as pure for MULT=M1+E2 or M1,E2

    ----------------------------------------------------------------------
     Uncertainties of BXLW will be adopted from the Monte-Carlo method
        (Number of sample points=10000)
     unless otherwise specified (for values as limits) in the report file.
    ----------------------------------------------------------------------

number of data blocks=1

Checking if BrIccs exists and works...
BrIccs=<BrIccS.exe> is working ok.

********************Dataset=<35SI: ADOPTED LEVELS, GAMMAS>******************************************

----------------------------------------------------------------------------------------------------
 35SI  L 909.95    23 (3/2)-           55 PS     14                             
 35SI  G 910.11    30 100       [E2]                                            
   
--->gamma#1-1: EG=910.11 30  BR(%g)=100  BR(%g+%ce)=100  Mult=[E2]  CC=4.13E-5 6
   
        Weisskopf single-particle B(XL)(s.p.)(down) and half-lives T1/2(s.p.) in second:
                     (uncertainties in T1/2 are from uncertainty in EG)
          L     B(EL)sp           B(ML)sp            L     T1/2(EL)sp          T1/2(ML)sp       
          1     6.8971E-03        1.7910E+00         1     8.386E-16   8       2.921E-14   3    
          2     6.8005E-04        1.7655E-01         2     1.3327E-10  22      4.643E-9    8    
          3     7.2765E-05        1.8890E-02         3     3.228E-5    8       0.001124    3    
          4     8.2380E-06        2.1389E-03         4     11.58       4       403.4       12   
   
* <1> Use uncertainties from <TAYLOR EXPANSION> error propagation:
   EL=909.95
   EG=910.11 30  BR(%g)=100  BR(%g+%ce)=100  Mult=[E2]  CC=4.13E-5 6
   T1/2(g)=5.5E-11 14 (sec)   T1/2(g+ce)=5.5E-11 14 (sec)
    BE2(UP)=8.24E-4 210             BE2(DOWN)=0.001648 420          BE2W=2.42 62 (RUL=100)

   **Results might be invalid due to limit or large relative uncertainties in input variables**
   ** dv/v >= 10% is considered large:
   **    T12:  25.5%     
  
* <2> Use uncertainties from <MINIMUM and MAXIMUM> of each variable:
   EL=909.95
   EG=910.11 30  BR(%g)=100  BR(%g+%ce)=100  Mult=[E2]  CC=4.13E-5 6
   T1/2(g)=5.5E-11 14 (sec)   T1/2(g+ce)=5.5E-11 14 (sec)
    BE2(UP)=8.24E-4 +283-168        BE2(DOWN)=0.00165 +57-34        BE2W=2.42 +83-50 (RUL=100)
  
* <3> Use uncertainties from <MONTE-CARLO> error propagation:
   EL=909.95
   EG=910.11 30  BR(%g)=100  BR(%g+%ce)=100  Mult=[E2]  CC=4.13E-5 6
   T1/2(g)=5.5E-11 14 (sec)   T1/2(g+ce)=5.5E-11 14 (sec)
    BE2(UP)=8.24E-4 +278-167        BE2(DOWN)=0.00165 +56-33        BE2W=2.42 +82-49 (RUL=100)
    BE2(UP)=8.21E-4 +281-164        BE2(DOWN)=0.00164 +56-33        BE2W=2.42 +83-48 (RUL=100) (Median)
  
#### suggested approach used for values below: MONTE-CARLO
     BE2W=2.4 +8-5 
     BE2UP=8.2E-4 +28-17 
     BE2DOWN=0.00164776 +19-11 
  
**** new line:  35SIB G BE2W=2.4 +8-5                                                          
  symmetrized:  35SIB G BE2W=2.6 7                                                             

----------------------------------------------------------------------------------------------------
 35SI  L 973.88    18 (3/2+)           5.9 NS    6                              
 35SI  G 64.1      3 100        [E1]                   0.0368 8                 
 35SI  G 973.78    20 11.8   24 [M2]                                            
   
--->gamma#2-1: EG=64.1 3  BR(%g)=86.6 18  BR(%g+%ce)=89.8 19  Mult=[E1]  CC=0.0368 8
   
        Weisskopf single-particle B(XL)(s.p.)(down) and half-lives T1/2(s.p.) in second:
                     (uncertainties in T1/2 are from uncertainty in EG)
          L     B(EL)sp           B(ML)sp            L     T1/2(EL)sp          T1/2(ML)sp       
          1     6.8971E-03        1.7910E+00         1     2.40E-12    4       8.36E-11    12   
          2     6.8005E-04        1.7655E-01         2     7.69E-5     18      0.00268     6    
          3     7.2765E-05        1.8890E-02         3     3.75E3      12      1.31E5      4    
          4     8.2380E-06        2.1389E-03         4     2.72E11     12      9.5E12      4    
   
* <1> Use uncertainties from <TAYLOR EXPANSION> error propagation:
   EL=973.88
   EG=64.1 3  BR(%g)=86.6 18  BR(%g+%ce)=89.8 19  Mult=[E1]  CC=0.0368 8
   T1/2(g)=6.8E-9 7 (sec)   T1/2(g+ce)=6.6E-9 7 (sec)
    BE1(UP)=2.430E-6 255            BE1(DOWN)=2.430E-6 255          BE1W=3.523E-4 369 (RUL=0.1)

   **Results might be invalid due to limit or large relative uncertainties in input variables**
   ** dv/v >= 10% is considered large:
   **    T12:  10.2%     
  
* <2> Use uncertainties from <MINIMUM and MAXIMUM> of each variable:
   EL=973.88
   EG=64.1 3  BR(%g)=86.7 19  BR(%g+%ce)=89.8 19  Mult=[E1]  CC=0.0368 8
   T1/2(g)=6.8E-9 +9-8 (sec)   T1/2(g+ce)=6.6E-9 8 (sec)
    BE1(UP)=2.430E-6 +374-301       BE1(DOWN)=2.430E-6 +374-301     BE1W=3.52E-4 +54-44 (RUL=0.1)
  
* <3> Use uncertainties from <MONTE-CARLO> error propagation:
   EL=973.88
   EG=64.1 3  BR(%g)=86.6 18  BR(%g+%ce)=89.8 19  Mult=[E1]  CC=0.0368 8
   T1/2(g)=6.8E-9 7 (sec)   T1/2(g+ce)=6.6E-9 7 (sec)
    BE1(UP)=2.430E-6 +281-233       BE1(DOWN)=2.430E-6 +281-233     BE1W=3.523E-4 +407-337 (RUL=0.1)
    BE1(UP)=2.431E-6 +280-234       BE1(DOWN)=2.431E-6 +280-234     BE1W=3.524E-4 +406-339 (RUL=0.1) (Median)
  
#### suggested approach used for values below: MONTE-CARLO
     BE1W=3.52E-4 +41-34 
     BE1UP=2.43E-6 +28-23 
     BE1DOWN=2.4297E-6 +20-16 
  
**** new line:  35SIB G BE1W=3.52E-4 +41-34                                                    
  symmetrized:  35SIB G BE1W=3.57E-4 37                                                        
**** old line:  35SIB G BE1W=0.00036 4                                                         
   
--->gamma#2-2: EG=973.78 20  BR(%g)=10.2 19  BR(%g+%ce)=10.2 +18-19  Mult=[M2]  CC=5.05E-5 7
   
        Weisskopf single-particle B(XL)(s.p.)(down) and half-lives T1/2(s.p.) in second:
                     (uncertainties in T1/2 are from uncertainty in EG)
          L     B(EL)sp           B(ML)sp            L     T1/2(EL)sp          T1/2(ML)sp       
          1     6.8971E-03        1.7910E+00         1     6.846E-16   4       2.3847E-14  15   
          2     6.8005E-04        1.7655E-01         2     9.504E-11   10      3.311E-9    4    
          3     7.2765E-05        1.8890E-02         3     2.011E-5    3       7.004E-4    10   
          4     8.2380E-06        2.1389E-03         4     6.302       12      219.5       4    
   
* <1> Use uncertainties from <TAYLOR EXPANSION> error propagation:
   EL=973.88
   EG=973.78 20  BR(%g)=10.2 19  BR(%g+%ce)=10.2 19  Mult=[M2]  CC=5.05E-5 7
   T1/2(g)=5.8E-8 12 (sec)   T1/2(g+ce)=5.8E-8 12 (sec)
    BM2(UP)=0.00506 106             BM2(DOWN)=0.01012 212           BM2W=0.0573 120 (RUL=3)

   **Results might be invalid due to limit or large relative uncertainties in input variables**
   ** dv/v >= 10% is considered large:
   **    RI:  20.3%     T12:  10.2%     
  
* <2> Use uncertainties from <MINIMUM and MAXIMUM> of each variable:
   EL=973.88
   EG=973.78 20  BR(%g)=10.2 19  BR(%g+%ce)=10.2 19  Mult=[M2]  CC=5.05E-5 7
   T1/2(g)=5.8E-8 +21-14 (sec)   T1/2(g+ce)=5.8E-8 +21-14 (sec)
    BM2(UP)=0.00506 +159-133        BM2(DOWN)=0.01012 +319-266      BM2W=0.0573 +181-151 (RUL=3)
  
* <3> Use uncertainties from <MONTE-CARLO> error propagation:
   EL=973.88
   EG=973.78 20  BR(%g)=10.2 19  BR(%g+%ce)=10.2 +18-19  Mult=[M2]  CC=5.05E-5 7
   T1/2(g)=5.8E-8 +15-11 (sec)   T1/2(g+ce)=5.8E-8 +15-11 (sec)
    BM2(UP)=0.00506 +112-102        BM2(DOWN)=0.01012 +224-203      BM2W=0.0573 +127-115 (RUL=3)
    BM2(UP)=0.00506 +112-102        BM2(DOWN)=0.01013 +224-204      BM2W=0.0574 +127-115 (RUL=3) (Median)
  
#### suggested approach used for values below: MONTE-CARLO
     BM2W=0.057 +13-12 
     BM2UP=0.0051 +11-10 
     BM2DOWN=0.01012 +20-18 
  
**** new line:  35SIB G BM2W=0.057 +13-12                                                      
  symmetrized:  35SIB G BM2W=0.058 12                                                          
**** old line:  35SIB G BM2W=0.059 14                                                          


Done calculations!
0 warning for calculated transition strengths.

   # of bricc calculations: 1
            Total time (s): 0.032
  average time/calculation: 0.032

# of gammas in calculation: 3
