Java RULER 02/18/2025 calculation report        generated at: Mon 03/24/2025 at 04:15:16 PM EDT

   input file : D:\X\ND\Files\A35\finished\P35\new\P35_adopted.ens
   output dir : D:\X\ND\Files\A35\finished\P35\temp_merge
   output file: D:\X\ND\Files\A35\finished\P35\temp_merge\ruler.out
   report file: D:\X\ND\Files\A35\finished\P35\temp_merge\ruler.rpt

   Calculation settings:
     * relative uncertainty limit=10% for normal error propagation (Taylor expansion)
          If any of the variables, E, T1/2, MR-factor and RI, has relative uncertainty
          greater than this limit, this method is considered invalid.
     * use input CC in dataset, unless otherwise noted
     * DCC theory=1.4% assumed if DCC not given

     assumptions for non-numerical uncertainties in RI:
        DRI                assumed %DRI        
        -----------        ------------        
        Empty              20
        LT or LE           50 for DRI(+); assumed RI=DRI(-)=%(100-this value)
        GT or GE           100000000 for DRI(+); assumed DRI(-)=0
        AP                 50
        CA                 50
        SY                 50
        (same for MR and CC except for empty DCC where theory DCC assumed)
        If MR not given, each component is calculated as pure for MULT=M1+E2 or M1,E2

    ----------------------------------------------------------------------
     Uncertainties of BXLW will be adopted from the Monte-Carlo method
        (Number of sample points=10000)
     unless otherwise specified (for values as limits) in the report file.
    ----------------------------------------------------------------------

number of data blocks=1

Checking if BrIccs exists and works...
BrIccs=<BrIccS.exe> is working ok.

********************Dataset=<35P: ADOPTED LEVELS, GAMMAS>*******************************************

----------------------------------------------------------------------------------------------------
 35P   L 2386.9    11 3/2+             0.69 PS   LT                             
 35P   G 2386.3    6 100        [M1,E2]                                         
   
--->gamma#1-1: EG=2386.3 6  BR(%g)=99.9540 50  BR(%g+%ce)=100  Mult=[M1,E2]  CC=0.00046 5
   
        Weisskopf single-particle B(XL)(s.p.)(down) and half-lives T1/2(s.p.) in second:
                     (uncertainties in T1/2 are from uncertainty in EG)
          L     B(EL)sp           B(ML)sp            L     T1/2(EL)sp          T1/2(ML)sp       
          1     6.8971E-03        1.7910E+00         1     4.652E-17   4       1.6205E-15  12   
          2     6.8005E-04        1.7655E-01         2     1.0754E-12  14      3.747E-11   5    
          3     7.2765E-05        1.8890E-02         3     3.789E-8    7       1.3198E-6   23   
          4     8.2380E-06        2.1389E-03         4     0.001977    5       0.06888     16   
   
* <1> Use uncertainties from <TAYLOR EXPANSION> error propagation:
   EL=2386.9
   EG=2386.3 6  BR(%g)=99.9540 50  BR(%g+%ce)=100  Mult=[M1,E2]  CC=0.00046 5
   T1/2(g) LT 6.90E-13 (sec)   T1/2(g+ce) LT 6.90E-13 (sec)
    BM1(UP)>0.0                     BM1(DOWN)>0.0                   BM1W>0.0 (RUL=10)
           =0.0<BM1(UP)<0.0336               =0.0<BM1(DOWN)<0.0168      =0.0<BM1W<0.00939  (original)
    BE2(UP)>0.0                     BE2(DOWN)>0.0                   BE2W>0.0 (RUL=100)
           =0.0<BE2(UP)<0.00848              =0.0<BE2(DOWN)<0.00424     =0.0<BE2W<6.23  (original)

   **Results might be invalid due to limit or large relative uncertainties in input variables**
   ** dv/v >= 10% is considered large:
   **    T12:  100.0%    
  
* <2> Use uncertainties from <MINIMUM and MAXIMUM> of each variable:
   EL=2386.9
   EG=2386.3 6  BR(%g)=99.9540 50  BR(%g+%ce)=100  Mult=[M1,E2]  CC=0.00046 5
   T1/2(g)=3.5E-13 35 (sec)   T1/2(g+ce) LT 6.90E-13 (sec)
    BM1(UP)>0.0084                  BM1(DOWN)>0.0042                BM1W>0.00235 (RUL=10)  (symmetrized)
           =0.0084<BM1(UP)<141185            =0.0042<BM1(DOWN)<70592    =0.00235<BM1W<39415  (original)
    BE2(UP)>0.00212                 BE2(DOWN)>0.00106               BE2W>1.56 (RUL=100)  (symmetrized)
           =0.00212<BE2(UP)<35595            =0.00106<BE2(DOWN)<17797    =1.56<BE2W<2.62E7  (original)
  
* <3> Use uncertainties from <MONTE-CARLO> error propagation:
   EL=2386.9
   EG=2386.3 6  BR(%g)=99.954 5  BR(%g+%ce)=100  Mult=[M1,E2]  CC=0.00046 5
   T1/2(g) LT 3.45E-13 (sec)   T1/2(g+ce) LT 6.90E-13 (sec)
    BM1(UP)>0.0157                  BM1(DOWN)>0.00784               BM1W>0.00438 (RUL=10)  (symmetrized)
           =0.0157<BM1(UP)<43570             =0.00784<BM1(DOWN)<21785    =0.00438<BM1W<12164  (original)
      (T1/2 is limit. Monte-Carlo approach is not suitable.)
    BE2(UP)>0.00395                 BE2(DOWN)>0.00198               BE2W>2.9 (RUL=100)  (symmetrized)
           =0.00395<BE2(UP)<10978            =0.00198<BE2(DOWN)<5489    =2.9<BE2W<8071333  (original)
      (T1/2 is limit. Monte-Carlo approach is not suitable.)
  
  ** Minimum and Maximum approach is adopted due to limits in input values **
  **   Results from other approaches might not be reliable for such case   **
  
**** new line:  35P  cG $B(M1)(W.u.)>0.0023 if M1, B(E2)(W.u.)>1.6 if E2                       

----------------------------------------------------------------------------------------------------
 35P   L 3860.4    11 5/2+             0.69 PS   LT                             
 35P   G 1473.5    5 15.6    14 [M1,E2]                                         
 35P   G 3860.2    10 100.0  32 [E2]                   1.12E-3 2                
   
--->gamma#2-1: EG=1473.5 5  BR(%g)=13.5 14  BR(%g+%ce)=13.5 14  Mult=[M1,E2]  CC=8.3E-5 13
   
        Weisskopf single-particle B(XL)(s.p.)(down) and half-lives T1/2(s.p.) in second:
                     (uncertainties in T1/2 are from uncertainty in EG)
          L     B(EL)sp           B(ML)sp            L     T1/2(EL)sp          T1/2(ML)sp       
          1     6.8971E-03        1.7910E+00         1     1.9759E-16  20      6.883E-15   7    
          2     6.8005E-04        1.7655E-01         2     1.1980E-11  20      4.174E-10   7    
          3     7.2765E-05        1.8890E-02         3     1.107E-6    3       3.856E-5    9    
          4     8.2380E-06        2.1389E-03         4     0.1515      5       5.278       16   
   
* <1> Use uncertainties from <TAYLOR EXPANSION> error propagation:
   EL=3860.4
   EG=1473.5 5  BR(%g)=13.5 11  BR(%g+%ce)=13.5 11  Mult=[M1,E2]  CC=8.3E-5 13
   T1/2(g)=2.6E-12 26 (sec)   T1/2(g+ce)=2.6E-12 26 (sec)
    BM1(UP)>3.43E-6                 BM1(DOWN)>0.0                   BM1W>0.0 (RUL=10)  (symmetrized)
           =0.0072 72                        =0.00483 483               =0.00270 270  (original)
    BE2(UP)>0.0                     BE2(DOWN)>0.0                   BE2W>0.0 (RUL=100)
            0.00479 479                       0.00319 319                4.69 469  (symmetrized)
           =0.00479 479                      =0.00318 +320-318          =4.68 +470-468  (original)

   **Results might be invalid due to limit or large relative uncertainties in input variables**
   ** dv/v >= 10% is considered large:
   **    T12:  100.0%    
  
* <2> Use uncertainties from <MINIMUM and MAXIMUM> of each variable:
   EL=3860.4
   EG=1473.5 5  BR(%g)=13.5 14  BR(%g+%ce)=13.5 14  Mult=[M1,E2]  CC=8.3E-5 13
   T1/2(g)=2.6E-12 +32-26 (sec)   T1/2(g+ce)=2.6E-12 +32-26 (sec)
    BM1(UP)>0.00323                 BM1(DOWN)>0.00216               BM1W>0.0012 (RUL=10)  (symmetrized)
           =0.00323<BM1(UP)<67168            =0.00216<BM1(DOWN)<44779    =0.0012<BM1W<25002  (original)
    BE2(UP)>0.00214                 BE2(DOWN)>0.00142               BE2W>2.09 (RUL=100)  (symmetrized)
           =0.00214<BE2(UP)<44421            =0.00142<BE2(DOWN)<29614    =2.09<BE2W<4.35E7  (original)
  
* <3> Use uncertainties from <MONTE-CARLO> error propagation:
   EL=3860.4
   EG=1473.5 5  BR(%g)=13.5 11  BR(%g+%ce)=13.5 11  Mult=[M1,E2]  CC=8.3E-5 13
   T1/2(g) LT 2.56E-12 (sec)   T1/2(g+ce) LT 2.56E-12 (sec)
    BM1(UP)>0.00529                 BM1(DOWN)>0.00353               BM1W>0.00197 (RUL=10)  (symmetrized)
           =0.00529<BM1(UP)<20487            =0.00353<BM1(DOWN)<13658    =0.00197<BM1W<7626  (original)
      (T1/2 is limit. Monte-Carlo approach is not suitable.)
    BE2(UP)>0.00349                 BE2(DOWN)>0.00233               BE2W>3.43 (RUL=100)  (symmetrized)
           =0.00349<BE2(UP)<13542            =0.00233<BE2(DOWN)<9028    =3.43<BE2W<1.33E7  (original)
      (T1/2 is limit. Monte-Carlo approach is not suitable.)
  
  ** Minimum and Maximum approach is adopted due to limits in input values **
  **   Results from other approaches might not be reliable for such case   **
  
**** new line:  35P  cG $B(M1)(W.u.)>0.0012 if M1, B(E2)(W.u.)>2.1 if E2                       
   
--->gamma#2-2: EG=3860.2 10  BR(%g)=86.4 14  BR(%g+%ce)=86.5 14  Mult=[E2]  CC=1.12E-3 2
   
        Weisskopf single-particle B(XL)(s.p.)(down) and half-lives T1/2(s.p.) in second:
                     (uncertainties in T1/2 are from uncertainty in EG)
          L     B(EL)sp           B(ML)sp            L     T1/2(EL)sp          T1/2(ML)sp       
          1     6.8971E-03        1.7910E+00         1     1.0990E-17  9       3.828E-16   3    
          2     6.8005E-04        1.7655E-01         2     9.708E-14   13      3.382E-12   5    
          3     7.2765E-05        1.8890E-02         3     1.3070E-9   24      4.553E-8    8    
          4     8.2380E-06        2.1389E-03         4     2.607E-5    6       9.080E-4    21   
   
* <1> Use uncertainties from <TAYLOR EXPANSION> error propagation:
   EL=3860.4
   EG=3860.2 10  BR(%g)=86.4 11  BR(%g+%ce)=86.5 11  Mult=[E2]  CC=1.12E-3 2
   T1/2(g)=4.0E-13 40 (sec)   T1/2(g+ce)=4.0E-13 40 (sec)
    BE2(UP)>5.78E-9                 BE2(DOWN)>1.93E-9               BE2W>2.83E-6 (RUL=100)  (symmetrized)
           =4.96E-4 496                      =1.65E-4 165               =0.243 243  (original)

   **Results might be invalid due to limit or large relative uncertainties in input variables**
   ** dv/v >= 10% is considered large:
   **    T12:  100.0%    
  
* <2> Use uncertainties from <MINIMUM and MAXIMUM> of each variable:
   EL=3860.4
   EG=3860.2 10  BR(%g)=86.4 14  BR(%g+%ce)=86.5 14  Mult=[E2]  CC=1.12E-3 2
   T1/2(g)=4.0E-13 +41-40 (sec)   T1/2(g+ce)=4.0E-13 +41-40 (sec)
    BE2(UP)>2.44E-4                 BE2(DOWN)>8.12E-5               BE2W>0.119 (RUL=100)  (symmetrized)
           =2.44E-4<BE2(UP)<4235             =8.12E-5<BE2(DOWN)<1412    =0.119<BE2W<2075732  (original)
  
* <3> Use uncertainties from <MONTE-CARLO> error propagation:
   EL=3860.4
   EG=3860.2 10  BR(%g)=86.4 11  BR(%g+%ce)=86.5 11  Mult=[E2]  CC=1.12E-3 2
   T1/2(g) LT 3.99E-13 (sec)   T1/2(g+ce) LT 3.99E-13 (sec)
    BE2(UP)>4.52E-4                 BE2(DOWN)>1.51E-4               BE2W>0.222 (RUL=100)  (symmetrized)
           =4.52E-4<BE2(UP)<1410             =1.51E-4<BE2(DOWN)<470     =0.222<BE2W<690919  (original)
      (T1/2 is limit. Monte-Carlo approach is not suitable.)
  
  ** Minimum and Maximum approach is adopted due to limits in input values **
  **   Results from other approaches might not be reliable for such case   **
  
**** new line:  35P B G BE2W GT 0.12                                                           

----------------------------------------------------------------------------------------------------
 35P   L 4101.7    11 (7/2-)           69 PS     GT                             
 35P   G 241.3     5 100     7  [E1]                                        A   
 35P   G 1714.8    6 6.6     17 [M2]                                        A   
 35P   G 4101.4    10 54     8  [E3]                                        A   
   
--->gamma#3-1: EG=241.3 5  BR(%g)=62 +6-5  BR(%g+%ce)=62 +6-5  Mult=[E1]  CC=0.000665 10
   
        Weisskopf single-particle B(XL)(s.p.)(down) and half-lives T1/2(s.p.) in second:
                     (uncertainties in T1/2 are from uncertainty in EG)
          L     B(EL)sp           B(ML)sp            L     T1/2(EL)sp          T1/2(ML)sp       
          1     6.8971E-03        1.7910E+00         1     4.50E-14    3       1.567E-12   10   
          2     6.8005E-04        1.7655E-01         2     1.017E-7    11      3.54E-6     4    
          3     7.2765E-05        1.8890E-02         3     0.351       5       12.21       18   
          4     8.2380E-06        2.1389E-03         4     1.79E6      3       6.23E7      12   
   
* <1> Use uncertainties from <TAYLOR EXPANSION> error propagation:
   EL=4101.7
   EG=241.3 5  BR(%g)=62.2 36  BR(%g+%ce)=62.3 36  Mult=[E1]  CC=0.000665 10
   T1/2(g) GT 1.05E-10 (sec)   T1/2(g+ce) GT 1.04E-10 (sec)
    BE1(UP)<3.95E-6                 BE1(DOWN)<2.96E-6               BE1W<4.29E-4 (RUL=0.1)
           =3.7E-6 +2-37                     =2.8E-6 +2-28              =4.1E-4 +2-41  (original)

   **Results might be invalid due to limit or large relative uncertainties in input variables**
   ** dv/v >= 10% is considered large:
   **    T12 is limit       
  
* <2> Use uncertainties from <MINIMUM and MAXIMUM> of each variable:
   EL=4101.7
   EG=241.3 5  BR(%g)=62 +6-5  BR(%g+%ce)=62 +6-5  Mult=[E1]  CC=0.000665 10
   T1/2(g) GT 1.02E-10 (sec)   T1/2(g+ce) GT 1.02E-10 (sec)
    BE1(UP)<4.09E-6                 BE1(DOWN)<3.06E-6               BE1W<4.44E-4 (RUL=0.1)
           =3.7E-6 +4-37                     =2.8E-6 +3-28              =4.1E-4 +4-41  (original)
  
* <3> Use uncertainties from <MONTE-CARLO> error propagation:
   EL=4101.7
   EG=241.3 5  BR(%g)=62.2 36  BR(%g+%ce)=62.3 37  Mult=[E1]  CC=0.000665 10
   T1/2(g) GT 9.61E-11 (sec)   T1/2(g+ce) GT 9.31E-11 (sec)
    BE1(UP)<3.73E-6                 BE1(DOWN)<2.80E-6               BE1W<4.06E-4 (RUL=0.1)
           =3.73E-6 +0-373                   =2.80E-6 +0-280            =4.06E-4 +0-406  (original)
      (T1/2 is limit. Monte-Carlo approach is not suitable.)
  
  ** Minimum and Maximum approach is adopted due to limits in input values **
  **   Results from other approaches might not be reliable for such case   **
  
**** new line:  35P B G BE1W LT 4.4E-4                                                         
   
--->gamma#3-2: EG=1714.8 6  BR(%g)=4.1 +15-13  BR(%g+%ce)=4.1 +15-13  Mult=[M2]  CC=7.93E-5 11
   
        Weisskopf single-particle B(XL)(s.p.)(down) and half-lives T1/2(s.p.) in second:
                     (uncertainties in T1/2 are from uncertainty in EG)
          L     B(EL)sp           B(ML)sp            L     T1/2(EL)sp          T1/2(ML)sp       
          1     6.8971E-03        1.7910E+00         1     1.2537E-16  13      4.367E-15   5    
          2     6.8005E-04        1.7655E-01         2     5.612E-12   10      1.955E-10   4    
          3     7.2765E-05        1.8890E-02         3     3.829E-7    10      1.334E-5    3    
          4     8.2380E-06        2.1389E-03         4     0.03870     12      1.348       4    
   
* <1> Use uncertainties from <TAYLOR EXPANSION> error propagation:
   EL=4101.7
   EG=1714.8 6  BR(%g)=4.1 11  BR(%g+%ce)=4.1 11  Mult=[M2]  CC=7.93E-5 11
   T1/2(g) GT 1.25E-9 (sec)   T1/2(g+ce) GT 1.25E-9 (sec)
    BM2(UP)<0.0516                  BM2(DOWN)<0.0258                BM2W<0.146 (RUL=3)
           =0.0411 +105-411                  =0.0205 +53-205            =0.12 +3-12  (original)

   **Results might be invalid due to limit or large relative uncertainties in input variables**
   ** dv/v >= 10% is considered large:
   **    RI:  25.8%     T12 is limit       
  
* <2> Use uncertainties from <MINIMUM and MAXIMUM> of each variable:
   EL=4101.7
   EG=1714.8 6  BR(%g)=4.1 +15-13  BR(%g+%ce)=4.1 +15-13  Mult=[M2]  CC=7.93E-5 11
   T1/2(g) GT 1.23E-9 (sec)   T1/2(g+ce) GT 1.23E-9 (sec)
    BM2(UP)<0.0564                  BM2(DOWN)<0.0282                BM2W<0.16 (RUL=3)
           =0.0411 +154-411                  =0.0205 +77-205            =0.1 1  (original)
  
* <3> Use uncertainties from <MONTE-CARLO> error propagation:
   EL=4101.7
   EG=1714.8 6  BR(%g)=4.1 11  BR(%g+%ce)=4.1 11  Mult=[M2]  CC=7.93E-5 11
   T1/2(g) GT 9.47E-10 (sec)   T1/2(g+ce) GT 9.63E-10 (sec)
    BM2(UP)<0.0411                  BM2(DOWN)<0.0205                BM2W<0.116 (RUL=3)
           =0.0411 +0-411                    =0.0205 +0-205             =0.116 +0-116  (original)
      (T1/2 is limit. Monte-Carlo approach is not suitable.)
  
  ** Minimum and Maximum approach is adopted due to limits in input values **
  **   Results from other approaches might not be reliable for such case   **
  
**** new line:  35P B G BM2W LT 0.16                                                           
   
--->gamma#3-3: EG=4101.4 10  BR(%g)=34 5  BR(%g+%ce)=34 5  Mult=[E3]  CC=0.000924 13
   
        Weisskopf single-particle B(XL)(s.p.)(down) and half-lives T1/2(s.p.) in second:
                     (uncertainties in T1/2 are from uncertainty in EG)
          L     B(EL)sp           B(ML)sp            L     T1/2(EL)sp          T1/2(ML)sp       
          1     6.8971E-03        1.7910E+00         1     9.163E-18   7       3.1917E-16  24   
          2     6.8005E-04        1.7655E-01         2     7.170E-14   9       2.498E-12   3    
          3     7.2765E-05        1.8890E-02         3     8.551E-10   15      2.979E-8    5    
          4     8.2380E-06        2.1389E-03         4     1.511E-5    3       5.263E-4    12   
   
* <1> Use uncertainties from <TAYLOR EXPANSION> error propagation:
   EL=4101.7
   EG=4101.4 10  BR(%g)=33.6 36  BR(%g+%ce)=33.6 36  Mult=[E3]  CC=0.000924 13
   T1/2(g) GT 1.83E-10 (sec)   T1/2(g+ce) GT 1.83E-10 (sec)
    BE3(UP)<0.00134                 BE3(DOWN)<3.36E-4               BE3W<4.61 (RUL=100)
           =0.0012 +1-12                     =3.0E-4 +3-30              =4 +1-4  (original)

   **Results might be invalid due to limit or large relative uncertainties in input variables**
   ** dv/v >= 10% is considered large:
   **    RI:  14.8%     T12 is limit       
  
* <2> Use uncertainties from <MINIMUM and MAXIMUM> of each variable:
   EL=4101.7
   EG=4101.4 10  BR(%g)=34 5  BR(%g+%ce)=34 5  Mult=[E3]  CC=0.000924 13
   T1/2(g) GT 1.78E-10 (sec)   T1/2(g+ce) GT 1.78E-10 (sec)
    BE3(UP)<0.0014                  BE3(DOWN)<3.50E-4               BE3W<4.81 (RUL=100)
           =0.0012 +2-12                     =3E-4 +1-3                 =4.16 +65-416  (original)
  
* <3> Use uncertainties from <MONTE-CARLO> error propagation:
   EL=4101.7
   EG=4101.4 10  BR(%g)=33.6 +35-38  BR(%g+%ce)=33.5 36  Mult=[E3]  CC=0.000924 13
   T1/2(g) GT 1.53E-10 (sec)   T1/2(g+ce) GT 1.54E-10 (sec)
    BE3(UP)<0.00121                 BE3(DOWN)<3.03E-4               BE3W<4.16 (RUL=100)
           =0.00121 +0-121                   =3.03E-4 +0-303            =4.16 +0-416  (original)
      (T1/2 is limit. Monte-Carlo approach is not suitable.)
  
  ** Minimum and Maximum approach is adopted due to limits in input values **
  **   Results from other approaches might not be reliable for such case   **
  
**** new line:  35P B G BE3W LT 4.8                                                            

----------------------------------------------------------------------------------------------------
 35P   L 4494.1    12 (7/2-)           2.29 PS   49                             
 35P   G 392.3     3 100     5 [M1+E2]   0.22    LT                             
 35P   G 633.6     5 34      5 [E1]                                             
   
--->gamma#2-1: EG=392.3 3  BR(%g)=74.6 37  BR(%g+%ce)=74.6 37  Mult=[M1+E2]  MR=0.22 LT  CC=0.000199 12
   
        Weisskopf single-particle B(XL)(s.p.)(down) and half-lives T1/2(s.p.) in second:
                     (uncertainties in T1/2 are from uncertainty in EG)
          L     B(EL)sp           B(ML)sp            L     T1/2(EL)sp          T1/2(ML)sp       
          1     6.8971E-03        1.7910E+00         1     1.0471E-14  24      3.647E-13   9    
          2     6.8005E-04        1.7655E-01         2     8.96E-9     4       3.120E-7    12   
          3     7.2765E-05        1.8890E-02         3     0.01167     6       0.4067      22   
          4     8.2380E-06        2.1389E-03         4     2.254E4     16      7.85E5      6    
   
* <1> Use uncertainties from <TAYLOR EXPANSION> error propagation:
   EL=4494.1
   EG=392.3 3  BR(%g)=74.6 30  BR(%g+%ce)=74.6 30  Mult=[M1+E2]  MR=0.22 LT  CC=0.000199 12
   T1/2(g)=3.1E-12 7 (sec)   T1/2(g+ce)=3.1E-12 7 (sec)
    BM1(UP)=0.2103 460              BM1(DOWN)=0.2103 460            BM1W=0.1174 257 (RUL=10)  (symmetrized)
    BE2(UP)=0.0237 +472-237         BE2(DOWN)=0.0237 +472-237       BE2W=35 +70-35 (RUL=100)
  
>>>>>>> Warning: BE2W LT 104 upper limit exceeds RUL=100

   **Results might be invalid due to limit or large relative uncertainties in input variables**
   ** dv/v >= 10% is considered large:
   **    T12:  21.4%     MR:  100.0%    MR_factor(L+1):  197.6%    
  
* <2> Use uncertainties from <MINIMUM and MAXIMUM> of each variable:
   EL=4494.1
   EG=392.3 3  BR(%g)=74.6 37  BR(%g+%ce)=74.6 37  Mult=[M1+E2]  MR=0.22 LT  CC=0.000199 12
   T1/2(g)=3.1E-12 +9-8 (sec)   T1/2(g+ce)=3.1E-12 +9-8 (sec)
    BM1(UP)=0.210 +75-52            BM1(DOWN)=0.210 +75-52          BM1W=0.1174 +417-289 (RUL=10)
    BE2(UP)=0.024 +99-24            BE2(DOWN)=0.024 +99-24          BE2W=35 +146-35 (RUL=100)
  
>>>>>>> Warning: BE2W LT 181 upper limit exceeds RUL=100
  
* <3> Use uncertainties from <MONTE-CARLO> error propagation:
   EL=4494.1
   EG=392.3 3  BR(%g)=74.6 +31-29  BR(%g+%ce)=74.6 30  Mult=[M1+E2]  MR=0.22 LT  CC=0.000199 12
   T1/2(g)=3.1E-12 7 (sec)   T1/2(g+ce)=3.1E-12 7 (sec)
    BM1(UP)=0.210 +62-36            BM1(DOWN)=0.210 +62-36          BM1W=0.1174 +346-198 (RUL=10)
    BM1(UP)=0.213 +60-38            BM1(DOWN)=0.213 +60-38          BM1W=0.1188 +332-212 (RUL=10) (Median)
    BE2(UP)=0.0237 +0-237           BE2(DOWN)=0.0237 +0-237         BE2W=34.9 +0-349 (RUL=100)
    2.07E-16<BE2(UP)<9.49E-5        2.07E-16<BE2(DOWN)<9.49E-5      3.04E-13<BE2W<0.14 (RUL=100) (Median)  (symmetrized)
  
  ** Minimum and Maximum approach is adopted due to limits in input values **
  **   Results from other approaches might not be reliable for such case   **
  
**** new line:  35P B G BM1W=0.117 +42-29                                                      
**** old line:  35P B G BM1W=0.117 +42-29                                                      
   
--->gamma#2-2: EG=633.6 5  BR(%g)=25.4 +28-30  BR(%g+%ce)=25.3 30  Mult=[E1]  CC=4.64E-5 7
   
        Weisskopf single-particle B(XL)(s.p.)(down) and half-lives T1/2(s.p.) in second:
                     (uncertainties in T1/2 are from uncertainty in EG)
          L     B(EL)sp           B(ML)sp            L     T1/2(EL)sp          T1/2(ML)sp       
          1     6.8971E-03        1.7910E+00         1     2.485E-15   6       8.657E-14   21   
          2     6.8005E-04        1.7655E-01         2     8.15E-10    3       2.839E-8    11   
          3     7.2765E-05        1.8890E-02         3     4.072E-4    23      0.01419     8    
          4     8.2380E-06        2.1389E-03         4     301.5       22      1.050E4     8    
   
* <1> Use uncertainties from <TAYLOR EXPANSION> error propagation:
   EL=4494.1
   EG=633.6 5  BR(%g)=25.4 30  BR(%g+%ce)=25.4 30  Mult=[E1]  CC=4.64E-5 7
   T1/2(g)=9.0E-12 22 (sec)   T1/2(g+ce)=9.0E-12 22 (sec)
    BE1(UP)=2.53E-6 62              BE1(DOWN)=1.899E-6 462          BE1W=2.75E-4 67 (RUL=0.1)

   **Results might be invalid due to limit or large relative uncertainties in input variables**
   ** dv/v >= 10% is considered large:
   **    RI:  14.7%     T12:  21.4%     
  
* <2> Use uncertainties from <MINIMUM and MAXIMUM> of each variable:
   EL=4494.1
   EG=633.6 5  BR(%g)=25.4 37  BR(%g+%ce)=25.4 37  Mult=[E1]  CC=4.64E-5 7
   T1/2(g)=9.0E-12 +38-29 (sec)   T1/2(g+ce)=9.0E-12 +38-29 (sec)
    BE1(UP)=2.53E-6 +117-76         BE1(DOWN)=1.90E-6 +88-57        BE1W=2.75E-4 +128-82 (RUL=0.1)
  
* <3> Use uncertainties from <MONTE-CARLO> error propagation:
   EL=4494.1
   EG=633.6 5  BR(%g)=25.4 +28-30  BR(%g+%ce)=25.3 30  Mult=[E1]  CC=4.64E-5 7
   T1/2(g)=9.0E-12 +24-21 (sec)   T1/2(g+ce)=9.0E-12 +24-21 (sec)
    BE1(UP)=2.53E-6 +76-53          BE1(DOWN)=1.90E-6 +57-40        BE1W=2.75E-4 +83-58 (RUL=0.1)
    BE1(UP)=2.52E-6 +77-52          BE1(DOWN)=1.89E-6 +58-39        BE1W=2.74E-4 +84-56 (RUL=0.1) (Median)
  
**** new line:  35P B G BE1W=2.8E-4 +8-6                                                       
  symmetrized:  35P B G BE1W=2.9E-4 7                                                          
**** old line:  35P B G BE1W=2.8E-4 +8-6                                                       


Done calculations!
2 warnings for calculated transition strengths.
    (see warning messages starting with >>>>>)

   # of bricc calculations: 1
            Total time (s): 0.188
  average time/calculation: 0.188

# of gammas in calculation: 8
