Program for consistency check: output for Error and Warnings (version 02/26/2025)
Generated at: Mon 03/24/2025 at 03:11:03 PM EDT

################################################################################
In Adopted dataset of 35P

 35P   L 4382.0    12 5/2,7/2,9/2(-)                                            
 35P   G 1994.9    6 100                                                        
                     *                                                            <W> check Jf&Ji for deltaJ>2 for gamma=1994.9
                                                                                        JI=5/2,7/2,9/2(-) JF(2386.9)=3/2+
 35P   L 5561.0    13 5/2-,7/2-,9/2-                                            
 35P   G 3173.5    10 100    17                                                 
                     *                                                            <W> check Jf&Ji for deltaJ>2 for gamma=3173.5
                                                                                        JI=5/2-,7/2-,9/2- JF(2386.9)=3/2+

################################################################################
In dataset of 35P: XA 35SI B- DECAY (0.78 S)     XREF Tag=A

 35P   L 4381.3    8                                                           ?
                     *                                                            <W> JPI commented from Adopted but empty
                                                                                        Adopted JPI=5/2,7/2,9/2(-) this JPI=
 35P   L 4869.4    6                                                            
                     *                                                            <W> JPI commented from Adopted but empty
                                                                                        Adopted JPI=(5/2-,7/2-,9/2-) this JPI=
 35P   L 5560.7    7                                                            
                     *                                                            <W> JPI commented from Adopted but empty
                                                                                        Adopted JPI=5/2-,7/2-,9/2- this JPI=

################################################################################
In dataset of 35P: XE 9BE(36S,35PG)     XREF Tag=E

 35P   L 4101      2  (7/2-)                                                A   
 35P   G 237       2                                                            
         *                                                                        <W> Check discrepancy in gamma energies:
                                                                                          this energy=237      Adopted=241.3
 35P   L 4383      3                                                        A   
                     *                                                            <W> JPI commented from Adopted but empty
                                                                                        Adopted JPI=5/2,7/2,9/2(-) this JPI=

################################################################################
In dataset of 35P: XK 208PB(36S,XG)     XREF Tag=K

 35P   L 4381.9    10                                                           
                     *                                                            <W> JPI commented from Adopted but empty
                                                                                        Adopted JPI=5/2,7/2,9/2(-) this JPI=
 35P   L 4869.0    8                                                            
                     *                                                            <W> JPI commented from Adopted but empty
                                                                                        Adopted JPI=(5/2-,7/2-,9/2-) this JPI=
 35P   L 5560.1    12                                                           
                     *                                                            <W> JPI commented from Adopted but empty
                                                                                        Adopted JPI=5/2-,7/2-,9/2- this JPI=


End of report
