                 Program BrIcc v2.3e (17-Jun-2020)               
 
  Theoretical Dirac-Fock conversion coefficients based on the "Frozen Orbital"
                         Approximation
  ICC data file:  D:\X\ND\Files\A35\finished\P35\temp_merge\BrIccFOV22.icc
  ICC index file: D:\X\ND\Files\A35\finished\P35\temp_merge\BrIccFOV22.idx
  Average difference between experimental and theoretical ICC: -1.01(21)%
  Average difference between interpolated and theoretical ICC: +0.0(3)%
  Adopted theoretical uncertainty:  1.4% of the ICC
  Minimum CC value to put on G-record: 1.00E-03
  Assumed MR value for E2/M1: MR= 1.00
                   for M3/E2, E4/M3, M5/E4, M2/E1, M4/E3, E5/M4: MR= 0.10
                   for E3/M2: MR= 1.00
 
  Input ENSDF file: D:\X\ND\Files\A35\finished\P35\new\P35_adopted.tmp
  Processed on: 22:12:53 23-Mar-2025
  Operating system: Win64
 
 
       1 :  35P     ADOPTED LEVELS, GAMMAS                                  ENSDF    202509
       6 :  35P  DG CC$FROM BrIcc v2.3e (17-Jun-2020) 2008Ki07, "Frozen Orbitals" appr.    
      45 :  35P  cG E(D),RI(A)$From ({+36}S,X|g).                                          
      46 :  35P  cG E(B)$From ({+36}S,{+35}P|g).                                           
      73 :  35P   G 2386.3    6 100        [M1,E2]                                         
      74 :  35P S G  CC=0.00046 5$KC=5.94E-6 25$LC=4.42E-7 18$MC=3.36E-8 14                
      75 :  35P S G  IPC=0.00046 5                                                         
      76 :  35P  cG E$weighted average of 2386.4 {I6} from {+35}Si |b{+-} decay, 2386 {I2} 
      77 :  35P 2cG from ({+36}S,{+35}P|g), and 2386 {I1} from ({+36}S,X|g)                
      81 :  35P   G 1473.5    5 15.6    14 [M1,E2]                                         
      82 :  35P S G  CC=8.3E-5 13$KC=1.39E-5 13$LC=1.04E-6 10$MC=7.9E-8 7                  
      83 :  35P S G  IPC=6.8E-5 11                                                         
      84 :  35P  cG E$weighted average of 1473.4 {I5} from {+35}Si |b{+-} decay, 1473 {I2} 
      85 :  35P 2cG from ({+36}S,{+35}P|g), and 1474 {I1} from ({+36}S,X|g)                
      86 :  35P  cG RI$weighted average of 14.1 {I33} from {+35}Si |b{+-} decay and 15.9   
      87 :  35P 2cG {I14} from ({+36}S,X|g)                                                
      88 :  35P   G 3860.2    10 100.0  32 [E2]                   1.12E-3 2                
      89 :  35P S G  KC=2.90E-6 4$LC=2.155E-7 30$MC=1.638E-8 23                            
      90 :  35P S G  IPC=0.001120 16                                                       
      91 :  35P  cG E$weighted average of 3859.5 {I10} from {+35}Si |b{+-} decay, 3860 {I2}
      92 :  35P 2cG from ({+36}S,{+35}P|g), and 3861 {I1} from ({+36}S,X|g)                
      93 :  35P  cG RI$from ({+36}S,X|g). Other: 100 {I7} from {+35}Si |b{+-} decay        
      97 :  35P   G 241.3     5 100     7  [E1]                                        A   
      98 :  35P S G  CC=0.000665 10$KC=0.000616 9$LC=4.59E-5 7$MC=3.48E-6 5                
      99 :  35P  cG E$weighted average of 241.4 {I3} from {+35}Si |b{+-} decay, 237 {I2}   
     100 :  35P 2cG from ({+36}S,{+35}P|g), and 241 {I1} from ({+36}S,X|g)                 
     101 :  35P  cG RI$other: 100 {I4} from {+35}Si |b{+-} decay.                          
     102 :  35P   G 1714.8    6 6.6     17 [M2]                                        A   
     103 :  35P S G  CC=7.93E-5 11$KC=1.668E-5 23$LC=1.242E-6 17$MC=9.44E-8 13             
     104 :  35P S G  IPC=6.13E-5 9                                                         
     105 :  35P  cG E$weighted average of 1714.7 {I6} from {+35}Si |b{+-} decay and 1715   
     106 :  35P 2cG {I1} from ({+36}S,X|g)                                                 
     107 :  35P  cG RI$other: 22 {I5} from {+35}Si |b{+-} decay.                           
     108 :  35P   G 4101.4    10 54     8  [E3]                                        A   
     109 :  35P S G  CC=0.000924 13$KC=3.47E-6 5$LC=2.58E-7 4$MC=1.961E-8 27               
     110 :  35P S G  IPC=0.000920 13                                                       
     111 :  35P  cG E$weighted average of 4100.8 {I10} from {+35}Si |b{+-} decay and 4102  
     112 :  35P 2cG {I1} from ({+36}S,X|g)                                                 
     113 :  35P  cG RI$other: 135 {I8} from {+35}Si |b{+-} decay.                          
     118 :  35P   G 1994.9    6 100                                                        
     119 :  35P  cG E$weighted average of 1994.8 {I6} from {+35}Si |b{+-} decay, 1995 {I2} 
     120 :  35P 2cG from ({+36}S,{+35}P|g), and 1995 {I1} from ({+36}S,X|g)                
     121 :  35P  cG $Placement by 1988DuZS, 2008Wi09, and 2016Mu03. 1988DuZT and 1987Wa10  
     122 :  35P 2cG placed this |g as the 6096->4101 transition. 1988Or01 placed this |g as
     123 :  35P 3cG the 6488->4493 transition.                                             
     128 :  35P   G 392.3     3 100     5 [M1+E2]   0.22    LT                             
     129 :  35P S G  CC=0.000199 12$KC=0.000184 11$LC=1.37E-5 8$MC=1.04E-6 6               
     130 :  35P  cG E$weighted average of 392.3 {I3} from {+35}Si |b{+-} decay, 391 {I2}   
     131 :  35P 2cG from ({+36}S,{+35}P|g), and 392 {I1} from ({+36}S,X|g).                
     132 :  35P  cG RI$from {+35}Si |b{+-} decay. Other: 100 {I17} from ({+36}S,X|g)       
     133 :  35P  cG MR$deduced by evaluators for RUL=100 for B(E2)(W.u.).                  
     134 :  35P   G 633.6     5 34      5 [E1]                                             
     135 :  35P S G  CC=4.64E-5 7$KC=4.30E-5 6$LC=3.20E-6 5$MC=2.432E-7 34                 
     136 :  35P  cG E$weighted average of 633.7 {I5} from {+35}Si |b{+-} decay, 634 {I2}   
     137 :  35P 2cG from ({+36}S,{+35}P|g), and 633 {I1} from ({+36}S,X|g)                 
     138 :  35P  cG RI$weighted average of 38 {I5} from {+35}Si |b{+-} decay and 27 {I7}   
     139 :  35P 2cG from ({+36}S,X|g)                                                      
     143 :  35P   G 804       2                                                        B   
     144 :  35P   G 2279      2                                                        B   
     145 :  35P   G 4668      2                                                        B   
     149 :  35P   G 273       1 40.0    25                                             A   
     150 :  35P  cG E$weighted average of 274 {I2} from ({+36}S,{+35}P|g) and 273 {I1} from
     151 :  35P 2cG ({+36}S,X|g).                                                          
     152 :  35P   G 664       1 100     47                                             A   
     153 :  35P  cG E$weighted average of 666 {I2} from ({+36}S,{+35}P|g) and 664 {I1} from
     154 :  35P 2cG ({+36}S,X|g)                                                           
     157 :  35P   G 374       1 60      20                                             A   
     158 :  35P F G FLAG=D                                                                 
     159 :  35P   G 487       1 40      LT                                             A   
     160 :  35P F G FLAG=D                                                                 
     161 :  35P   G 767.9     4 100     20                                             A   
     162 :  35P  cG E$weighted average of 768.0 {I4} from {+35}Si |b{+-} decay and 767 {I1}
     163 :  35P 2cG from ({+36}S,X|g)                                                      
     164 :  35P  cG RI$other: 100 {I18} from {+35}Si |b{+-} decay                          
     165 :  35P   G 1009.7    5 20      LT                                             A   
     166 :  35P  cG E$weighted average of 1009.9 {I5} from {+35}Si |b{+-} decay and 1009   
     167 :  35P 2cG {I1} from ({+36}S,X|g)                                                 
     168 :  35P  cG RI$other: 152 {I32} from {+35}Si |b{+-} decay                          
     172 :  35P   G 468.9     4 100     8                                              A   
     173 :  35P  cG E$weighted average of 468.9 {I4} from {+35}Si |b{+-} decay, 469 {I2}   
     174 :  35P 2cG from ({+36}S,{+35}P|g), and 468 {I2} from ({+36}S,X|g).                
     175 :  35P   G 859       3 66      9                                              A   
     176 :  35P F G FLAG=D                                                                 
     182 :  35P   G 128       1 50      25                                             A   
     183 :  35P  cG E$weighted average of 127 {I2} from ({+36}S,{+35}P|g) and 128 {I1} from
     184 :  35P 2cG ({+36}S,X|g)                                                           
     185 :  35P   G 322       1 100     35                                             A   
     186 :  35P  cG E$weighted average of 321 {I2} from ({+36}S,{+35}P|g) and 322 {I1} from
     187 :  35P 2cG ({+36}S,X|g)                                                           
     191 :  35P   G 1337      2                                                        B   
     192 :  35P   G 2811      2                                                        B   
     193 :  35P   G 5202      2                                                        B   
     196 :  35P   G 993       1 100     20                                             A   
     197 :  35P F G FLAG=D                                                                 
     198 :  35P   G 1387      1 60      20                                             A   
     199 :  35P F G FLAG=D                                                                 
     202 :  35P   G 1459.4    7 34      12                                                 
     203 :  35P  cG E$weighted average of 1459.7 {I5} from {+35}Si |b{+-} decay and 1458   
     204 :  35P 2cG {I1} from ({+36}S,X|g)                                                 
     205 :  35P  cG RI$from {+35}Si |b{+-} decay.                                          
     206 :  35P   G 3173.5    10 100    17                                                 
     207 :  35P  cG E,RI$from {+35}Si |b{+-} decay.                                        
     212 :  35P   G 5709      2                                                        B   
     220 :  35P   G 1132      1 25      LT                                             A   
     221 :  35P F G FLAG=D                                                                 
     222 :  35P   G 1260      1 100     25                                             A   
     223 :  35P F G FLAG=D                                                                 
     224 :  35P   G 1729      1 100     25                                             A   
     225 :  35P F G FLAG=D                                                                 
     236 :  35P   G 7526      2                                                            
 
 DATA SET ===================================================================================================
       1 :  35P     ADOPTED LEVELS, GAMMAS                                  ENSDF    202509
 
      63 :  35P  DG CC$FROM BrIcc v2.3e (17-Jun-2020) 2008Ki07, "Frozen Orbitals" appr.      <New Card>
 ============================================================================================================
 BrIcc v2.3e (17-Jun-2020)  Z= 15 Egamma= 128 1 keV            Multipolarity=             22:12:53 23-Mar-2025

 Shell    E1        M1        E2        M2        E3        M3        E4        M4        E5        M5
         --------- --------- --------- --------- --------- --------- --------- --------- --------- ---------
 K       4.475E-03 2.401E-03 4.733E-02 2.059E-02 4.200E-01 1.747E-01 3.543E+00 1.491E+00 2.938E+01 1.278E+01

 L1      3.280E-04 1.785E-04 3.447E-03 1.546E-03 3.039E-02 1.327E-02 2.546E-01 1.146E-01 2.099E+00 9.940E-01
 L2      1.702E-06 1.699E-06 4.642E-05 2.997E-05 1.034E-03 4.330E-04 1.776E-02 5.603E-03 2.588E-01 6.768E-02
 L3      3.216E-06 9.749E-07 7.241E-05 1.760E-05 1.453E-03 3.938E-04 2.386E-02 6.978E-03 3.396E-01 1.050E-01
 L-tot   3.330E-04 1.812E-04 3.566E-03 1.594E-03 3.288E-02 1.410E-02 2.962E-01 1.272E-01 2.697E+00 1.167E+00

 M1      2.492E-05 1.358E-05 2.617E-04 1.176E-04 2.305E-03 1.011E-03 1.930E-02 8.735E-03 1.589E-01 7.583E-02
 M2      9.195E-08 9.182E-08 2.508E-06 1.620E-06 5.589E-05 2.339E-05 9.596E-04 3.028E-04 1.399E-02 3.658E-03
 M3      1.784E-07 5.407E-08 4.016E-06 9.770E-07 8.063E-05 2.187E-05 1.323E-03 3.880E-04 1.884E-02 5.840E-03
 M-tot   2.519E-05 1.372E-05 2.682E-04 1.202E-04 2.441E-03 1.056E-03 2.158E-02 9.426E-03 1.918E-01 8.532E-02

 Tot     4.833E-03 2.596E-03 5.116E-02 2.230E-02 4.553E-01 1.899E-01 3.861E+00 1.628E+00 3.227E+01 1.403E+01

     182 :  35P   G 128       1 50      25                                             A     <Old Card Kept>
 ============================================================================================================
 BrIcc v2.3e (17-Jun-2020)  Z= 15 Egamma= 241.3 5 keV          Multipolarity=  [E1]       22:12:53 23-Mar-2025

 Shell    E1       dIcc
         --------- ----------
 K       6.157E-04  9.461E-06

 L1      4.544E-05  6.979E-07
 L2      1.473E-07  2.362E-09
 L3      2.879E-07  4.589E-09
 L-tot   4.587E-05  7.048E-07
 K/L     1.342E+01  2.917E-01

 M1      3.454E-06  5.305E-08
 M2      7.959E-09  1.276E-10
 M3      1.597E-08  2.546E-10
 M-tot   3.478E-06  5.343E-08
 L/M     1.319E+01  2.865E-01

 Tot     6.651E-04  1.022E-05

  Compare OLD/NEW cards
      97 :  35P   G 241.3     5 100     7  [E1]                                        A     <Old Card Kept>
      98 :  35P S G  CC=0.000665 10$KC=0.000616 9$LC=4.59E-5 7$MC=3.48E-6 5                  <Old Card Kept>
 ============================================================================================================
 BrIcc v2.3e (17-Jun-2020)  Z= 15 Egamma= 273 1 keV            Multipolarity=             22:12:53 23-Mar-2025

 Shell    E1        M1        E2        M2        E3        M3        E4        M4        E5        M5
         --------- --------- --------- --------- --------- --------- --------- --------- --------- ---------
 K       4.242E-04 3.917E-04 2.408E-03 1.843E-03 1.172E-02 8.491E-03 5.439E-02 3.902E-02 2.471E-01 1.798E-01

 L1      3.133E-05 2.909E-05 1.773E-04 1.376E-04 8.607E-04 6.366E-04 3.979E-03 2.943E-03 1.804E-02 1.363E-02
 L2      9.296E-08 1.487E-07 1.234E-06 1.369E-06 1.378E-05 1.047E-05 1.229E-04 7.209E-05 9.439E-04 4.641E-04
 L3      1.841E-07 9.674E-08 1.710E-06 6.880E-07 1.545E-05 7.210E-06 1.246E-04 6.659E-05 9.073E-04 5.330E-04
 L-tot   3.160E-05 2.934E-05 1.802E-04 1.396E-04 8.900E-04 6.543E-04 4.227E-03 3.082E-03 1.990E-02 1.462E-02

 M1      2.381E-06 2.213E-06 1.347E-05 1.046E-05 6.538E-05 4.844E-05 3.021E-04 2.240E-04 1.370E-03 1.038E-03
 M2      5.025E-09 8.038E-09 6.669E-08 7.402E-08 7.448E-07 5.660E-07 6.643E-06 3.897E-06 5.103E-05 2.509E-05
 M3      1.022E-08 5.370E-09 9.493E-08 3.819E-08 8.574E-07 4.004E-07 6.915E-06 3.700E-06 5.035E-05 2.962E-05
 M-tot   2.397E-06 2.226E-06 1.363E-05 1.058E-05 6.698E-05 4.941E-05 3.157E-04 2.316E-04 1.471E-03 1.092E-03

 Tot     4.582E-04 4.233E-04 2.602E-03 1.993E-03 1.268E-02 9.194E-03 5.893E-02 4.233E-02 2.684E-01 1.955E-01

     149 :  35P   G 273       1 40.0    25                                             A     <Old Card Kept>
 ============================================================================================================
 BrIcc v2.3e (17-Jun-2020)  Z= 15 Egamma= 322 1 keV            Multipolarity=             22:12:53 23-Mar-2025

 Shell    E1        M1        E2        M2        E3        M3        E4        M4        E5        M5
         --------- --------- --------- --------- --------- --------- --------- --------- --------- ---------
 K       2.607E-04 2.687E-04 1.297E-03 1.124E-03 5.588E-03 4.579E-03 2.295E-02 1.860E-02 9.238E-02 7.566E-02

 L1      1.926E-05 1.997E-05 9.571E-05 8.377E-05 4.110E-04 3.430E-04 1.684E-03 1.400E-03 6.770E-03 5.715E-03
 L2      5.079E-08 8.833E-08 5.806E-07 7.130E-07 5.624E-06 4.791E-06 4.385E-05 2.904E-05 2.958E-04 1.647E-04
 L3      1.028E-07 5.979E-08 7.867E-07 3.503E-07 5.964E-06 3.115E-06 4.129E-05 2.516E-05 2.613E-04 1.773E-04
 L-tot   1.941E-05 2.012E-05 9.708E-05 8.483E-05 4.226E-04 3.509E-04 1.769E-03 1.454E-03 7.327E-03 6.057E-03

 M1      1.464E-06 1.519E-06 7.274E-06 6.372E-06 3.122E-05 2.610E-05 1.279E-04 1.065E-04 5.140E-04 4.351E-04
 M2      2.746E-09 4.776E-09 3.139E-08 3.855E-08 3.041E-07 2.590E-07 2.371E-06 1.570E-06 1.600E-05 8.906E-06
 M3      5.709E-09 3.319E-09 4.366E-08 1.945E-08 3.311E-07 1.730E-07 2.291E-06 1.398E-06 1.450E-05 9.851E-06
 M-tot   1.472E-06 1.527E-06 7.349E-06 6.430E-06 3.186E-05 2.653E-05 1.326E-04 1.095E-04 5.445E-04 4.539E-04

 Tot     2.816E-04 2.904E-04 1.402E-03 1.215E-03 6.042E-03 4.957E-03 2.485E-02 2.017E-02 1.003E-01 8.217E-02

     185 :  35P   G 322       1 100     35                                             A     <Old Card Kept>
 ============================================================================================================
 BrIcc v2.3e (17-Jun-2020)  Z= 15 Egamma= 374 1 keV            Multipolarity=             22:12:53 23-Mar-2025

 Shell    E1        M1        E2        M2        E3        M3        E4        M4        E5        M5
         --------- --------- --------- --------- --------- --------- --------- --------- --------- ---------
 K       1.698E-04 1.923E-04 7.526E-04 7.251E-04 2.908E-03 2.657E-03 1.074E-02 9.691E-03 3.889E-02 3.533E-02

 L1      1.256E-05 1.429E-05 5.558E-05 5.402E-05 2.142E-04 1.988E-04 7.898E-04 7.275E-04 2.855E-03 2.664E-03
 L2      2.971E-08 5.532E-08 2.976E-07 3.976E-07 2.540E-06 2.385E-06 1.759E-05 1.293E-05 1.059E-04 6.563E-05
 L3      6.168E-08 3.902E-08 3.960E-07 1.924E-07 2.563E-06 1.473E-06 1.546E-05 1.056E-05 8.632E-05 6.658E-05
 L-tot   1.265E-05 1.438E-05 5.628E-05 5.461E-05 2.193E-04 2.027E-04 8.229E-04 7.510E-04 3.048E-03 2.796E-03

 M1      9.546E-07 1.086E-06 4.224E-06 4.109E-06 1.628E-05 1.512E-05 6.001E-05 5.536E-05 2.168E-04 2.027E-04
 M2      1.606E-09 2.992E-09 1.609E-08 2.150E-08 1.373E-07 1.290E-07 9.513E-07 6.994E-07 5.726E-06 3.549E-06
 M3      3.423E-09 2.166E-09 2.198E-08 1.068E-08 1.422E-07 8.180E-08 8.580E-07 5.866E-07 4.791E-06 3.699E-06
 M-tot   9.597E-07 1.092E-06 4.263E-06 4.141E-06 1.656E-05 1.533E-05 6.181E-05 5.665E-05 2.273E-04 2.100E-04

 Tot     1.834E-04 2.078E-04 8.131E-04 7.838E-04 3.144E-03 2.875E-03 1.162E-02 1.050E-02 4.216E-02 3.834E-02

     157 :  35P   G 374       1 60      20                                             A     <Old Card Kept>
     158 :  35P F G FLAG=D                                                                   <Old Card Kept>
 ============================================================================================================
 BrIcc v2.3e (17-Jun-2020)  Z= 15 Egamma= 392.3 3 keV          Multipolarity= [M1+E2]     22:12:53 23-Mar-2025
                                                   [M1+E2]    Mixing ratio= 0.22 LT
                                        M1+E2 Mixed
 Shell    M1        E2                  Icc      dIcc       dIccDMRL   dIccDMRH
         --------- ---------           --------- --------- ---------- ----------
 K       1.731E-04 6.350E-04           1.838E-04 1.097E-05  1.066E-05  1.066E-05

 L1      1.286E-05 4.690E-05           1.364E-05 8.091E-07  7.858E-07  7.858E-07
 L2      4.770E-08 2.412E-07           5.216E-08 4.527E-09  4.466E-09  4.466E-09
 L3      3.412E-08 3.194E-07           4.071E-08 6.611E-09  6.586E-09  6.586E-09
 L-tot   1.294E-05 4.746E-05           1.374E-05 8.201E-07  7.969E-07  7.969E-07
 K/L     1.338E+01 1.338E+01           1.338E+01 1.130E+00

 M1      9.777E-07 3.565E-06           1.037E-06 6.148E-08  5.972E-08  5.972E-08
 M2      2.579E-09 1.304E-08           2.821E-09 2.448E-10  2.415E-10  2.415E-10
 M3      1.894E-09 1.773E-08           2.260E-09 3.670E-10  3.656E-10  3.656E-10
 M-tot   9.821E-07 3.595E-06           1.042E-06 6.209E-08  6.032E-08  6.032E-08
 L/M     1.317E+01 1.320E+01           1.318E+01 1.111E+00

 Tot     1.870E-04 6.860E-04           1.985E-04 1.185E-05  1.152E-05  1.152E-05

  Compare OLD/NEW cards
     128 :  35P   G 392.3     3 100     5 [M1+E2]   0.22    LT                               <Old Card Kept>
     129 :  35P S G  CC=0.000199 12$KC=0.000184 11$LC=1.37E-5 8$MC=1.04E-6 6                 <Old Card Kept>
 ============================================================================================================
 BrIcc v2.3e (17-Jun-2020)  Z= 15 Egamma= 468.9 4 keV          Multipolarity=             22:12:53 23-Mar-2025

 Shell    E1        M1        E2        M2        E3        M3        E4        M4        E5        M5
         --------- --------- --------- --------- --------- --------- --------- --------- --------- ---------
 K       9.153E-05 1.175E-04 3.424E-04 3.819E-04 1.130E-03 1.203E-03 3.580E-03 3.758E-03 1.113E-02 1.172E-02

 L1      6.778E-06 8.723E-06 2.532E-05 2.845E-05 8.346E-05 8.984E-05 2.641E-04 2.815E-04 8.197E-04 8.812E-04
 L2      1.353E-08 2.754E-08 1.117E-07 1.672E-07 7.917E-07 8.517E-07 4.618E-06 3.931E-06 2.355E-05 1.699E-05
 L3      2.947E-08 2.088E-08 1.459E-07 8.002E-08 7.446E-07 4.878E-07 3.658E-06 2.930E-06 1.699E-05 1.572E-05
 L-tot   6.821E-06 8.772E-06 2.558E-05 2.869E-05 8.500E-05 9.118E-05 2.724E-04 2.884E-04 8.602E-04 9.139E-04

 M1      5.153E-07 6.633E-07 1.924E-06 2.164E-06 6.344E-06 6.834E-06 2.007E-05 2.142E-05 6.226E-05 6.706E-05
 M2      7.318E-10 1.489E-09 6.038E-09 9.040E-09 4.281E-08 4.606E-08 2.497E-07 2.126E-07 1.274E-06 9.184E-07
 M3      1.636E-09 1.158E-09 8.101E-09 4.442E-09 4.133E-08 2.709E-08 2.031E-07 1.627E-07 9.430E-07 8.737E-07
 M-tot   5.177E-07 6.660E-07 1.939E-06 2.177E-06 6.428E-06 6.908E-06 2.052E-05 2.180E-05 6.448E-05 6.885E-05

 Tot     9.887E-05 1.269E-04 3.700E-04 4.128E-04 1.221E-03 1.301E-03 3.873E-03 4.068E-03 1.205E-02 1.271E-02

     172 :  35P   G 468.9     4 100     8                                              A     <Old Card Kept>
 ============================================================================================================
 BrIcc v2.3e (17-Jun-2020)  Z= 15 Egamma= 487 1 keV            Multipolarity=             22:12:53 23-Mar-2025

 Shell    E1        M1        E2        M2        E3        M3        E4        M4        E5        M5
         --------- --------- --------- --------- --------- --------- --------- --------- --------- ---------
 K       8.286E-05 1.083E-04 3.015E-04 3.439E-04 9.700E-04 1.057E-03 2.998E-03 3.222E-03 9.093E-03 9.803E-03

 L1      6.137E-06 8.044E-06 2.230E-05 2.561E-05 7.167E-05 7.894E-05 2.212E-04 2.413E-04 6.700E-04 7.364E-04
 L2      1.190E-08 2.453E-08 9.512E-08 1.449E-07 6.542E-07 7.189E-07 3.711E-06 3.233E-06 1.842E-05 1.361E-05
 L3      2.615E-08 1.885E-08 1.241E-07 6.934E-08 6.087E-07 4.067E-07 2.891E-06 2.372E-06 1.302E-05 1.240E-05
 L-tot   6.175E-06 8.087E-06 2.252E-05 2.583E-05 7.293E-05 8.007E-05 2.279E-04 2.469E-04 7.015E-04 7.625E-04

 M1      4.666E-07 6.117E-07 1.695E-06 1.948E-06 5.448E-06 6.005E-06 1.681E-05 1.836E-05 5.090E-05 5.604E-05
 M2      6.435E-10 1.327E-09 5.144E-09 7.835E-09 3.537E-08 3.888E-08 2.007E-07 1.748E-07 9.962E-07 7.360E-07
 M3      1.451E-09 1.045E-09 6.888E-09 3.849E-09 3.379E-08 2.258E-08 1.605E-07 1.318E-07 7.229E-07 6.892E-07
 M-tot   4.687E-07 6.141E-07 1.707E-06 1.960E-06 5.517E-06 6.067E-06 1.717E-05 1.867E-05 5.262E-05 5.747E-05

 Tot     8.950E-05 1.170E-04 3.258E-04 3.717E-04 1.048E-03 1.143E-03 3.243E-03 3.488E-03 9.848E-03 1.062E-02

     159 :  35P   G 487       1 40      LT                                             A     <Old Card Kept>
     160 :  35P F G FLAG=D                                                                   <Old Card Kept>
 ============================================================================================================
 BrIcc v2.3e (17-Jun-2020)  Z= 15 Egamma= 633.6 5 keV          Multipolarity= [E1]        22:12:53 23-Mar-2025

 Shell    E1       dIcc
         --------- ----------
 K       4.300E-05  6.074E-07

 L1      3.186E-06  4.501E-08
 L2      4.996E-09  7.108E-11
 L3      1.183E-08  1.679E-10
 L-tot   3.203E-06  4.524E-08
 K/L     1.342E+01  2.682E-01

 M1      2.423E-07  3.422E-09
 M2      2.702E-10  3.844E-12
 M3      6.567E-10  9.316E-12
 M-tot   2.432E-07  3.435E-09
 L/M     1.317E+01  2.631E-01

 Tot     4.645E-05  6.561E-07

  Compare OLD/NEW cards
     134 :  35P   G 633.6     5 34      5 [E1]                                               <Old Card Kept>
     135 :  35P S G  CC=4.64E-5 7$KC=4.30E-5 6$LC=3.20E-6 5$MC=2.432E-7 34                   <Old Card Kept>
 ============================================================================================================
 BrIcc v2.3e (17-Jun-2020)  Z= 15 Egamma= 664 1 keV            Multipolarity=             22:12:53 23-Mar-2025

 Shell    E1        M1        E2        M2        E3        M3        E4        M4        E5        M5
         --------- --------- --------- --------- --------- --------- --------- --------- --------- ---------
 K       3.852E-05 5.680E-05 1.129E-04 1.502E-04 2.982E-04 3.829E-04 7.605E-04 9.645E-04 1.906E-03 2.420E-03

 L1      2.854E-06 4.217E-06 8.361E-06 1.118E-05 2.208E-05 2.855E-05 5.626E-05 7.207E-05 1.410E-04 1.812E-04
 L2      4.303E-09 9.655E-09 2.674E-08 4.601E-08 1.446E-07 1.858E-07 6.585E-07 6.825E-07 2.649E-06 2.350E-06
 L3      1.035E-08 8.405E-09 3.503E-08 2.247E-08 1.254E-07 9.574E-08 4.539E-07 4.402E-07 1.607E-06 1.874E-06
 L-tot   2.869E-06 4.235E-06 8.423E-06 1.125E-05 2.235E-05 2.883E-05 5.737E-05 7.320E-05 1.453E-04 1.855E-04

 M1      2.170E-07 3.207E-07 6.357E-07 8.501E-07 1.679E-06 2.172E-06 4.276E-06 5.483E-06 1.072E-05 1.379E-05
 M2      2.327E-10 5.220E-10 1.446E-09 2.488E-09 7.818E-09 1.005E-08 3.561E-08 3.691E-08 1.433E-07 1.271E-07
 M3      5.744E-10 4.665E-10 1.945E-09 1.248E-09 6.963E-09 5.316E-09 2.520E-08 2.445E-08 8.924E-08 1.041E-07
 M-tot   2.178E-07 3.217E-07 6.391E-07 8.538E-07 1.693E-06 2.187E-06 4.337E-06 5.544E-06 1.095E-05 1.402E-05

 Tot     4.161E-05 6.135E-05 1.219E-04 1.623E-04 3.222E-04 4.139E-04 8.222E-04 1.043E-03 2.063E-03 2.619E-03

     152 :  35P   G 664       1 100     47                                             A     <Old Card Kept>
 ============================================================================================================
 BrIcc v2.3e (17-Jun-2020)  Z= 15 Egamma= 767.9 4 keV          Multipolarity=             22:12:53 23-Mar-2025

 Shell    E1        M1        E2        M2        E3        M3        E4        M4        E5        M5
         --------- --------- --------- --------- --------- --------- --------- --------- --------- ---------
 K       2.775E-05 4.244E-05 7.406E-05 1.037E-04 1.797E-04 2.441E-04 4.217E-04 5.669E-04 9.744E-04 1.310E-03

 L1      2.057E-06 3.151E-06 5.488E-06 7.716E-06 1.331E-05 1.819E-05 3.123E-05 4.233E-05 7.218E-05 9.797E-05
 L2      2.733E-09 6.296E-09 1.517E-08 2.729E-08 7.370E-08 1.008E-07 3.046E-07 3.389E-07 1.118E-06 1.070E-06
 L3      6.915E-09 5.870E-09 2.019E-08 1.368E-08 6.277E-08 5.006E-08 2.010E-07 2.057E-07 6.392E-07 7.985E-07
 L-tot   2.067E-06 3.163E-06 5.524E-06 7.757E-06 1.345E-05 1.834E-05 3.173E-05 4.287E-05 7.394E-05 9.984E-05

 M1      1.564E-07 2.396E-07 4.173E-07 5.869E-07 1.012E-06 1.384E-06 2.374E-06 3.220E-06 5.488E-06 7.454E-06
 M2      1.478E-10 3.405E-10 8.206E-10 1.476E-09 3.985E-09 5.452E-09 1.647E-08 1.833E-08 6.044E-08 5.787E-08
 M3      3.838E-10 3.259E-10 1.121E-09 7.592E-10 3.484E-09 2.779E-09 1.116E-08 1.142E-08 3.548E-08 4.435E-08
 M-tot   1.569E-07 2.403E-07 4.192E-07 5.891E-07 1.020E-06 1.392E-06 2.402E-06 3.250E-06 5.584E-06 7.556E-06

 Tot     2.998E-05 4.584E-05 8.000E-05 1.121E-04 1.941E-04 2.639E-04 4.558E-04 6.130E-04 1.054E-03 1.417E-03

     161 :  35P   G 767.9     4 100     20                                             A     <Old Card Kept>
 ============================================================================================================
 BrIcc v2.3e (17-Jun-2020)  Z= 15 Egamma= 804 2 keV            Multipolarity=             22:12:53 23-Mar-2025

 Shell    E1        M1        E2        M2        E3        M3        E4        M4        E5        M5
         --------- --------- --------- --------- --------- --------- --------- --------- --------- ---------
 K       2.513E-05 3.877E-05 6.517E-05 9.252E-05 1.541E-04 2.125E-04 3.527E-04 4.815E-04 7.950E-04 1.085E-03

 L1      1.863E-06 2.878E-06 4.831E-06 6.881E-06 1.142E-05 1.583E-05 2.612E-05 3.594E-05 5.892E-05 8.113E-05
 L2      2.376E-09 5.508E-09 1.274E-08 2.320E-08 5.985E-08 8.335E-08 2.401E-07 2.728E-07 8.564E-07 8.388E-07
 L3      6.114E-09 5.254E-09 1.706E-08 1.175E-08 5.080E-08 4.097E-08 1.566E-07 1.624E-07 4.818E-07 6.126E-07
 L-tot   1.871E-06 2.889E-06 4.860E-06 6.916E-06 1.153E-05 1.596E-05 2.652E-05 3.638E-05 6.025E-05 8.258E-05

 M1      1.416E-07 2.189E-07 3.673E-07 5.233E-07 8.683E-07 1.204E-06 1.986E-06 2.734E-06 4.480E-06 6.172E-06
 M2      1.285E-10 2.979E-10 6.889E-10 1.254E-09 3.236E-09 4.508E-09 1.298E-08 1.475E-08 4.631E-08 4.537E-08
 M3      3.393E-10 2.917E-10 9.472E-10 6.520E-10 2.820E-09 2.275E-09 8.696E-09 9.020E-09 2.674E-08 3.403E-08
 M-tot   1.421E-07 2.195E-07 3.689E-07 5.252E-07 8.744E-07 1.211E-06 2.007E-06 2.758E-06 4.553E-06 6.252E-06

 Tot     2.714E-05 4.188E-05 7.040E-05 9.996E-05 1.665E-04 2.297E-04 3.812E-04 5.206E-04 8.598E-04 1.174E-03

     143 :  35P   G 804       2                                                        B     <Old Card Kept>
 ============================================================================================================
 BrIcc v2.3e (17-Jun-2020)  Z= 15 Egamma= 859 3 keV            Multipolarity=             22:12:53 23-Mar-2025

 Shell    E1        M1        E2        M2        E3        M3        E4        M4        E5        M5
         --------- --------- --------- --------- --------- --------- --------- --------- --------- ---------
 K       2.186E-05 3.407E-05 5.446E-05 7.862E-05 1.242E-04 1.746E-04 2.744E-04 3.821E-04 5.973E-04 8.312E-04

 L1      1.620E-06 2.530E-06 4.038E-06 5.846E-06 9.207E-06 1.300E-05 2.033E-05 2.851E-05 4.429E-05 6.213E-05
 L2      1.948E-09 4.549E-09 9.935E-09 1.839E-08 4.453E-08 6.355E-08 1.712E-07 2.003E-07 5.869E-07 5.933E-07
 L3      5.140E-09 4.490E-09 1.346E-08 9.477E-09 3.770E-08 3.083E-08 1.101E-07 1.160E-07 3.231E-07 4.200E-07
 L-tot   1.627E-06 2.539E-06 4.061E-06 5.874E-06 9.289E-06 1.310E-05 2.061E-05 2.883E-05 4.520E-05 6.315E-05

 M1      1.232E-07 1.924E-07 3.070E-07 4.446E-07 7.000E-07 9.889E-07 1.546E-06 2.169E-06 3.368E-06 4.727E-06
 M2      1.053E-10 2.459E-10 5.371E-10 9.941E-10 2.408E-09 3.437E-09 9.259E-09 1.083E-08 3.173E-08 3.209E-08
 M3      2.856E-10 2.495E-10 7.475E-10 5.263E-10 2.093E-09 1.712E-09 6.114E-09 6.443E-09 1.794E-08 2.333E-08
 M-tot   1.236E-07 1.929E-07 3.083E-07 4.462E-07 7.045E-07 9.941E-07 1.561E-06 2.186E-06 3.418E-06 4.782E-06

 Tot     2.361E-05 3.681E-05 5.883E-05 8.494E-05 1.342E-04 1.886E-04 2.965E-04 4.131E-04 6.460E-04 8.991E-04

     175 :  35P   G 859       3 66      9                                              A     <Old Card Kept>
     176 :  35P F G FLAG=D                                                                   <Old Card Kept>
 ============================================================================================================
 BrIcc v2.3e (17-Jun-2020)  Z= 15 Egamma= 993 1 keV            Multipolarity=             22:12:53 23-Mar-2025

 Shell    E1        M1        E2        M2        E3        M3        E4        M4        E5        M5
         --------- --------- --------- --------- --------- --------- --------- --------- --------- ---------
 K       1.634E-05 2.583E-05 3.745E-05 5.552E-05 7.920E-05 1.149E-04 1.625E-04 2.340E-04 3.293E-04 4.732E-04

 L1      1.211E-06 1.918E-06 2.777E-06 4.127E-06 5.873E-06 8.551E-06 1.205E-05 1.745E-05 2.444E-05 3.534E-05
 L2      1.275E-09 3.007E-09 5.847E-09 1.114E-08 2.370E-08 3.549E-08 8.329E-08 1.032E-07 2.624E-07 2.831E-07
 L3      3.566E-09 3.214E-09 8.180E-09 6.025E-09 2.013E-08 1.685E-08 5.242E-08 5.645E-08 1.391E-07 1.868E-07
 L-tot   1.216E-06 1.924E-06 2.791E-06 4.145E-06 5.917E-06 8.603E-06 1.219E-05 1.761E-05 2.484E-05 3.581E-05

 M1      9.210E-08 1.458E-07 2.112E-07 3.139E-07 4.466E-07 6.504E-07 9.164E-07 1.327E-06 1.858E-06 2.689E-06
 M2      6.898E-11 1.627E-10 3.163E-10 6.026E-10 1.282E-09 1.919E-09 4.505E-09 5.584E-09 1.419E-08 1.531E-08
 M3      1.977E-10 1.782E-10 4.539E-10 3.343E-10 1.117E-09 9.356E-10 2.910E-09 3.135E-09 7.724E-09 1.037E-08
 M-tot   9.237E-08 1.462E-07 2.120E-07 3.148E-07 4.490E-07 6.532E-07 9.238E-07 1.336E-06 1.880E-06 2.715E-06

 Tot     1.765E-05 2.790E-05 4.045E-05 5.998E-05 8.556E-05 1.241E-04 1.756E-04 2.529E-04 3.560E-04 5.118E-04

     196 :  35P   G 993       1 100     20                                             A     <Old Card Kept>
     197 :  35P F G FLAG=D                                                                   <Old Card Kept>
 ============================================================================================================
 BrIcc v2.3e (17-Jun-2020)  Z= 15 Egamma= 1009.7 5 keV         Multipolarity=             22:12:53 23-Mar-2025

 Shell    E1        M1        E2        M2        E3        M3        E4        M4        E5        M5
         --------- --------- --------- --------- --------- --------- --------- --------- --------- ---------
 K       1.582E-05 2.503E-05 3.593E-05 5.338E-05 7.535E-05 1.096E-04 1.534E-04 2.215E-04 3.083E-04 4.443E-04

 L1      1.173E-06 1.858E-06 2.665E-06 3.969E-06 5.588E-06 8.158E-06 1.138E-05 1.651E-05 2.289E-05 3.318E-05
 L2      1.216E-09 2.869E-09 5.508E-09 1.052E-08 2.207E-08 3.322E-08 7.680E-08 9.580E-08 2.397E-07 2.604E-07
 L3      3.423E-09 3.095E-09 7.740E-09 5.729E-09 1.878E-08 1.575E-08 4.826E-08 5.204E-08 1.267E-07 1.704E-07
 L-tot   1.177E-06 1.864E-06 2.678E-06 3.985E-06 5.629E-06 8.207E-06 1.150E-05 1.666E-05 2.325E-05 3.361E-05

 M1      8.918E-08 1.413E-07 2.026E-07 3.018E-07 4.249E-07 6.205E-07 8.649E-07 1.256E-06 1.740E-06 2.524E-06
 M2      6.577E-11 1.552E-10 2.979E-10 5.692E-10 1.194E-09 1.797E-09 4.154E-09 5.181E-09 1.297E-08 1.408E-08
 M3      1.899E-10 1.717E-10 4.295E-10 3.179E-10 1.042E-09 8.744E-10 2.679E-09 2.890E-09 7.032E-09 9.466E-09
 M-tot   8.944E-08 1.416E-07 2.033E-07 3.027E-07 4.271E-07 6.231E-07 8.717E-07 1.264E-06 1.760E-06 2.548E-06

 Tot     1.709E-05 2.704E-05 3.881E-05 5.767E-05 8.141E-05 1.184E-04 1.657E-04 2.394E-04 3.333E-04 4.805E-04

     165 :  35P   G 1009.7    5 20      LT                                             A     <Old Card Kept>
 ============================================================================================================
 BrIcc v2.3e (17-Jun-2020)  Z= 15 Egamma= 1132 1 keV           Multipolarity=             22:12:53 23-Mar-2025

 Shell    E1        M1        E2        M2        E3        M3        E4        M4        E5        M5
         --------- --------- --------- --------- --------- --------- --------- --------- --------- ---------
 K       1.277E-05 2.024E-05 2.728E-05 4.097E-05 5.413E-05 7.984E-05 1.044E-04 1.531E-04 1.991E-04 2.913E-04

 L1      9.466E-07 1.503E-06 2.023E-06 3.045E-06 4.015E-06 5.942E-06 7.748E-06 1.141E-05 1.479E-05 2.174E-05
 L2      8.822E-10 2.083E-09 3.685E-09 7.157E-09 1.369E-08 2.125E-08 4.449E-08 5.777E-08 1.304E-07 1.482E-07
 L3      2.607E-09 2.405E-09 5.354E-09 4.091E-09 1.181E-08 1.001E-08 2.780E-08 3.007E-08 6.762E-08 9.174E-08
 L-tot   9.501E-07 1.507E-06 2.032E-06 3.056E-06 4.041E-06 5.974E-06 7.821E-06 1.150E-05 1.498E-05 2.198E-05

 M1      7.198E-08 1.143E-07 1.538E-07 2.316E-07 3.053E-07 4.520E-07 5.892E-07 8.682E-07 1.124E-06 1.654E-06
 M2      4.767E-11 1.126E-10 1.992E-10 3.870E-10 7.399E-10 1.149E-09 2.406E-09 3.124E-09 7.052E-09 8.016E-09
 M3      1.450E-10 1.337E-10 2.976E-10 2.273E-10 6.558E-10 5.558E-10 1.544E-09 1.670E-09 3.755E-09 5.095E-09
 M-tot   7.217E-08 1.145E-07 1.543E-07 2.322E-07 3.067E-07 4.537E-07 5.931E-07 8.729E-07 1.135E-06 1.667E-06

 IPF     2.237E-05 1.560E-06 2.412E-06 1.845E-07 2.981E-07 2.397E-08 <I> Not Calculated

 Tot     3.616E-05 2.342E-05 3.187E-05 4.444E-05 5.878E-05 8.629E-05 1.128E-04 1.655E-04 2.152E-04 3.150E-04

Without IPF
 Tot(CE) 1.379E-05 2.186E-05 2.946E-05 4.426E-05 5.848E-05 8.627E-05 1.128E-04 1.655E-04 2.152E-04 3.150E-04

     220 :  35P   G 1132      1 25      LT                                             A     <Old Card Kept>
     221 :  35P F G FLAG=D                                                                   <Old Card Kept>
 ============================================================================================================
 BrIcc v2.3e (17-Jun-2020)  Z= 15 Egamma= 1260 1 keV           Multipolarity=             22:12:53 23-Mar-2025

 Shell    E1        M1        E2        M2        E3        M3        E4        M4        E5        M5
         --------- --------- --------- --------- --------- --------- --------- --------- --------- ---------
 K       1.055E-05 1.667E-05 2.135E-05 3.219E-05 4.036E-05 5.992E-05 7.427E-05 1.097E-04 1.352E-04 1.992E-04

 L1      7.821E-07 1.237E-06 1.584E-06 2.392E-06 2.994E-06 4.459E-06 5.513E-06 8.175E-06 1.004E-05 1.486E-05
 L2      6.594E-10 1.551E-09 2.558E-09 5.022E-09 8.865E-09 1.412E-08 2.710E-08 3.640E-08 7.509E-08 8.872E-08
 L3      2.042E-09 1.913E-09 3.856E-09 3.028E-09 7.811E-09 6.663E-09 1.700E-08 1.828E-08 3.857E-08 5.211E-08
 L-tot   7.849E-07 1.240E-06 1.590E-06 2.400E-06 3.011E-06 4.479E-06 5.557E-06 8.230E-06 1.015E-05 1.500E-05

 M1      5.947E-08 9.408E-08 1.204E-07 1.819E-07 2.277E-07 3.391E-07 4.192E-07 6.219E-07 7.635E-07 1.130E-06
 M2      3.568E-11 8.390E-11 1.384E-10 2.716E-10 4.795E-10 7.635E-10 1.466E-09 1.968E-09 4.062E-09 4.800E-09
 M3      1.132E-10 1.060E-10 2.139E-10 1.680E-10 4.335E-10 3.699E-10 9.434E-10 1.015E-09 2.141E-09 2.894E-09
 M-tot   5.962E-08 9.427E-08 1.208E-07 1.823E-07 2.286E-07 3.402E-07 4.216E-07 6.248E-07 7.697E-07 1.138E-06

 IPF     9.755E-05 1.375E-05 2.032E-05 3.173E-06 4.870E-06 8.050E-07 <I> Not Calculated

 Tot     1.089E-04 3.175E-05 4.338E-05 3.794E-05 4.847E-05 6.555E-05 8.024E-05 1.186E-04 1.461E-04 2.153E-04

Without IPF
 Tot(CE) 1.139E-05 1.800E-05 2.306E-05 3.477E-05 4.360E-05 6.474E-05 8.024E-05 1.186E-04 1.461E-04 2.153E-04

     222 :  35P   G 1260      1 100     25                                             A     <Old Card Kept>
     223 :  35P F G FLAG=D                                                                   <Old Card Kept>
 ============================================================================================================
 BrIcc v2.3e (17-Jun-2020)  Z= 15 Egamma= 1337 2 keV           Multipolarity=             22:12:53 23-Mar-2025

 Shell    E1        M1        E2        M2        E3        M3        E4        M4        E5        M5
         --------- --------- --------- --------- --------- --------- --------- --------- --------- ---------
 K       9.528E-06 1.499E-05 1.874E-05 2.824E-05 3.453E-05 5.132E-05 6.197E-05 9.171E-05 1.101E-04 1.624E-04

 L1      7.065E-07 1.113E-06 1.390E-06 2.099E-06 2.562E-06 3.818E-06 4.601E-06 6.831E-06 8.175E-06 1.211E-05
 L2      5.635E-10 1.320E-09 2.100E-09 4.139E-09 7.011E-09 1.130E-08 2.074E-08 2.832E-08 5.575E-08 6.719E-08
 L3      1.792E-09 1.691E-09 3.239E-09 2.580E-09 6.273E-09 5.363E-09 1.308E-08 1.397E-08 2.858E-08 3.835E-08
 L-tot   7.088E-07 1.116E-06 1.396E-06 2.105E-06 2.575E-06 3.835E-06 4.635E-06 6.874E-06 8.259E-06 1.222E-05

 M1      5.372E-08 8.462E-08 1.057E-07 1.596E-07 1.948E-07 2.904E-07 3.499E-07 5.196E-07 6.216E-07 9.214E-07
 M2      3.049E-11 7.140E-11 1.136E-10 2.239E-10 3.792E-10 6.111E-10 1.122E-09 1.532E-09 3.015E-09 3.635E-09
 M3      9.936E-11 9.374E-11 1.797E-10 1.431E-10 3.481E-10 2.977E-10 7.259E-10 7.759E-10 1.587E-09 2.130E-09
 M-tot   5.385E-08 8.479E-08 1.060E-07 1.600E-07 1.955E-07 2.913E-07 3.518E-07 5.219E-07 6.262E-07 9.272E-07

 IPF     1.500E-04 2.639E-05 3.811E-05 7.434E-06 1.113E-05 2.298E-06 <I> Not Calculated

 Tot     1.603E-04 4.258E-05 5.835E-05 3.794E-05 4.843E-05 5.774E-05 6.696E-05 9.911E-05 1.189E-04 1.756E-04

Without IPF
 Tot(CE) 1.029E-05 1.619E-05 2.024E-05 3.051E-05 3.730E-05 5.544E-05 6.696E-05 9.911E-05 1.189E-04 1.756E-04

     191 :  35P   G 1337      2                                                        B     <Old Card Kept>
 ============================================================================================================
 BrIcc v2.3e (17-Jun-2020)  Z= 15 Egamma= 1387 1 keV           Multipolarity=             22:12:53 23-Mar-2025

 Shell    E1        M1        E2        M2        E3        M3        E4        M4        E5        M5
         --------- --------- --------- --------- --------- --------- --------- --------- --------- ---------
 K       8.958E-06 1.405E-05 1.732E-05 2.607E-05 3.142E-05 4.669E-05 5.556E-05 8.222E-05 9.720E-05 1.435E-04

 L1      6.642E-07 1.043E-06 1.285E-06 1.937E-06 2.331E-06 3.473E-06 4.125E-06 6.124E-06 7.221E-06 1.070E-05
 L2      5.120E-10 1.195E-09 1.862E-09 3.676E-09 6.076E-09 9.857E-09 1.761E-08 2.429E-08 4.649E-08 5.669E-08
 L3      1.655E-09 1.568E-09 2.914E-09 2.342E-09 5.494E-09 4.703E-09 1.116E-08 1.187E-08 2.384E-08 3.179E-08
 L-tot   6.664E-07 1.046E-06 1.290E-06 1.943E-06 2.343E-06 3.488E-06 4.154E-06 6.160E-06 7.291E-06 1.079E-05

 M1      5.051E-08 7.931E-08 9.769E-08 1.473E-07 1.773E-07 2.642E-07 3.137E-07 4.658E-07 5.491E-07 8.138E-07
 M2      2.769E-11 6.464E-11 1.007E-10 1.988E-10 3.286E-10 5.331E-10 9.526E-10 1.314E-09 2.514E-09 3.066E-09
 M3      9.184E-11 8.704E-11 1.618E-10 1.300E-10 3.050E-10 2.611E-10 6.196E-10 6.589E-10 1.323E-09 1.766E-09
 M-tot   5.063E-08 7.946E-08 9.796E-08 1.477E-07 1.779E-07 2.650E-07 3.153E-07 4.678E-07 5.529E-07 8.186E-07

 IPF     1.836E-04 3.596E-05 5.125E-05 1.113E-05 1.641E-05 3.771E-06 <I> Not Calculated

 Tot     1.933E-04 5.113E-05 6.995E-05 3.929E-05 5.035E-05 5.421E-05 6.002E-05 8.885E-05 1.050E-04 1.551E-04

Without IPF
 Tot(CE) 9.675E-06 1.517E-05 1.870E-05 2.816E-05 3.394E-05 5.044E-05 6.002E-05 8.885E-05 1.050E-04 1.551E-04

     198 :  35P   G 1387      1 60      20                                             A     <Old Card Kept>
     199 :  35P F G FLAG=D                                                                   <Old Card Kept>
 ============================================================================================================
 BrIcc v2.3e (17-Jun-2020)  Z= 15 Egamma= 1459.4 7 keV         Multipolarity=             22:12:53 23-Mar-2025

 Shell    E1        M1        E2        M2        E3        M3        E4        M4        E5        M5
         --------- --------- --------- --------- --------- --------- --------- --------- --------- ---------
 K       8.238E-06 1.285E-05 1.556E-05 2.337E-05 2.764E-05 4.103E-05 4.791E-05 7.084E-05 8.215E-05 1.212E-04

 L1      6.108E-07 9.540E-07 1.154E-06 1.736E-06 2.051E-06 3.052E-06 3.558E-06 5.275E-06 6.103E-06 9.032E-06
 L2      4.491E-10 1.043E-09 1.580E-09 3.124E-09 4.996E-09 8.174E-09 1.409E-08 1.968E-08 3.627E-08 4.492E-08
 L3      1.485E-09 1.415E-09 2.526E-09 2.053E-09 4.592E-09 3.936E-09 9.003E-09 9.496E-09 1.863E-08 2.460E-08
 L-tot   6.127E-07 9.565E-07 1.158E-06 1.741E-06 2.060E-06 3.064E-06 3.581E-06 5.304E-06 6.158E-06 9.101E-06

 M1      4.644E-08 7.255E-08 8.777E-08 1.321E-07 1.560E-07 2.321E-07 2.705E-07 4.012E-07 4.641E-07 6.870E-07
 M2      2.427E-11 5.638E-11 8.540E-11 1.689E-10 2.701E-10 4.420E-10 7.619E-10 1.064E-09 1.961E-09 2.429E-09
 M3      8.254E-11 7.866E-11 1.403E-10 1.140E-10 2.551E-10 2.186E-10 5.000E-10 5.273E-10 1.034E-09 1.366E-09
 M-tot   4.655E-08 7.269E-08 8.799E-08 1.323E-07 1.565E-07 2.328E-07 2.718E-07 4.028E-07 4.670E-07 6.908E-07

 IPF     2.353E-04 5.262E-05 7.378E-05 1.825E-05 2.636E-05 6.912E-06 <I> Not Calculated

 Tot     2.442E-04 6.651E-05 9.058E-05 4.349E-05 5.621E-05 5.124E-05 5.176E-05 7.654E-05 8.877E-05 1.309E-04

Without IPF
 Tot(CE) 8.897E-06 1.388E-05 1.680E-05 2.524E-05 2.986E-05 4.433E-05 5.176E-05 7.654E-05 8.877E-05 1.309E-04

     202 :  35P   G 1459.4    7 34      12                                                   <Old Card Kept>
 ============================================================================================================
 BrIcc v2.3e (17-Jun-2020)  Z= 15 Egamma= 1473.5 5 keV         Multipolarity=  [M1,E2]    22:12:53 23-Mar-2025
                                                     M1/E2 Mixing ratio ASSUMED =1.00 with no uncertainty
 <I> Mixing ratio empty, assumed to be equal to 1.00.
                                        M1+E2 Mixed
 Shell    M1        E2                  Icc      dIcc       dIccDMRL   dIccDMRH
         --------- ---------           --------- --------- ---------- ----------
 K       1.264E-05 1.525E-05           1.394E-05 1.319E-06  1.304E-06  1.304E-06

 L1      9.382E-07 1.131E-06           1.035E-06 9.765E-08  9.657E-08  9.657E-08
 L2      1.017E-09 1.532E-09           1.274E-09 2.582E-10  2.576E-10  2.576E-10
 L3      1.388E-09 2.459E-09           1.924E-09 5.363E-10  5.356E-10  5.356E-10
 L-tot   9.406E-07 1.135E-06           1.038E-06 9.845E-08  9.737E-08  9.737E-08
 K/L     1.344E+01 1.343E+01           1.343E+01 1.799E+00

 M1      7.135E-08 8.603E-08           7.869E-08 7.424E-09  7.341E-09  7.341E-09
 M2      5.495E-11 8.280E-11           6.887E-11 1.396E-11  1.393E-11  1.393E-11
 M3      7.718E-11 1.367E-10           1.069E-10 2.979E-11  2.975E-11  2.975E-11
 M-tot   7.148E-08 8.625E-08           7.886E-08 7.467E-09  7.385E-09  7.385E-09
 L/M     1.316E+01 1.316E+01           1.316E+01 1.764E+00

 IPF     5.631E-05 7.872E-05           6.751E-05 1.125E-05  1.120E-05  1.120E-05

 Tot     6.996E-05 9.519E-05           8.258E-05 1.267E-05  1.261E-05  1.261E-05

Without IPF
 Tot(CE) 1.365E-05 1.647E-05           1.506E-05 1.322E-06

  Compare OLD/NEW cards
      81 :  35P   G 1473.5    5 15.6    14 [M1,E2]                                           <Old Card Kept>
      82 :  35P S G  CC=8.3E-5 13$KC=1.39E-5 13$LC=1.04E-6 10$MC=7.9E-8 7                    <Old Card Kept>
      83 :  35P S G  IPC=6.8E-5 11                                                           <Old Card Kept>
 ============================================================================================================
 BrIcc v2.3e (17-Jun-2020)  Z= 15 Egamma= 1714.8 6 keV         Multipolarity=  [M2]       22:12:53 23-Mar-2025

 Shell    M2       dIcc
         --------- ----------
 K       1.668E-05  2.338E-07

 L1      1.239E-06  1.737E-08
 L2      1.884E-09  2.645E-11
 L3      1.382E-09  1.938E-11
 L-tot   1.242E-06  1.741E-08
 K/L     1.343E+01  2.662E-01

 M1      9.422E-08  1.321E-09
 M2      1.019E-10  1.430E-12
 M3      7.669E-11  1.076E-12
 M-tot   9.440E-08  1.323E-09
 L/M     1.316E+01  2.609E-01

 IPF     6.128E-05  8.672E-07

 Tot     7.930E-05  1.116E-06

  Compare OLD/NEW cards
     102 :  35P   G 1714.8    6 6.6     17 [M2]                                        A     <Old Card Kept>
     103 :  35P S G  CC=7.93E-5 11$KC=1.668E-5 23$LC=1.242E-6 17$MC=9.44E-8 13               <Old Card Kept>
     104 :  35P S G  IPC=6.13E-5 9                                                           <Old Card Kept>
 ============================================================================================================
 BrIcc v2.3e (17-Jun-2020)  Z= 15 Egamma= 1729 1 keV           Multipolarity=             22:12:53 23-Mar-2025

 Shell    E1        M1        E2        M2        E3        M3        E4        M4        E5        M5
         --------- --------- --------- --------- --------- --------- --------- --------- --------- ---------
 K       6.308E-06 9.621E-06 1.107E-05 1.640E-05 1.843E-05 2.706E-05 3.002E-05 4.392E-05 4.834E-05 7.059E-05

 L1      4.678E-07 7.140E-07 8.214E-07 1.218E-06 1.368E-06 2.012E-06 2.230E-06 3.269E-06 3.588E-06 5.258E-06
 L2      2.946E-10 6.680E-10 9.300E-10 1.836E-09 2.661E-09 4.445E-09 6.871E-09 9.955E-09 1.633E-08 2.115E-08
 L3      1.051E-09 1.017E-09 1.609E-09 1.355E-09 2.615E-09 2.249E-09 4.576E-09 4.669E-09 8.547E-09 1.077E-08
 L-tot   4.692E-07 7.157E-07 8.239E-07 1.221E-06 1.373E-06 2.019E-06 2.242E-06 3.283E-06 3.613E-06 5.290E-06

 M1      3.557E-08 5.430E-08 6.246E-08 9.265E-08 1.040E-07 1.530E-07 1.696E-07 2.486E-07 2.729E-07 3.999E-07
 M2      1.594E-11 3.613E-11 5.030E-11 9.932E-11 1.439E-10 2.404E-10 3.716E-10 5.384E-10 8.834E-10 1.144E-09
 M3      5.833E-11 5.641E-11 8.929E-11 7.520E-11 1.451E-10 1.248E-10 2.540E-10 2.592E-10 4.745E-10 5.983E-10
 M-tot   3.565E-08 5.439E-08 6.260E-08 9.282E-08 1.043E-07 1.534E-07 1.702E-07 2.494E-07 2.742E-07 4.017E-07

 IPF     4.451E-04 1.395E-04 1.859E-04 6.429E-05 8.697E-05 3.200E-05 <I> Not Calculated

 Tot     4.519E-04 1.499E-04 1.978E-04 8.200E-05 1.069E-04 6.124E-05 3.243E-05 4.745E-05 5.223E-05 7.628E-05

Without IPF
 Tot(CE) 6.813E-06 1.039E-05 1.196E-05 1.771E-05 1.991E-05 2.923E-05 3.243E-05 4.745E-05 5.223E-05 7.628E-05

     224 :  35P   G 1729      1 100     25                                             A     <Old Card Kept>
     225 :  35P F G FLAG=D                                                                   <Old Card Kept>
 ============================================================================================================
 BrIcc v2.3e (17-Jun-2020)  Z= 15 Egamma= 1994.9 6 keV         Multipolarity=             22:12:53 23-Mar-2025

 Shell    E1        M1        E2        M2        E3        M3        E4        M4        E5        M5
         --------- --------- --------- --------- --------- --------- --------- --------- --------- ---------
 K       5.104E-06 7.597E-06 8.464E-06 1.231E-05 1.341E-05 1.937E-05 2.083E-05 2.998E-05 3.193E-05 4.595E-05

 L1      3.785E-07 5.637E-07 6.280E-07 9.147E-07 9.953E-07 1.440E-06 1.547E-06 2.231E-06 2.372E-06 3.421E-06
 L2      2.101E-10 4.636E-10 6.079E-10 1.189E-09 1.605E-09 2.708E-09 3.863E-09 5.727E-09 8.620E-09 1.151E-08
 L3      7.993E-10 7.803E-10 1.133E-09 9.801E-10 1.693E-09 1.463E-09 2.712E-09 2.681E-09 4.657E-09 5.579E-09
 L-tot   3.795E-07 5.650E-07 6.297E-07 9.168E-07 9.986E-07 1.444E-06 1.553E-06 2.239E-06 2.385E-06 3.438E-06

 M1      2.878E-08 4.287E-08 4.775E-08 6.956E-08 7.569E-08 1.095E-07 1.176E-07 1.697E-07 1.803E-07 2.602E-07
 M2      1.136E-11 2.508E-11 3.288E-11 6.432E-11 8.679E-11 1.464E-10 2.090E-10 3.098E-10 4.662E-10 6.226E-10
 M3      4.432E-11 4.328E-11 6.287E-11 5.436E-11 9.395E-11 8.117E-11 1.505E-10 1.488E-10 2.586E-10 3.098E-10
 M-tot   2.884E-08 4.294E-08 4.785E-08 6.968E-08 7.587E-08 1.097E-07 1.180E-07 1.701E-07 1.811E-07 2.611E-07

 IPF     6.393E-04 2.436E-04 3.118E-04 1.309E-04 1.693E-04 7.521E-05 <I> Not Calculated

 Tot     6.448E-04 2.518E-04 3.209E-04 1.442E-04 1.837E-04 9.613E-05 2.250E-05 3.239E-05 3.450E-05 4.965E-05

Without IPF
 Tot(CE) 5.512E-06 8.204E-06 9.142E-06 1.330E-05 1.448E-05 2.093E-05 2.250E-05 3.239E-05 3.450E-05 4.965E-05

     118 :  35P   G 1994.9    6 100                                                          <Old Card Kept>
 ============================================================================================================
 BrIcc v2.3e (17-Jun-2020)  Z= 15 Egamma= 2279 2 keV           Multipolarity=             22:12:53 23-Mar-2025

 Shell    E1        M1        E2        M2        E3        M3        E4        M4        E5        M5
         --------- --------- --------- --------- --------- --------- --------- --------- --------- ---------
 K       4.230E-06 6.138E-06 6.682E-06 9.527E-06 1.015E-05 1.438E-05 1.513E-05 2.138E-05 2.227E-05 3.146E-05

 L1      3.137E-07 4.554E-07 4.957E-07 7.075E-07 7.532E-07 1.069E-06 1.123E-06 1.590E-06 1.654E-06 2.342E-06
 L2      1.556E-10 3.331E-10 4.165E-10 8.035E-10 1.024E-09 1.733E-09 2.317E-09 3.487E-09 4.888E-09 6.678E-09
 L3      6.276E-10 6.167E-10 8.369E-10 7.400E-10 1.167E-09 1.015E-09 1.732E-09 1.665E-09 2.760E-09 3.137E-09
 L-tot   3.144E-07 4.564E-07 4.970E-07 7.090E-07 7.554E-07 1.072E-06 1.128E-06 1.595E-06 1.662E-06 2.351E-06

 M1      2.385E-08 3.463E-08 3.770E-08 5.380E-08 5.728E-08 8.129E-08 8.544E-08 1.209E-07 1.258E-07 1.781E-07
 M2      8.406E-12 1.800E-11 2.250E-11 4.343E-11 5.535E-11 9.369E-11 1.253E-10 1.885E-10 2.643E-10 3.611E-10
 M3      3.493E-11 3.432E-11 4.656E-11 4.116E-11 6.488E-11 5.641E-11 9.628E-11 9.252E-11 1.533E-10 1.743E-10
 M-tot   2.389E-08 3.469E-08 3.777E-08 5.389E-08 5.740E-08 8.144E-08 8.566E-08 1.212E-07 1.262E-07 1.786E-07

 IPF     8.312E-04 3.616E-04 4.510E-04 2.157E-04 2.710E-04 1.375E-04 <I> Not Calculated

 Tot     8.357E-04 3.682E-04 4.582E-04 2.260E-04 2.820E-04 1.530E-04 1.634E-05 2.310E-05 2.406E-05 3.399E-05

Without IPF
 Tot(CE) 4.568E-06 6.629E-06 7.217E-06 1.029E-05 1.096E-05 1.553E-05 1.634E-05 2.310E-05 2.406E-05 3.399E-05

     144 :  35P   G 2279      2                                                        B     <Old Card Kept>
 ============================================================================================================
 BrIcc v2.3e (17-Jun-2020)  Z= 15 Egamma= 2386.3 6 keV         Multipolarity=  [M1,E2]    22:12:53 23-Mar-2025
                                                     M1/E2 Mixing ratio ASSUMED =1.00 with no uncertainty
 <I> Mixing ratio empty, assumed to be equal to 1.00.
                                        M1+E2 Mixed
 Shell    M1        E2                  Icc      dIcc       dIccDMRL   dIccDMRH
         --------- ---------           --------- --------- ---------- ----------
 K       5.710E-06 6.175E-06           5.942E-06 2.469E-07  2.324E-07  2.324E-07

 L1      4.237E-07 4.581E-07           4.409E-07 1.827E-08  1.720E-08  1.720E-08
 L2      2.977E-10 3.669E-10           3.323E-10 3.487E-11  3.456E-11  3.456E-11
 L3      5.698E-10 7.573E-10           6.635E-10 9.419E-11  9.373E-11  9.373E-11
 L-tot   4.246E-07 4.592E-07           4.419E-07 1.840E-08  1.733E-08  1.733E-08
 K/L     1.345E+01 1.345E+01           1.345E+01 7.910E-01

 M1      3.222E-08 3.484E-08           3.353E-08 1.389E-09  1.307E-09  1.307E-09
 M2      1.609E-11 1.982E-11           1.795E-11 1.885E-12  1.868E-12  1.868E-12
 M3      3.171E-11 4.213E-11           3.692E-11 5.234E-12  5.208E-12  5.208E-12
 M-tot   3.227E-08 3.490E-08           3.358E-08 1.396E-09  1.314E-09  1.314E-09
 L/M     1.316E+01 1.316E+01           1.316E+01 7.742E-01

 IPF     4.070E-04 5.031E-04           4.550E-04 4.849E-05  4.807E-05  4.807E-05

 Tot     4.131E-04 5.098E-04           4.615E-04 4.875E-05  4.832E-05  4.832E-05

Without IPF
 Tot(CE) 6.167E-06 6.669E-06           6.418E-06 2.475E-07

  Compare OLD/NEW cards
      73 :  35P   G 2386.3    6 100        [M1,E2]                                           <Old Card Kept>
      74 :  35P S G  CC=0.00046 5$KC=5.94E-6 25$LC=4.42E-7 18$MC=3.36E-8 14                  <Old Card Kept>
      75 :  35P S G  IPC=0.00046 5                                                           <Old Card Kept>
 ============================================================================================================
 BrIcc v2.3e (17-Jun-2020)  Z= 15 Egamma= 2811 2 keV           Multipolarity=             22:12:53 23-Mar-2025

 Shell    E1        M1        E2        M2        E3        M3        E4        M4        E5        M5
         --------- --------- --------- --------- --------- --------- --------- --------- --------- ---------
 K       3.194E-06 4.442E-06 4.710E-06 6.477E-06 6.735E-06 9.223E-06 9.480E-06 1.295E-05 1.318E-05 1.801E-05

 L1      2.368E-07 3.296E-07 3.494E-07 4.809E-07 4.999E-07 6.852E-07 7.039E-07 9.629E-07 9.791E-07 1.340E-06
 L2      9.957E-11 2.016E-10 2.374E-10 4.435E-10 5.254E-10 8.836E-10 1.085E-09 1.653E-09 2.108E-09 2.953E-09
 L3      4.385E-10 4.340E-10 5.404E-10 4.924E-10 6.879E-10 6.076E-10 9.198E-10 8.555E-10 1.312E-09 1.377E-09
 L-tot   2.374E-07 3.302E-07 3.502E-07 4.818E-07 5.011E-07 6.867E-07 7.059E-07 9.654E-07 9.825E-07 1.344E-06

 M1      1.801E-08 2.506E-08 2.657E-08 3.657E-08 3.802E-08 5.211E-08 5.353E-08 7.323E-08 7.446E-08 1.019E-07
 M2      5.389E-12 1.091E-11 1.284E-11 2.399E-11 2.842E-11 4.780E-11 5.868E-11 8.941E-11 1.140E-10 1.597E-10
 M3      2.430E-11 2.405E-11 2.996E-11 2.729E-11 3.814E-11 3.369E-11 5.102E-11 4.747E-11 7.281E-11 7.641E-11
 M-tot   1.804E-08 2.510E-08 2.661E-08 3.662E-08 3.808E-08 5.219E-08 5.364E-08 7.337E-08 7.464E-08 1.021E-07

 IPF     1.147E-03 5.845E-04 7.007E-04 3.922E-04 4.712E-04 2.778E-04 <I> Not Calculated

 Tot     1.150E-03 5.893E-04 7.058E-04 3.992E-04 4.785E-04 2.878E-04 1.024E-05 1.399E-05 1.424E-05 1.946E-05

Without IPF
 Tot(CE) 3.449E-06 4.797E-06 5.087E-06 6.996E-06 7.274E-06 9.961E-06 1.024E-05 1.399E-05 1.424E-05 1.946E-05

     192 :  35P   G 2811      2                                                        B     <Old Card Kept>
 ============================================================================================================
 BrIcc v2.3e (17-Jun-2020)  Z= 15 Egamma= 3173.5 10 keV        Multipolarity=             22:12:53 23-Mar-2025

 Shell    E1        M1        E2        M2        E3        M3        E4        M4        E5        M5
         --------- --------- --------- --------- --------- --------- --------- --------- --------- ---------
 K       2.734E-06 3.709E-06 3.890E-06 5.234E-06 5.392E-06 7.228E-06 7.366E-06 9.857E-06 9.946E-06 1.331E-05

 L1      2.027E-07 2.752E-07 2.886E-07 3.886E-07 4.002E-07 5.370E-07 5.469E-07 7.326E-07 7.386E-07 9.897E-07
 L2      7.804E-11 1.525E-10 1.746E-10 3.189E-10 3.652E-10 6.084E-10 7.174E-10 1.095E-09 1.334E-09 1.884E-09
 L3      3.607E-10 3.579E-10 4.284E-10 3.961E-10 5.222E-10 4.666E-10 6.633E-10 6.102E-10 8.933E-10 9.008E-10
 L-tot   2.032E-07 2.757E-07 2.892E-07 3.893E-07 4.011E-07 5.380E-07 5.483E-07 7.343E-07 7.409E-07 9.925E-07

 M1      1.542E-08 2.093E-08 2.195E-08 2.955E-08 3.043E-08 4.083E-08 4.159E-08 5.572E-08 5.617E-08 7.527E-08
 M2      4.225E-12 8.250E-12 9.450E-12 1.725E-11 1.976E-11 3.291E-11 3.881E-11 5.922E-11 7.214E-11 1.019E-10
 M3      1.998E-11 1.982E-11 2.373E-11 2.194E-11 2.894E-11 2.586E-11 3.677E-11 3.384E-11 4.954E-11 4.998E-11
 M-tot   1.544E-08 2.095E-08 2.198E-08 2.959E-08 3.048E-08 4.089E-08 4.167E-08 5.581E-08 5.629E-08 7.542E-08

 IPF     1.328E-03 7.286E-04 8.583E-04 5.136E-04 6.054E-04 3.809E-04 <I> Not Calculated

 Tot     1.331E-03 7.326E-04 8.625E-04 5.193E-04 6.113E-04 3.887E-04 7.956E-06 1.065E-05 1.074E-05 1.438E-05

Without IPF
 Tot(CE) 2.953E-06 4.006E-06 4.201E-06 5.653E-06 5.824E-06 7.807E-06 7.956E-06 1.065E-05 1.074E-05 1.438E-05

     206 :  35P   G 3173.5    10 100    17                                                   <Old Card Kept>
 ============================================================================================================
 BrIcc v2.3e (17-Jun-2020)  Z= 15 Egamma= 3860.2 10 keV        Multipolarity=  [E2]       22:12:53 23-Mar-2025

 Shell    E2       dIcc
         --------- ----------
 K       2.899E-06  4.060E-08

 L1      2.151E-07  3.012E-09
 L2      1.093E-10  1.531E-12
 L3      3.027E-10  4.240E-12
 L-tot   2.155E-07  3.018E-09
 K/L     1.345E+01  2.665E-01

 M1      1.635E-08  2.290E-10
 M2      5.904E-12  8.274E-14
 M3      1.684E-11  2.358E-13
 M-tot   1.638E-08  2.293E-10
 L/M     1.316E+01  2.606E-01

 IPF     1.120E-03  1.569E-05

 Tot     1.123E-03  1.573E-05

Without IPF
 Tot(CE) 3.131E-06  4.071E-08

  Compare OLD/NEW cards
      88 :  35P   G 3860.2    10 100.0  32 [E2]                   1.12E-3 2                  <Old Card Kept>
      89 :  35P S G  KC=2.90E-6 4$LC=2.155E-7 30$MC=1.638E-8 23                              <Old Card Kept>
      90 :  35P S G  IPC=0.001120 16                                                         <Old Card Kept>
 ============================================================================================================
 BrIcc v2.3e (17-Jun-2020)  Z= 15 Egamma= 4101.4 10 keV        Multipolarity=  [E3]       22:12:53 23-Mar-2025

 Shell    E3       dIcc
         --------- ----------
 K       3.470E-06  4.861E-08

 L1      2.575E-07  3.607E-09
 L2      1.780E-10  2.495E-12
 L3      3.107E-10  4.352E-12
 L-tot   2.580E-07  3.614E-09
 K/L     1.345E+01  2.664E-01

 M1      1.959E-08  2.743E-10
 M2      9.619E-12  1.348E-13
 M3      1.729E-11  2.422E-13
 M-tot   1.961E-08  2.747E-10
 L/M     1.316E+01  2.606E-01

 IPF     9.203E-04  1.289E-05

 Tot     9.241E-04  1.294E-05

Without IPF
 Tot(CE) 3.748E-06  4.874E-08

  Compare OLD/NEW cards
     108 :  35P   G 4101.4    10 54     8  [E3]                                        A     <Old Card Kept>
     109 :  35P S G  CC=0.000924 13$KC=3.47E-6 5$LC=2.58E-7 4$MC=1.961E-8 27                 <Old Card Kept>
     110 :  35P S G  IPC=0.000920 13                                                         <Old Card Kept>
 ============================================================================================================
 BrIcc v2.3e (17-Jun-2020)  Z= 15 Egamma= 4668 2 keV           Multipolarity=             22:12:53 23-Mar-2025

 Shell    E1        M1        E2        M2        E3        M3        E4        M4        E5        M5
         --------- --------- --------- --------- --------- --------- --------- --------- --------- ---------
 K       1.712E-06 2.154E-06 2.212E-06 2.779E-06 2.816E-06 3.532E-06 3.549E-06 4.448E-06 4.433E-06 5.556E-06

 L1      1.269E-07 1.598E-07 1.641E-07 2.062E-07 2.090E-07 2.623E-07 2.635E-07 3.304E-07 3.291E-07 4.128E-07
 L2      3.833E-11 6.624E-11 7.145E-11 1.194E-10 1.270E-10 2.010E-10 2.164E-10 3.235E-10 3.542E-10 5.016E-10
 L3      2.031E-10 2.025E-10 2.222E-10 2.128E-10 2.458E-10 2.283E-10 2.769E-10 2.551E-10 3.230E-10 3.038E-10
 L-tot   1.272E-07 1.601E-07 1.644E-07 2.066E-07 2.094E-07 2.627E-07 2.639E-07 3.310E-07 3.298E-07 4.136E-07

 M1      9.653E-09 1.215E-08 1.248E-08 1.568E-08 1.589E-08 1.994E-08 2.003E-08 2.513E-08 2.503E-08 3.139E-08
 M2      2.069E-12 3.578E-12 3.859E-12 6.450E-12 6.862E-12 1.086E-11 1.169E-11 1.748E-11 1.915E-11 2.711E-11
 M3      1.131E-11 1.128E-11 1.237E-11 1.185E-11 1.368E-11 1.271E-11 1.541E-11 1.419E-11 1.796E-11 1.689E-11
 M-tot   9.666E-09 1.217E-08 1.249E-08 1.570E-08 1.591E-08 1.997E-08 2.006E-08 2.516E-08 2.507E-08 3.144E-08

 IPF     1.913E-03 1.240E-03 1.389E-03 9.674E-04 1.091E-03 7.897E-04 <I> Not Calculated

 Tot     1.915E-03 1.242E-03 1.391E-03 9.704E-04 1.094E-03 7.935E-04 3.833E-06 4.804E-06 4.787E-06 6.001E-06

Without IPF
 Tot(CE) 1.849E-06 2.326E-06 2.389E-06 3.001E-06 3.041E-06 3.815E-06 3.833E-06 4.804E-06 4.787E-06 6.001E-06

     145 :  35P   G 4668      2                                                        B     <Old Card Kept>
 ============================================================================================================
 BrIcc v2.3e (17-Jun-2020)  Z= 15 Egamma= 5202 2 keV           Multipolarity=             22:12:53 23-Mar-2025

 Shell    E1        M1        E2        M2        E3        M3        E4        M4        E5        M5
         --------- --------- --------- --------- --------- --------- --------- --------- --------- ---------
 K       1.509E-06 1.864E-06 1.907E-06 2.353E-06 2.379E-06 2.932E-06 2.941E-06 3.623E-06 3.606E-06 4.443E-06

 L1      1.119E-07 1.382E-07 1.414E-07 1.746E-07 1.765E-07 2.177E-07 2.183E-07 2.691E-07 2.678E-07 3.301E-07
 L2      3.189E-11 5.323E-11 5.679E-11 9.230E-11 9.692E-11 1.505E-10 1.593E-10 2.354E-10 2.525E-10 3.557E-10
 L3      1.747E-10 1.744E-10 1.882E-10 1.815E-10 2.044E-10 1.918E-10 2.251E-10 2.088E-10 2.551E-10 2.388E-10
 L-tot   1.121E-07 1.385E-07 1.417E-07 1.749E-07 1.768E-07 2.180E-07 2.187E-07 2.695E-07 2.683E-07 3.307E-07

 M1      8.512E-09 1.051E-08 1.075E-08 1.328E-08 1.342E-08 1.655E-08 1.660E-08 2.046E-08 2.036E-08 2.510E-08
 M2      1.723E-12 2.877E-12 3.069E-12 4.990E-12 5.239E-12 8.138E-12 8.611E-12 1.273E-11 1.365E-11 1.923E-11
 M3      9.707E-12 9.687E-12 1.045E-11 1.008E-11 1.135E-11 1.065E-11 1.251E-11 1.160E-11 1.417E-11 1.327E-11
 M-tot   8.523E-09 1.052E-08 1.077E-08 1.329E-08 1.344E-08 1.657E-08 1.662E-08 2.049E-08 2.039E-08 2.514E-08

 IPF     2.080E-03 1.390E-03 1.540E-03 1.103E-03 1.242E-03 9.206E-04 <I> Not Calculated

 Tot     2.081E-03 1.392E-03 1.542E-03 1.106E-03 1.244E-03 9.237E-04 3.177E-06 3.913E-06 3.895E-06 4.799E-06

Without IPF
 Tot(CE) 1.630E-06 2.013E-06 2.059E-06 2.541E-06 2.569E-06 3.167E-06 3.177E-06 3.913E-06 3.895E-06 4.799E-06

     193 :  35P   G 5202      2                                                        B     <Old Card Kept>
 ============================================================================================================
 BrIcc v2.3e (17-Jun-2020)  Z= 15 Egamma= 5709 2 keV           Multipolarity=             22:12:53 23-Mar-2025

 Shell    E1        M1        E2        M2        E3        M3        E4        M4        E5        M5
         --------- --------- --------- --------- --------- --------- --------- --------- --------- ---------
 K       1.357E-06 1.649E-06 1.683E-06 2.047E-06 2.066E-06 2.511E-06 2.516E-06 3.056E-06 3.040E-06 3.693E-06

 L1      1.006E-07 1.223E-07 1.249E-07 1.519E-07 1.533E-07 1.864E-07 1.867E-07 2.269E-07 2.257E-07 2.743E-07
 L2      2.737E-11 4.435E-11 4.694E-11 7.449E-11 7.749E-11 1.183E-10 1.236E-10 1.807E-10 1.909E-10 2.673E-10
 L3      1.541E-10 1.538E-10 1.641E-10 1.591E-10 1.758E-10 1.663E-10 1.905E-10 1.778E-10 2.114E-10 1.978E-10
 L-tot   1.008E-07 1.225E-07 1.251E-07 1.521E-07 1.536E-07 1.866E-07 1.871E-07 2.273E-07 2.261E-07 2.748E-07

 M1      7.652E-09 9.304E-09 9.495E-09 1.155E-08 1.166E-08 1.417E-08 1.420E-08 1.726E-08 1.717E-08 2.086E-08
 M2      1.481E-12 2.400E-12 2.540E-12 4.030E-12 4.193E-12 6.400E-12 6.689E-12 9.776E-12 1.033E-11 1.445E-11
 M3      8.540E-12 8.527E-12 9.096E-12 8.820E-12 9.748E-12 9.221E-12 1.057E-11 9.861E-12 1.173E-11 1.098E-11
 M-tot   7.662E-09 9.315E-09 9.507E-09 1.156E-08 1.167E-08 1.419E-08 1.422E-08 1.728E-08 1.719E-08 2.089E-08

 IPF     2.216E-03 1.515E-03 1.677E-03 1.224E-03 1.367E-03 1.034E-03 <I> Not Calculated

 Tot     2.217E-03 1.516E-03 1.679E-03 1.226E-03 1.370E-03 1.037E-03 2.717E-06 3.300E-06 3.284E-06 3.988E-06

Without IPF
 Tot(CE) 1.465E-06 1.781E-06 1.818E-06 2.211E-06 2.232E-06 2.711E-06 2.717E-06 3.300E-06 3.284E-06 3.988E-06

     212 :  35P   G 5709      2                                                        B     <Old Card Kept>
 ============================================================================================================
 BrIcc v2.3e (17-Jun-2020)  Z= 15 Egamma= 7526 2 keV           Multipolarity=             22:12:53 23-Mar-2025
 <W> Transition energy is outside the range of the BrIcc tables.

 Shell    E1        M1        E2        M2        E3        M3        E4        M4        E5        M5
         --------- --------- --------- --------- --------- --------- --------- --------- --------- ---------



 IPF     2.620E-03 1.892E-03 2.045E-03 1.573E-03 1.795E-03 1.440E-03 <I> Not Calculated


Without IPF

     236 :  35P   G 7526      2                                                              <Old Card Kept>
