Program for consistency check: output for Error and Warnings (version 02/26/2025)
Generated at: Sat 03/22/2025 at 07:58:11 PM EDT

################################################################################
In Adopted dataset of 60ZN

 60ZN  L 0.0          0+               2.38 M    5                          F   
 60ZNX L XREF=ABCDEFG
         *                                                                        <W> No input dataset with XREF tag=A for DSID=60GA EC DECAY (69.4 MS)
                                                                                      No input dataset with XREF tag=B for DSID=61GE ECP DECAY
                                                                                      No input dataset with XREF tag=C for DSID=40CA(28SI,2AG),(32S,3AG)
                                                                                      No input dataset with XREF tag=D for DSID=58NI(3HE,N)
                                                                                      No input dataset with XREF tag=E for DSID=58NI(3HE,NG)
                                                                                      No input dataset with XREF tag=F for DSID=58NI(12C,10BE)
                                                                                      No input dataset with XREF tag=G for DSID=58NI(16O,14C)
 60ZN  L 1003.90   20 2+                                                    F   
 60ZNX L XREF=ACD(1019)EFG
         *                                                                        <W> No input dataset with XREF tag=A for DSID=60GA EC DECAY (69.4 MS)
                                                                                      No input dataset with XREF tag=C for DSID=40CA(28SI,2AG),(32S,3AG)
                                                                                      No input dataset with XREF tag=D for DSID=58NI(3HE,N)
                                                                                      No input dataset with XREF tag=E for DSID=58NI(3HE,NG)
                                                                                      No input dataset with XREF tag=F for DSID=58NI(12C,10BE)
                                                                                      No input dataset with XREF tag=G for DSID=58NI(16O,14C)
 60ZN  L 2193.0    5  4+                                                    F   
 60ZNX L XREF=CD(2210)EF
         *                                                                        <W> No input dataset with XREF tag=C for DSID=40CA(28SI,2AG),(32S,3AG)
                                                                                      No input dataset with XREF tag=D for DSID=58NI(3HE,N)
                                                                                      No input dataset with XREF tag=E for DSID=58NI(3HE,NG)
                                                                                      No input dataset with XREF tag=F for DSID=58NI(12C,10BE)
 60ZN  L 2559.0    5  (2+)                                                      
 60ZNX L XREF=A
         *                                                                        <W> No input dataset with XREF tag=A for DSID=60GA EC DECAY (69.4 MS)
 60ZN  L 3034.9    11                                                           
 60ZNX L XREF=E
         *                                                                        <W> No input dataset with XREF tag=E for DSID=58NI(3HE,NG)
 60ZN  L 3.2E+3    1                                                            
 60ZNX L XREF=G
         *                                                                        <W> No input dataset with XREF tag=G for DSID=58NI(16O,14C)
 60ZN  L 3510.3    6  (3+)                                                      
 60ZNX L XREF=E
         *                                                                        <W> No input dataset with XREF tag=E for DSID=58NI(3HE,NG)
 60ZN  L 3520      30                                                           
 60ZNX L XREF=D
         *                                                                        <W> No input dataset with XREF tag=D for DSID=58NI(3HE,N)
 60ZN  L 3627.0    11                                                           
 60ZNX L XREF=EF(3590)
         *                                                                        <W> No input dataset with XREF tag=E for DSID=58NI(3HE,NG)
                                                                                      No input dataset with XREF tag=F for DSID=58NI(12C,10BE)
 60ZN  L 3710      50 (4+)                                                  E   
 60ZNX L XREF=F
         *                                                                        <W> No input dataset with XREF tag=F for DSID=58NI(12C,10BE)
 60ZN  L 3808.4    7  6+                                                    F   
 60ZNX L XREF=CF(3840*)G(*)
         *                                                                        <W> No input dataset with XREF tag=C for DSID=40CA(28SI,2AG),(32S,3AG)
                                                                                      No input dataset with XREF tag=F for DSID=58NI(12C,10BE)
                                                                                      No input dataset with XREF tag=G for DSID=58NI(16O,14C)
 60ZN  L 3812.0    11                                                           
 60ZNX L XREF=EF(3840*)G(*)
         *                                                                        <W> No input dataset with XREF tag=E for DSID=58NI(3HE,NG)
                                                                                      No input dataset with XREF tag=F for DSID=58NI(12C,10BE)
                                                                                      No input dataset with XREF tag=G for DSID=58NI(16O,14C)
 60ZN  L 3972.4    8  2                                                     D   
 60ZNX L XREF=EG(*)
         *                                                                        <W> No input dataset with XREF tag=E for DSID=58NI(3HE,NG)
                                                                                      No input dataset with XREF tag=G for DSID=58NI(16O,14C)
 60ZN  L 3980      30                                                           
 60ZNX L XREF=DG(*)
         *                                                                        <W> No input dataset with XREF tag=D for DSID=58NI(3HE,N)
                                                                                      No input dataset with XREF tag=G for DSID=58NI(16O,14C)
 60ZN  L 4180      30 (0+,2+)                                                   
 60ZNX L XREF=D
         *                                                                        <W> No input dataset with XREF tag=D for DSID=58NI(3HE,N)
 60ZN  L 4200.1    8  5(+)                                                  D   
 60ZNX L XREF=E
         *                                                                        <W> No input dataset with XREF tag=E for DSID=58NI(3HE,NG)
 60ZN  L 4351.0    11 5(+)                                                  D   
 60ZNX L XREF=E
         *                                                                        <W> No input dataset with XREF tag=E for DSID=58NI(3HE,NG)
 60ZN  L 4400      50 (5-)                                                  E   
 60ZNX L XREF=F
         *                                                                        <W> No input dataset with XREF tag=F for DSID=58NI(12C,10BE)
 60ZN  L 4776.0    11 5(+)                                                  D   
 60ZNX L XREF=EG(*)
         *                                                                        <W> No input dataset with XREF tag=E for DSID=58NI(3HE,NG)
                                                                                      No input dataset with XREF tag=G for DSID=58NI(16O,14C)
 60ZN  L 4852.2    7  (2+)                                                      
 60ZNX L XREF=AG(*)
         *                                                                        <W> No input dataset with XREF tag=A for DSID=60GA EC DECAY (69.4 MS)
                                                                                      No input dataset with XREF tag=G for DSID=58NI(16O,14C)
 60ZN  L 4913.3    9  2+                                                        
 60ZNX L XREF=D(4930)E
         *                                                                        <W> No input dataset with XREF tag=D for DSID=58NI(3HE,N)
                                                                                      No input dataset with XREF tag=E for DSID=58NI(3HE,NG)
 60ZN  L 5200      60 2+                                                        
 60ZNX L XREF=D
         *                                                                        <W> No input dataset with XREF tag=D for DSID=58NI(3HE,N)
 60ZN  L 5292.1    9  8+                                                    F   
 60ZNX L XREF=C
         *                                                                        <W> No input dataset with XREF tag=C for DSID=40CA(28SI,2AG),(32S,3AG)
 60ZN  L 5300      50 (7-)                                                      
 60ZNX L XREF=F
         *                                                                        <W> No input dataset with XREF tag=F for DSID=58NI(12C,10BE)
 60ZN  L 5337.3    11 3(+),4(+)                                             D   
 60ZNX L XREF=E
         *                                                                        <W> No input dataset with XREF tag=E for DSID=58NI(3HE,NG)
 60ZN  L 5503.5    13 2+                                                        
 60ZNX L XREF=D(5520)E
         *                                                                        <W> No input dataset with XREF tag=D for DSID=58NI(3HE,N)
                                                                                      No input dataset with XREF tag=E for DSID=58NI(3HE,NG)
 60ZN  L 5970      70                                                           
 60ZNX L XREF=F
         *                                                                        <W> No input dataset with XREF tag=F for DSID=58NI(12C,10BE)
 60ZN  L 6360      70                                                           
 60ZNX L XREF=F
         *                                                                        <W> No input dataset with XREF tag=F for DSID=58NI(12C,10BE)
 60ZN  L 6639.2    10                                                           
 60ZNX L XREF=DE
         *                                                                        <W> No input dataset with XREF tag=D for DSID=58NI(3HE,N)
                                                                                      No input dataset with XREF tag=E for DSID=58NI(3HE,NG)
 60ZN  L 6950      50 (8+)                                                      
 60ZNX L XREF=F
         *                                                                        <W> No input dataset with XREF tag=F for DSID=58NI(12C,10BE)
 60ZN  L 7130      70                                                           
 60ZNX L XREF=F
         *                                                                        <W> No input dataset with XREF tag=F for DSID=58NI(12C,10BE)
 60ZN  L 7372.5    22 4                                                     D   
 60ZNX L XREF=EF(7350*)G(*)
         *                                                                        <W> No input dataset with XREF tag=E for DSID=58NI(3HE,NG)
                                                                                      No input dataset with XREF tag=F for DSID=58NI(12C,10BE)
                                                                                      No input dataset with XREF tag=G for DSID=58NI(16O,14C)
 60ZN  L 7380      30 0+                                                    A   
 60ZNX L XREF=DF(7350*)G(*)
         *                                                                        <W> No input dataset with XREF tag=D for DSID=58NI(3HE,N)
                                                                                      No input dataset with XREF tag=F for DSID=58NI(12C,10BE)
                                                                                      No input dataset with XREF tag=G for DSID=58NI(16O,14C)
 60ZN  L 7660      70                                                           
 60ZNX L XREF=F
         *                                                                        <W> No input dataset with XREF tag=F for DSID=58NI(12C,10BE)
 60ZN  L 7980      50 (8+)                                                  E   
 60ZNX L XREF=F
         *                                                                        <W> No input dataset with XREF tag=F for DSID=58NI(12C,10BE)
 60ZN  L 8.28E3    5  (6+)                                                      
 60ZNX L XREF=FG
         *                                                                        <W> No input dataset with XREF tag=F for DSID=58NI(12C,10BE)
                                                                                      No input dataset with XREF tag=G for DSID=58NI(16O,14C)
 60ZN  L 8475.7    14 10+                                                       
 60ZNX L XREF=C
         *                                                                        <W> No input dataset with XREF tag=C for DSID=40CA(28SI,2AG),(32S,3AG)
 60ZN  L 8636.3    18 (10+)                                                     
 60ZNX L XREF=C
         *                                                                        <W> No input dataset with XREF tag=C for DSID=40CA(28SI,2AG),(32S,3AG)
 60ZN  L 8702.3    13                                                       E   
 60ZNX L XREF=D(8730)EF(8750)
         *                                                                        <W> No input dataset with XREF tag=D for DSID=58NI(3HE,N)
                                                                                      No input dataset with XREF tag=E for DSID=58NI(3HE,NG)
                                                                                      No input dataset with XREF tag=F for DSID=58NI(12C,10BE)
 60ZN  L 9620.4    19 (8+)                                                  I   
 60ZNX L XREF=C
         *                                                                        <W> No input dataset with XREF tag=C for DSID=40CA(28SI,2AG),(32S,3AG)
 60ZN  L 10756.4   18 (10+)                                                 I   
 60ZNX L XREF=CG(*)
         *                                                                        <W> No input dataset with XREF tag=C for DSID=40CA(28SI,2AG),(32S,3AG)
                                                                                      No input dataset with XREF tag=G for DSID=58NI(16O,14C)
 60ZN  L 10.8E+3   2                                                           ?
 60ZNX L XREF=G(*)
         *                                                                        <W> No input dataset with XREF tag=G for DSID=58NI(16O,14C)
 60ZN  L 12132.1   17 (12+)                                                 I   
 60ZNX L XREF=C
         *                                                                        <W> No input dataset with XREF tag=C for DSID=40CA(28SI,2AG),(32S,3AG)
 60ZN  L 13.2E+3   2                                                            
 60ZNX L XREF=G
         *                                                                        <W> No input dataset with XREF tag=G for DSID=58NI(16O,14C)
 60ZN  L 13698.0   18 (14+)                                                 I   
 60ZNX L XREF=C
         *                                                                        <W> No input dataset with XREF tag=C for DSID=40CA(28SI,2AG),(32S,3AG)
 60ZN  L 15437.3   19 (16+)                                                 I   
 60ZNX L XREF=C
         *                                                                        <W> No input dataset with XREF tag=C for DSID=40CA(28SI,2AG),(32S,3AG)
 60ZN  L 17322.8   20 (18+)                                                 I   
 60ZNX L XREF=C
         *                                                                        <W> No input dataset with XREF tag=C for DSID=40CA(28SI,2AG),(32S,3AG)
 60ZN  L 19352.7   21 (20+)                                                 I   
 60ZNX L XREF=C
         *                                                                        <W> No input dataset with XREF tag=C for DSID=40CA(28SI,2AG),(32S,3AG)
 60ZN  L 21596.9   23 (22+)                                                 I   
 60ZNX L XREF=C
         *                                                                        <W> No input dataset with XREF tag=C for DSID=40CA(28SI,2AG),(32S,3AG)
 60ZN  L 24132.0   25 (24+)                                                 I   
 60ZNX L XREF=C
         *                                                                        <W> No input dataset with XREF tag=C for DSID=40CA(28SI,2AG),(32S,3AG)
 60ZN  L 27007     3  (26+)                                                 I   
 60ZNX L XREF=C
         *                                                                        <W> No input dataset with XREF tag=C for DSID=40CA(28SI,2AG),(32S,3AG)
 60ZN  L 30257     3  (28+)                                                 I   
 60ZNX L XREF=C
         *                                                                        <W> No input dataset with XREF tag=C for DSID=40CA(28SI,2AG),(32S,3AG)
 60ZN  L 33899     5  (30+)                                                 I   
 60ZNX L XREF=C
         *                                                                        <W> No input dataset with XREF tag=C for DSID=40CA(28SI,2AG),(32S,3AG)
 60ZN  L 0+X                                                                G   
 60ZNX L XREF=C
         *                                                                        <W> No input dataset with XREF tag=C for DSID=40CA(28SI,2AG),(32S,3AG)
 60ZN  L 567.3+X   9                                                        G   
 60ZNX L XREF=C
         *                                                                        <W> No input dataset with XREF tag=C for DSID=40CA(28SI,2AG),(32S,3AG)
 60ZN  L 1575.6+X  23                                                       G   
 60ZNX L XREF=C
         *                                                                        <W> No input dataset with XREF tag=C for DSID=40CA(28SI,2AG),(32S,3AG)
 60ZN  L 3046+X    3                                                        G   
 60ZNX L XREF=C
         *                                                                        <W> No input dataset with XREF tag=C for DSID=40CA(28SI,2AG),(32S,3AG)
 60ZN  L 4967+X    3                                                        G   
 60ZNX L XREF=C
         *                                                                        <W> No input dataset with XREF tag=C for DSID=40CA(28SI,2AG),(32S,3AG)
 60ZN  L 7300+X    3                                                        G   
 60ZNX L XREF=C
         *                                                                        <W> No input dataset with XREF tag=C for DSID=40CA(28SI,2AG),(32S,3AG)
 60ZN  L 0+Y                                                                H   
 60ZNX L XREF=C
         *                                                                        <W> No input dataset with XREF tag=C for DSID=40CA(28SI,2AG),(32S,3AG)
 60ZN  L 756.6+Y   9                                                        H   
 60ZNX L XREF=C
         *                                                                        <W> No input dataset with XREF tag=C for DSID=40CA(28SI,2AG),(32S,3AG)
 60ZN  L 2005.0+Y  13                                                       H   
 60ZNX L XREF=C
         *                                                                        <W> No input dataset with XREF tag=C for DSID=40CA(28SI,2AG),(32S,3AG)
 60ZN  L 3697.0+Y  15                                                       H   
 60ZNX L XREF=C
         *                                                                        <W> No input dataset with XREF tag=C for DSID=40CA(28SI,2AG),(32S,3AG)
 60ZN  L 5832.7+Y  18                                                       H   
 60ZNX L XREF=C
         *                                                                        <W> No input dataset with XREF tag=C for DSID=40CA(28SI,2AG),(32S,3AG)
 60ZN  L 8414.4+Y  22                                                       H   
 60ZNX L XREF=C
         *                                                                        <W> No input dataset with XREF tag=C for DSID=40CA(28SI,2AG),(32S,3AG)


End of report
