                 Program BrIcc v2.3e (17-Jun-2020)               
 
  Theoretical Dirac-Fock conversion coefficients based on the "Frozen Orbital"
                         Approximation
  ICC data file:  D:\X\ND\Files\A60\finished\Zn60\temp_merge\BrIccFOV22.icc
  ICC index file: D:\X\ND\Files\A60\finished\Zn60\temp_merge\BrIccFOV22.idx
  Average difference between experimental and theoretical ICC: -1.01(21)%
  Average difference between interpolated and theoretical ICC: +0.0(3)%
  Adopted theoretical uncertainty:  1.4% of the ICC
  Minimum CC value to put on G-record: 1.00E-03
  Assumed MR value for E2/M1: MR= 1.00
                   for M3/E2, E4/M3, M5/E4, M2/E1, M4/E3, E5/M4: MR= 0.10
                   for E3/M2: MR= 1.00
 
  Input ENSDF file: D:\X\ND\Files\A60\finished\Zn60\temp_merge\2001MA96,2021OR01.tmp
  Processed on: 22:01:01 21-Mar-2025
  Operating system: Win64
 
 
       1 :  60ZN    60GA EC DECAY (69.4 MS)       2001MA96,2021OR01         ENSDF    202709
       8 :  60ZN DG CC$FROM BrIcc v2.3e (17-Jun-2020) 2008Ki07, "Frozen Orbitals" appr.    
      48 :  60ZN  G 669.3     3 0.58    15                                                 
      49 :  60ZN  G 850.8     1 1.21    16                                                 
      50 :  60ZN  G 913.9     3 0.48    16                                                 
      51 :  60ZN  G 1028.6    2 0.61    13                                                 
      52 :  60ZN  G 1188.4    1 2.58    16                                                 
      53 :  60ZN  G 1201.8    2 0.47    11                                                 
      54 :  60ZN  G 1413.7    2 0.57    11                                                 
      55 :  60ZN  G 1442.1    1 0.65    13                                                 
      56 :  60ZN  G 1481.4    1 2.10    16                                                 
      57 :  60ZN  G 1780.8    6 0.32    16                                                 
      58 :  60ZN  G 2047.2    4 1.13    32                                                 
      59 :  60ZN  G 2334.2    3 1.29    32                                                 
      60 :  60ZN  G 2434.2    2 2.90    32                                                 
      61 :  60ZN  G 2624.3    5 0.48    16                                                 
      62 :  60ZN  G 2826.0    2 2.10    32                                                 
      63 :  60ZN  G 2884.0    4 1.29    32                                                 
      64 :  60ZN  G 2996.8    2 3.2     5                                                  
      65 :  60ZN  G 3337.4    1 11.5    10                                                 
      66 :  60ZN  G 3394.8    1 11.3    10                                                 
      67 :  60ZN  G 3889.1    3 4.5     13                                                 
      68 :  60ZN  G 4000.9    2 4.5     7                                                  
      69 :  60ZN  G 4805.0    4 0.65    16                                                 
      70 :  60ZN  G 4850.2    5 0.32    16                                                 
      71 :  60ZN  G 4891.9    3 0.65    16                                                 
      74 :  60ZN  G 1003.5    1 100     5                                                  
      75 :  60ZN cG E$from 2021Or01. Other: 1003.7 {I2} (2001Ma96)                         
      76 :  60ZN cG RI$from 2021Or01. Other: 100 {I17} (2001Ma96)                          
      78 :  60ZN  G 1554.7    3 11.3    8                                                  
      79 :  60ZN cG E$from 2021Or01. Other: 1554.9 {I6} (2001Ma96)                         
      80 :  60ZN cG RI$from 2021Or01. Other: 12 {I5} (2001Ma96)                            
      81 :  60ZN  G 2558.8    4 13.7    10                                                 
      82 :  60ZN cG E$weighted average of 2559.0 {I8} (2001Ma96) and 2558.7 {I4} (2021Or01)
      83 :  60ZN cG RI$from 2021Or01. Other: 13 {I5} (2001Ma96)                            
      86 :  60ZN  G 2293.2    4 10.2    8                                                  
      87 :  60ZN cG E$from 2021Or01. Other: 2293.0 {I10} (2001Ma96)                        
      88 :  60ZN cG RI$from 2021Or01. Other: 10 {I5} (2001Ma96)                            
      89 :  60ZN  G 3848.5    4 61      5                                                  
      90 :  60ZN cG E$from 2021Or01. Other: 3848.3 {I7} (2001Ma96)                         
      91 :  60ZN cG RI$from 2021Or01. Other: 57 {I13} (2001Ma96)                           
 
 DATA SET ===================================================================================================
       1 :  60ZN    60GA EC DECAY (69.4 MS)       2001MA96,2021OR01         ENSDF    202709
 
      34 :  60ZN DG CC$FROM BrIcc v2.3e (17-Jun-2020) 2008Ki07, "Frozen Orbitals" appr.      <New Card>
 ============================================================================================================
 BrIcc v2.3e (17-Jun-2020)  Z= 30 Egamma= 669.3 3 keV          Multipolarity=             22:01:01 21-Mar-2025

 Shell    E1        M1        E2        M2        E3        M3        E4        M4        E5        M5
         --------- --------- --------- --------- --------- --------- --------- --------- --------- ---------
 K       2.642E-04 5.209E-04 7.472E-04 1.428E-03 1.887E-03 3.612E-03 4.597E-03 8.926E-03 1.101E-02 2.191E-02

 L1      2.570E-05 5.125E-05 7.266E-05 1.422E-04 1.836E-04 3.641E-04 4.477E-04 9.120E-04 1.075E-03 2.269E-03
 L2      2.124E-07 5.896E-07 1.488E-06 2.866E-06 8.475E-06 1.140E-05 3.872E-05 4.087E-05 1.537E-04 1.372E-04
 L3      4.255E-07 3.548E-07 1.563E-06 1.116E-06 5.819E-06 5.755E-06 2.126E-05 2.877E-05 7.483E-05 1.261E-04
 L-tot   2.634E-05 5.219E-05 7.571E-05 1.461E-04 1.979E-04 3.812E-04 5.077E-04 9.816E-04 1.303E-03 2.532E-03

 M1      3.682E-06 7.351E-06 1.041E-05 2.042E-05 2.631E-05 5.237E-05 6.413E-05 1.314E-04 1.540E-04 3.275E-04
 M2      2.977E-08 8.276E-08 2.089E-07 4.025E-07 1.191E-06 1.602E-06 5.446E-06 5.748E-06 2.163E-05 1.931E-05
 M3      5.949E-08 4.961E-08 2.187E-07 1.562E-07 8.150E-07 8.078E-07 2.980E-06 4.047E-06 1.049E-05 1.777E-05
 M4      2.127E-11 2.045E-11 8.175E-11 1.020E-10 3.565E-10 7.818E-10 2.579E-09 5.324E-09 1.887E-08 3.022E-08
 M5      4.428E-11 3.595E-11 1.120E-10 7.558E-11 3.598E-10 2.281E-10 1.666E-09 1.330E-09 8.777E-09 9.744E-09
 M-tot   3.771E-06 7.483E-06 1.083E-05 2.098E-05 2.831E-05 5.478E-05 7.256E-05 1.412E-04 1.861E-04 3.646E-04

 N1      1.512E-07 3.019E-07 4.273E-07 8.388E-07 1.080E-06 2.151E-06 2.633E-06 5.399E-06 6.322E-06 1.345E-05
 N-tot   1.512E-07 3.019E-07 4.273E-07 8.388E-07 1.080E-06 2.151E-06 2.633E-06 5.399E-06 6.322E-06 1.345E-05
 Tot     1.135E+08 <I> Not Calculated

 Tot     2.945E-04 5.809E-04 8.342E-04 1.596E-03 2.114E-03 4.050E-03 5.180E-03 1.005E-02 1.251E-02 2.482E-02

      48 :  60ZN  G 669.3     3 0.58    15                                                   <Old Card Kept>
 ============================================================================================================
 BrIcc v2.3e (17-Jun-2020)  Z= 30 Egamma= 850.8 1 keV          Multipolarity=             22:01:01 21-Mar-2025

 Shell    E1        M1        E2        M2        E3        M3        E4        M4        E5        M5
         --------- --------- --------- --------- --------- --------- --------- --------- --------- ---------
 K       1.576E-04 3.127E-04 3.927E-04 7.641E-04 8.802E-04 1.715E-03 1.904E-03 3.744E-03 4.050E-03 8.087E-03

 L1      1.535E-05 3.074E-05 3.829E-05 7.583E-05 8.602E-05 1.719E-04 1.865E-04 3.792E-04 3.981E-04 8.279E-04
 L2      1.032E-07 2.940E-07 5.995E-07 1.238E-06 2.875E-06 4.282E-06 1.128E-05 1.338E-05 3.871E-05 3.918E-05
 L3      2.221E-07 1.964E-07 6.368E-07 4.782E-07 1.886E-06 1.902E-06 5.685E-06 8.009E-06 1.698E-05 3.051E-05
 L-tot   1.568E-05 3.123E-05 3.953E-05 7.755E-05 9.078E-05 1.780E-04 2.034E-04 4.006E-04 4.538E-04 8.976E-04

 M1      2.199E-06 4.408E-06 5.487E-06 1.089E-05 1.233E-05 2.470E-05 2.673E-05 5.459E-05 5.709E-05 1.193E-04
 M2      1.448E-08 4.127E-08 8.416E-08 1.739E-07 4.039E-07 6.019E-07 1.586E-06 1.881E-06 5.447E-06 5.514E-06
 M3      3.106E-08 2.748E-08 8.912E-08 6.693E-08 2.642E-07 2.669E-07 7.967E-07 1.126E-06 2.381E-06 4.297E-06
 M4      8.555E-12 8.512E-12 2.812E-11 3.414E-11 9.909E-11 2.117E-10 5.534E-10 1.224E-09 3.342E-09 5.997E-09
 M5      2.037E-11 1.777E-11 4.261E-11 3.179E-11 1.065E-10 7.530E-11 3.571E-10 3.011E-10 1.428E-09 1.694E-09
 M-tot   2.245E-06 4.477E-06 5.661E-06 1.113E-05 1.300E-05 2.557E-05 2.912E-05 5.760E-05 6.492E-05 1.291E-04

 N1      9.031E-08 1.810E-07 2.253E-07 4.472E-07 5.062E-07 1.015E-06 1.098E-06 2.242E-06 2.344E-06 4.902E-06
 N-tot   9.031E-08 1.810E-07 2.253E-07 4.472E-07 5.062E-07 1.015E-06 1.098E-06 2.242E-06 2.344E-06 4.902E-06
 Tot     1.458E+08 <I> Not Calculated

 Tot     1.756E-04 3.486E-04 4.381E-04 8.533E-04 9.845E-04 1.920E-03 2.137E-03 4.205E-03 4.571E-03 9.119E-03

      49 :  60ZN  G 850.8     1 1.21    16                                                   <Old Card Kept>
 ============================================================================================================
 BrIcc v2.3e (17-Jun-2020)  Z= 30 Egamma= 913.9 3 keV          Multipolarity=             22:01:01 21-Mar-2025

 Shell    E1        M1        E2        M2        E3        M3        E4        M4        E5        M5
         --------- --------- --------- --------- --------- --------- --------- --------- --------- ---------
 K       1.364E-04 2.696E-04 3.281E-04 6.380E-04 7.117E-04 1.386E-03 1.490E-03 2.924E-03 3.066E-03 6.096E-03

 L1      1.328E-05 2.649E-05 3.202E-05 6.326E-05 6.962E-05 1.386E-04 1.461E-04 2.955E-04 3.018E-04 6.222E-04
 L2      8.382E-08 2.396E-07 4.615E-07 9.686E-07 2.107E-06 3.223E-06 7.913E-06 9.687E-06 2.608E-05 2.731E-05
 L3      1.848E-07 1.658E-07 4.944E-07 3.762E-07 1.372E-06 1.383E-06 3.913E-06 5.526E-06 1.115E-05 2.022E-05
 L-tot   1.355E-05 2.690E-05 3.297E-05 6.460E-05 7.310E-05 1.432E-04 1.579E-04 3.107E-04 3.390E-04 6.697E-04

 M1      1.903E-06 3.799E-06 4.588E-06 9.083E-06 9.980E-06 1.993E-05 2.094E-05 4.252E-05 4.329E-05 8.964E-05
 M2      1.176E-08 3.363E-08 6.479E-08 1.361E-07 2.960E-07 4.530E-07 1.113E-06 1.362E-06 3.669E-06 3.842E-06
 M3      2.585E-08 2.319E-08 6.919E-08 5.267E-08 1.922E-07 1.940E-07 5.483E-07 7.766E-07 1.564E-06 2.846E-06
 M4      6.565E-12 6.564E-12 2.062E-11 2.480E-11 6.860E-11 1.444E-10 3.552E-10 7.961E-10 2.026E-09 3.742E-09
 M5      1.658E-11 1.461E-11 3.262E-11 2.508E-11 7.591E-11 5.529E-11 2.325E-10 1.985E-10 8.532E-10 1.022E-09
 M-tot   1.941E-06 3.856E-06 4.722E-06 9.272E-06 1.047E-05 2.057E-05 2.261E-05 4.466E-05 4.853E-05 9.633E-05

 N1      7.816E-08 1.560E-07 1.884E-07 3.730E-07 4.098E-07 8.184E-07 8.600E-07 1.746E-06 1.778E-06 3.682E-06
 N-tot   7.816E-08 1.560E-07 1.884E-07 3.730E-07 4.098E-07 8.184E-07 8.600E-07 1.746E-06 1.778E-06 3.682E-06
 Tot     1.579E+08 <I> Not Calculated

 Tot     1.519E-04 3.005E-04 3.660E-04 7.123E-04 7.957E-04 1.550E-03 1.671E-03 3.281E-03 3.455E-03 6.865E-03

      50 :  60ZN  G 913.9     3 0.48    16                                                   <Old Card Kept>
 ============================================================================================================
 BrIcc v2.3e (17-Jun-2020)  Z= 30 Egamma= 1003.5 1 keV         Multipolarity=             22:01:01 21-Mar-2025

 Shell    E1        M1        E2        M2        E3        M3        E4        M4        E5        M5
         --------- --------- --------- --------- --------- --------- --------- --------- --------- ---------
 K       1.135E-04 2.227E-04 2.615E-04 5.061E-04 5.445E-04 1.055E-03 1.094E-03 2.133E-03 2.160E-03 4.255E-03

 L1      1.106E-05 2.187E-05 2.554E-05 5.013E-05 5.332E-05 1.053E-04 1.074E-04 2.149E-04 2.129E-04 4.327E-04
 L2      6.419E-08 1.837E-07 3.300E-07 7.056E-07 1.415E-06 2.234E-06 5.029E-06 6.397E-06 1.574E-05 1.718E-05
 L3      1.463E-07 1.335E-07 3.588E-07 2.776E-07 9.172E-07 9.196E-07 2.436E-06 3.427E-06 6.542E-06 1.190E-05
 L-tot   1.128E-05 2.219E-05 2.622E-05 5.111E-05 5.565E-05 1.085E-04 1.149E-04 2.247E-04 2.352E-04 4.618E-04

 M1      1.585E-06 3.137E-06 3.660E-06 7.196E-06 7.643E-06 1.514E-05 1.540E-05 3.092E-05 3.055E-05 6.231E-05
 M2      9.006E-09 2.579E-08 4.633E-08 9.911E-08 1.988E-07 3.140E-07 7.071E-07 8.995E-07 2.214E-06 2.418E-06
 M3      2.046E-08 1.868E-08 5.023E-08 3.886E-08 1.284E-07 1.290E-07 3.413E-07 4.815E-07 9.173E-07 1.674E-06
 M4      4.753E-12 4.790E-12 1.396E-11 1.647E-11 4.291E-11 8.804E-11 2.010E-10 4.562E-10 1.064E-09 2.034E-09
 M5      1.205E-11 1.073E-11 2.250E-11 1.792E-11 4.868E-11 3.663E-11 1.347E-10 1.163E-10 4.434E-10 5.335E-10
 M-tot   1.615E-06 3.182E-06 3.756E-06 7.334E-06 7.971E-06 1.558E-05 1.645E-05 3.230E-05 3.368E-05 6.641E-05

 N1      6.510E-08 1.288E-07 1.503E-07 2.955E-07 3.138E-07 6.217E-07 6.324E-07 1.270E-06 1.254E-06 2.560E-06
 N-tot   6.510E-08 1.288E-07 1.503E-07 2.955E-07 3.138E-07 6.217E-07 6.324E-07 1.270E-06 1.254E-06 2.560E-06
 Tot     1.596E+08 <I> Not Calculated

 Tot     1.265E-04 2.482E-04 2.916E-04 5.649E-04 6.085E-04 1.179E-03 1.226E-03 2.391E-03 2.430E-03 4.785E-03

      74 :  60ZN  G 1003.5    1 100     5                                                    <Old Card Kept>
 ============================================================================================================
 BrIcc v2.3e (17-Jun-2020)  Z= 30 Egamma= 1028.6 2 keV         Multipolarity=             22:01:01 21-Mar-2025

 Shell    E1        M1        E2        M2        E3        M3        E4        M4        E5        M5
         --------- --------- --------- --------- --------- --------- --------- --------- --------- ---------
 K       1.083E-04 2.118E-04 2.467E-04 4.765E-04 5.083E-04 9.825E-04 1.010E-03 1.965E-03 1.974E-03 3.876E-03

 L1      1.055E-05 2.081E-05 2.409E-05 4.718E-05 4.978E-05 9.808E-05 9.922E-05 1.979E-04 1.947E-04 3.939E-04
 L2      5.989E-08 1.713E-07 3.024E-07 6.494E-07 1.276E-06 2.030E-06 4.470E-06 5.740E-06 1.380E-05 1.523E-05
 L3      1.377E-07 1.262E-07 3.304E-07 2.567E-07 8.267E-07 8.272E-07 2.155E-06 3.026E-06 5.699E-06 1.036E-05
 L-tot   1.075E-05 2.110E-05 2.472E-05 4.808E-05 5.188E-05 1.009E-04 1.058E-04 2.067E-04 2.142E-04 4.195E-04

 M1      1.512E-06 2.984E-06 3.453E-06 6.772E-06 7.136E-06 1.409E-05 1.423E-05 2.847E-05 2.793E-05 5.672E-05
 M2      8.402E-09 2.405E-08 4.246E-08 9.121E-08 1.792E-07 2.854E-07 6.284E-07 8.072E-07 1.942E-06 2.143E-06
 M3      1.927E-08 1.766E-08 4.624E-08 3.593E-08 1.158E-07 1.160E-07 3.020E-07 4.251E-07 7.992E-07 1.458E-06
 M4      4.346E-12 4.392E-12 1.259E-11 1.479E-11 3.796E-11 7.735E-11 1.734E-10 3.944E-10 9.000E-10 1.735E-09
 M5      1.122E-11 1.005E-11 2.060E-11 1.654E-11 4.364E-11 3.316E-11 1.173E-10 1.016E-10 3.750E-10 4.512E-10
 M-tot   1.540E-06 3.026E-06 3.541E-06 6.900E-06 7.431E-06 1.450E-05 1.516E-05 2.970E-05 3.067E-05 6.032E-05

 N1      6.210E-08 1.225E-07 1.418E-07 2.781E-07 2.930E-07 5.789E-07 5.843E-07 1.169E-06 1.147E-06 2.330E-06
 N-tot   6.210E-08 1.225E-07 1.418E-07 2.781E-07 2.930E-07 5.789E-07 5.843E-07 1.169E-06 1.147E-06 2.330E-06
 Tot     1.643E+08 <I> Not Calculated


 Tot     1.207E-04 2.361E-04 2.751E-04 5.317E-04 5.679E-04 1.099E-03 1.132E-03 2.203E-03 2.220E-03 4.358E-03

      51 :  60ZN  G 1028.6    2 0.61    13                                                   <Old Card Kept>
 ============================================================================================================
 BrIcc v2.3e (17-Jun-2020)  Z= 30 Egamma= 1188.4 1 keV         Multipolarity=             22:01:01 21-Mar-2025

 Shell    E1        M1        E2        M2        E3        M3        E4        M4        E5        M5
         --------- --------- --------- --------- --------- --------- --------- --------- --------- ---------
 K       8.293E-05 1.589E-04 1.774E-04 3.369E-04 3.449E-04 6.551E-04 6.463E-04 1.233E-03 1.190E-03 2.285E-03

 L1      8.084E-06 1.560E-05 1.734E-05 3.331E-05 3.380E-05 6.524E-05 6.357E-05 1.237E-04 1.175E-04 2.310E-04
 L2      4.023E-08 1.144E-07 1.836E-07 4.021E-07 7.056E-07 1.170E-06 2.279E-06 3.084E-06 6.525E-06 7.632E-06
 L3      9.784E-08 9.153E-08 2.072E-07 1.650E-07 4.600E-07 4.527E-07 1.079E-06 1.480E-06 2.611E-06 4.673E-06
 L-tot   8.222E-06 1.580E-05 1.773E-05 3.388E-05 3.497E-05 6.686E-05 6.692E-05 1.283E-04 1.267E-04 2.433E-04

 M1      1.158E-06 2.237E-06 2.485E-06 4.781E-06 4.847E-06 9.372E-06 9.118E-06 1.779E-05 1.687E-05 3.325E-05
 M2      5.645E-09 1.606E-08 2.577E-08 5.649E-08 9.913E-08 1.645E-07 3.204E-07 4.336E-07 9.179E-07 1.074E-06
 M3      1.369E-08 1.281E-08 2.901E-08 2.309E-08 6.442E-08 6.346E-08 1.512E-07 2.078E-07 3.661E-07 6.572E-07
 M4      2.571E-12 2.620E-12 6.883E-12 7.910E-12 1.879E-11 3.661E-11 7.445E-11 1.701E-10 3.441E-10 6.916E-10
 M5      7.880E-12 7.238E-12 1.292E-11 1.086E-11 2.409E-11 1.932E-11 5.459E-11 4.834E-11 1.471E-10 1.751E-10
 M-tot   1.178E-06 2.265E-06 2.540E-06 4.861E-06 5.010E-06 9.600E-06 9.589E-06 1.843E-05 1.815E-05 3.498E-05

 N1      4.756E-08 9.184E-08 1.020E-07 1.964E-07 1.990E-07 3.849E-07 3.744E-07 7.307E-07 6.926E-07 1.366E-06
 N-tot   4.756E-08 9.184E-08 1.020E-07 1.964E-07 1.990E-07 3.849E-07 3.744E-07 7.307E-07 6.926E-07 1.366E-06
 Tot     1.957E+08 <I> Not Calculated

 IPF     4.267E-05 5.087E-06 7.113E-06 9.101E-07 1.348E-06 1.765E-07 <I> Not Calculated

 Tot     1.351E-04 1.821E-04 2.049E-04 3.768E-04 3.864E-04 7.322E-04 7.232E-04 1.381E-03 1.336E-03 2.564E-03

Without IPF
 Tot(CE) 9.238E-05 1.770E-04 1.977E-04 3.759E-04 3.850E-04 7.320E-04 7.232E-04 1.381E-03 1.336E-03 2.564E-03

      52 :  60ZN  G 1188.4    1 2.58    16                                                   <Old Card Kept>
 ============================================================================================================
 BrIcc v2.3e (17-Jun-2020)  Z= 30 Egamma= 1201.8 2 keV         Multipolarity=             22:01:01 21-Mar-2025

 Shell    E1        M1        E2        M2        E3        M3        E4        M4        E5        M5
         --------- --------- --------- --------- --------- --------- --------- --------- --------- ---------
 K       8.128E-05 1.554E-04 1.730E-04 3.282E-04 3.350E-04 6.353E-04 6.251E-04 1.190E-03 1.146E-03 2.195E-03

 L1      7.923E-06 1.526E-05 1.691E-05 3.244E-05 3.284E-05 6.325E-05 6.148E-05 1.194E-04 1.132E-04 2.219E-04
 L2      3.903E-08 1.108E-07 1.767E-07 3.876E-07 6.745E-07 1.122E-06 2.165E-06 2.941E-06 6.164E-06 7.241E-06
 L3      9.535E-08 8.933E-08 2.001E-07 1.596E-07 4.402E-07 4.325E-07 1.024E-06 1.401E-06 2.462E-06 4.397E-06
 L-tot   8.058E-06 1.546E-05 1.729E-05 3.299E-05 3.395E-05 6.480E-05 6.467E-05 1.237E-04 1.218E-04 2.336E-04

 M1      1.135E-06 2.188E-06 2.424E-06 4.656E-06 4.708E-06 9.085E-06 8.818E-06 1.717E-05 1.624E-05 3.194E-05
 M2      5.477E-09 1.556E-08 2.481E-08 5.445E-08 9.477E-08 1.577E-07 3.044E-07 4.135E-07 8.671E-07 1.019E-06
 M3      1.334E-08 1.250E-08 2.801E-08 2.233E-08 6.165E-08 6.063E-08 1.435E-07 1.967E-07 3.452E-07 6.183E-07
 M4      2.474E-12 2.522E-12 6.577E-12 7.541E-12 1.781E-11 3.456E-11 6.980E-11 1.594E-10 3.198E-10 6.444E-10
 M5      7.647E-12 7.026E-12 1.245E-11 1.051E-11 2.301E-11 1.852E-11 5.157E-11 4.572E-11 1.372E-10 1.630E-10
 M-tot   1.154E-06 2.216E-06 2.477E-06 4.733E-06 4.864E-06 9.304E-06 9.266E-06 1.778E-05 1.745E-05 3.357E-05

 N1      4.662E-08 8.984E-08 9.954E-08 1.912E-07 1.933E-07 3.732E-07 3.621E-07 7.051E-07 6.669E-07 1.312E-06
 N-tot   4.662E-08 8.984E-08 9.954E-08 1.912E-07 1.933E-07 3.732E-07 3.621E-07 7.051E-07 6.669E-07 1.312E-06
 Tot     1.984E+08 <I> Not Calculated

 IPF     5.071E-05 6.443E-06 8.974E-06 1.226E-06 1.807E-06 2.536E-07 <I> Not Calculated

 Tot     1.413E-04 1.796E-04 2.019E-04 3.673E-04 3.758E-04 7.100E-04 6.994E-04 1.333E-03 1.286E-03 2.464E-03

Without IPF
 Tot(CE) 9.054E-05 1.732E-04 1.929E-04 3.661E-04 3.740E-04 7.097E-04 6.994E-04 1.333E-03 1.286E-03 2.464E-03

      53 :  60ZN  G 1201.8    2 0.47    11                                                   <Old Card Kept>
 ============================================================================================================
 BrIcc v2.3e (17-Jun-2020)  Z= 30 Egamma= 1413.7 2 keV         Multipolarity=             22:01:01 21-Mar-2025

 Shell    E1        M1        E2        M2        E3        M3        E4        M4        E5        M5
         --------- --------- --------- --------- --------- --------- --------- --------- --------- ---------
 K       6.135E-05 1.135E-04 1.223E-04 2.254E-04 2.231E-04 4.109E-04 3.922E-04 7.239E-04 6.767E-04 1.253E-03

 L1      5.981E-06 1.114E-05 1.196E-05 2.225E-05 2.188E-05 4.081E-05 3.860E-05 7.235E-05 6.686E-05 1.260E-04
 L2      2.541E-08 7.093E-08 1.032E-07 2.292E-07 3.567E-07 6.155E-07 1.050E-06 1.499E-06 2.762E-06 3.434E-06
 L3      6.644E-08 6.337E-08 1.229E-07 1.006E-07 2.389E-07 2.287E-07 4.958E-07 6.474E-07 1.082E-06 1.852E-06
 L-tot   6.073E-06 1.127E-05 1.219E-05 2.258E-05 2.248E-05 4.166E-05 4.014E-05 7.450E-05 7.071E-05 1.313E-04

 M1      8.570E-07 1.597E-06 1.715E-06 3.193E-06 3.138E-06 5.861E-06 5.537E-06 1.040E-05 9.596E-06 1.813E-05
 M2      3.567E-09 9.958E-09 1.449E-08 3.220E-08 5.012E-08 8.649E-08 1.477E-07 2.108E-07 3.885E-07 4.831E-07
 M3      9.296E-09 8.865E-09 1.721E-08 1.408E-08 3.345E-08 3.204E-08 6.945E-08 9.087E-08 1.517E-07 2.602E-07
 M4      1.461E-12 1.499E-12 3.497E-12 3.864E-12 8.419E-12 1.523E-11 2.811E-11 6.324E-11 1.129E-10 2.350E-10
 M5      4.681E-12 4.429E-12 7.075E-12 6.187E-12 1.184E-11 1.001E-11 2.301E-11 2.071E-11 5.191E-11 5.961E-11
 M-tot   8.698E-07 1.616E-06 1.746E-06 3.240E-06 3.221E-06 5.980E-06 5.754E-06 1.070E-05 1.014E-05 1.887E-05

 N1      3.519E-08 6.560E-08 7.041E-08 1.311E-07 1.288E-07 2.407E-07 2.274E-07 4.271E-07 3.941E-07 7.446E-07
 N-tot   3.519E-08 6.560E-08 7.041E-08 1.311E-07 1.288E-07 2.407E-07 2.274E-07 4.271E-07 3.941E-07 7.446E-07
 Tot     2.442E+08 <I> Not Calculated

 IPF     1.913E-04 4.353E-05 5.747E-05 1.421E-05 1.964E-05 5.042E-06 <I> Not Calculated

 Tot     2.596E-04 1.700E-04 1.938E-04 2.656E-04 2.686E-04 4.638E-04 4.383E-04 8.095E-04 7.580E-04 1.404E-03

Without IPF
 Tot(CE) 6.833E-05 1.265E-04 1.363E-04 2.514E-04 2.489E-04 4.588E-04 4.383E-04 8.095E-04 7.580E-04 1.404E-03

      54 :  60ZN  G 1413.7    2 0.57    11                                                   <Old Card Kept>
 ============================================================================================================
 BrIcc v2.3e (17-Jun-2020)  Z= 30 Egamma= 1442.1 1 keV         Multipolarity=             22:01:01 21-Mar-2025

 Shell    E1        M1        E2        M2        E3        M3        E4        M4        E5        M5
         --------- --------- --------- --------- --------- --------- --------- --------- --------- ---------
 K       5.934E-05 1.093E-04 1.174E-04 2.155E-04 2.127E-04 3.901E-04 3.712E-04 6.823E-04 6.361E-04 1.172E-03

 L1      5.785E-06 1.073E-05 1.148E-05 2.127E-05 2.086E-05 3.873E-05 3.654E-05 6.817E-05 6.285E-05 1.179E-04
 L2      2.414E-08 6.720E-08 9.678E-08 2.151E-07 3.306E-07 5.726E-07 9.636E-07 1.383E-06 2.510E-06 3.141E-06
 L3      6.366E-08 6.083E-08 1.161E-07 9.529E-08 2.223E-07 2.121E-07 4.553E-07 5.905E-07 9.821E-07 1.669E-06
 L-tot   5.873E-06 1.085E-05 1.169E-05 2.158E-05 2.141E-05 3.952E-05 3.796E-05 7.014E-05 6.635E-05 1.227E-04

 M1      8.289E-07 1.538E-06 1.646E-06 3.052E-06 2.991E-06 5.562E-06 5.242E-06 9.796E-06 9.020E-06 1.695E-05
 M2      3.388E-09 9.434E-09 1.359E-08 3.022E-08 4.645E-08 8.046E-08 1.355E-07 1.944E-07 3.531E-07 4.418E-07
 M3      8.907E-09 8.511E-09 1.625E-08 1.334E-08 3.113E-08 2.973E-08 6.378E-08 8.288E-08 1.377E-07 2.346E-07
 M4      1.364E-12 1.400E-12 3.231E-12 3.561E-12 7.691E-12 1.380E-11 2.522E-11 5.657E-11 9.973E-11 2.081E-10
 M5      4.477E-12 4.249E-12 6.688E-12 5.873E-12 1.104E-11 9.390E-12 2.105E-11 1.900E-11 4.649E-11 5.316E-11
 M-tot   8.413E-07 1.556E-06 1.676E-06 3.096E-06 3.069E-06 5.673E-06 5.441E-06 1.007E-05 9.511E-06 1.763E-05

 N1      3.404E-08 6.317E-08 6.758E-08 1.253E-07 1.228E-07 2.284E-07 2.153E-07 4.023E-07 3.704E-07 6.963E-07
 N-tot   3.404E-08 6.317E-08 6.758E-08 1.253E-07 1.228E-07 2.284E-07 2.153E-07 4.023E-07 3.704E-07 6.963E-07
 Tot     3.126E+08 <I> Not Calculated

 IPF     2.114E-04 5.051E-05 6.628E-05 1.720E-05 2.361E-05 6.373E-06 <I> Not Calculated

 Tot     2.775E-04 1.723E-04 1.971E-04 2.575E-04 2.609E-04 4.419E-04 4.148E-04 7.629E-04 7.124E-04 1.313E-03

Without IPF
 Tot(CE) 6.609E-05 1.218E-04 1.308E-04 2.403E-04 2.373E-04 4.355E-04 4.148E-04 7.629E-04 7.124E-04 1.313E-03

      55 :  60ZN  G 1442.1    1 0.65    13                                                   <Old Card Kept>
 ============================================================================================================
 BrIcc v2.3e (17-Jun-2020)  Z= 30 Egamma= 1481.4 1 keV         Multipolarity=             22:01:01 21-Mar-2025

 Shell    E1        M1        E2        M2        E3        M3        E4        M4        E5        M5
         --------- --------- --------- --------- --------- --------- --------- --------- --------- ---------
 K       5.675E-05 1.039E-04 1.111E-04 2.029E-04 1.995E-04 3.638E-04 3.450E-04 6.302E-04 5.856E-04 1.072E-03

 L1      5.533E-06 1.019E-05 1.087E-05 2.002E-05 1.957E-05 3.611E-05 3.396E-05 6.293E-05 5.786E-05 1.077E-04
 L2      2.254E-08 6.248E-08 8.878E-08 1.975E-07 2.985E-07 5.195E-07 8.583E-07 1.241E-06 2.208E-06 2.786E-06
 L3      6.012E-08 5.759E-08 1.076E-07 8.866E-08 2.021E-07 1.919E-07 4.062E-07 5.219E-07 8.627E-07 1.452E-06
 L-tot   5.616E-06 1.031E-05 1.106E-05 2.030E-05 2.007E-05 3.682E-05 3.522E-05 6.469E-05 6.094E-05 1.120E-04

 M1      7.928E-07 1.462E-06 1.558E-06 2.872E-06 2.806E-06 5.185E-06 4.871E-06 9.043E-06 8.304E-06 1.549E-05
 M2      3.163E-09 8.771E-09 1.247E-08 2.774E-08 4.194E-08 7.301E-08 1.206E-07 1.744E-07 3.106E-07 3.919E-07
 M3      8.412E-09 8.058E-09 1.506E-08 1.241E-08 2.829E-08 2.689E-08 5.691E-08 7.324E-08 1.209E-07 2.040E-07
 M4      1.241E-12 1.272E-12 2.899E-12 3.186E-12 6.807E-12 1.208E-11 2.181E-11 4.870E-11 8.441E-11 1.768E-10
 M5      4.254E-12 4.050E-12 6.244E-12 5.517E-12 1.009E-11 8.655E-12 1.874E-11 1.700E-11 4.020E-11 4.570E-11
 M-tot   8.044E-07 1.479E-06 1.585E-06 2.913E-06 2.876E-06 5.285E-06 5.049E-06 9.291E-06 8.736E-06 1.609E-05

 N1      3.256E-08 6.003E-08 6.398E-08 1.180E-07 1.152E-07 2.130E-07 2.000E-07 3.714E-07 3.410E-07 6.364E-07
 N-tot   3.256E-08 6.003E-08 6.398E-08 1.180E-07 1.152E-07 2.130E-07 2.000E-07 3.714E-07 3.410E-07 6.364E-07
 Tot     3.429E+08 <I> Not Calculated

 IPF     2.406E-04 6.120E-05 7.967E-05 2.201E-05 2.992E-05 8.615E-06 <I> Not Calculated

 Tot     3.039E-04 1.770E-04 2.035E-04 2.482E-04 2.525E-04 4.147E-04 3.855E-04 7.046E-04 6.556E-04 1.201E-03

Without IPF
 Tot(CE) 6.321E-05 1.158E-04 1.238E-04 2.262E-04 2.225E-04 4.061E-04 3.855E-04 7.046E-04 6.556E-04 1.201E-03

      56 :  60ZN  G 1481.4    1 2.10    16                                                   <Old Card Kept>
 ============================================================================================================
 BrIcc v2.3e (17-Jun-2020)  Z= 30 Egamma= 1554.7 3 keV         Multipolarity=             22:01:01 21-Mar-2025

 Shell    E1        M1        E2        M2        E3        M3        E4        M4        E5        M5
         --------- --------- --------- --------- --------- --------- --------- --------- --------- ---------
 K       5.245E-05 9.492E-05 1.008E-04 1.821E-04 1.781E-04 3.213E-04 3.030E-04 5.474E-04 5.060E-04 9.155E-04

 L1      5.113E-06 9.310E-06 9.862E-06 1.797E-05 1.747E-05 3.187E-05 2.983E-05 5.461E-05 5.000E-05 9.189E-05
 L2      1.994E-08 5.484E-08 7.616E-08 1.696E-07 2.490E-07 4.369E-07 6.988E-07 1.022E-06 1.758E-06 2.251E-06
 L3      5.433E-08 5.225E-08 9.401E-08 7.806E-08 1.707E-07 1.608E-07 3.323E-07 4.192E-07 6.860E-07 1.133E-06
 L-tot   5.187E-06 9.418E-06 1.003E-05 1.821E-05 1.789E-05 3.247E-05 3.086E-05 5.606E-05 5.244E-05 9.528E-05

 M1      7.327E-07 1.335E-06 1.414E-06 2.578E-06 2.505E-06 4.576E-06 4.279E-06 7.847E-06 7.175E-06 1.321E-05
 M2      2.798E-09 7.700E-09 1.069E-08 2.382E-08 3.498E-08 6.139E-08 9.822E-08 1.437E-07 2.473E-07 3.166E-07
 M3      7.601E-09 7.312E-09 1.316E-08 1.092E-08 2.390E-08 2.253E-08 4.655E-08 5.882E-08 9.616E-08 1.592E-07
 M4      1.046E-12 1.069E-12 2.386E-12 2.610E-12 5.474E-12 9.528E-12 1.683E-11 3.727E-11 6.275E-11 1.320E-10
 M5      3.924E-12 3.748E-12 5.570E-12 4.979E-12 8.660E-12 7.533E-12 1.535E-11 1.404E-11 3.124E-11 3.513E-11
 M-tot   7.431E-07 1.350E-06 1.438E-06 2.613E-06 2.564E-06 4.660E-06 4.424E-06 8.050E-06 7.519E-06 1.369E-05

 N1      3.009E-08 5.483E-08 5.805E-08 1.059E-07 1.029E-07 1.880E-07 1.757E-07 3.223E-07 2.947E-07 5.427E-07
 N-tot   3.009E-08 5.483E-08 5.805E-08 1.059E-07 1.029E-07 1.880E-07 1.757E-07 3.223E-07 2.947E-07 5.427E-07
 Tot     4.131E+08 <I> Not Calculated

 IPF     2.985E-04 8.407E-05 1.080E-04 3.301E-05 4.415E-05 1.413E-05 <I> Not Calculated

 Tot     3.569E-04 1.898E-04 2.203E-04 2.361E-04 2.428E-04 3.728E-04 3.385E-04 6.119E-04 5.663E-04 1.025E-03

Without IPF
 Tot(CE) 5.841E-05 1.057E-04 1.124E-04 2.031E-04 1.986E-04 3.586E-04 3.385E-04 6.119E-04 5.663E-04 1.025E-03

      78 :  60ZN  G 1554.7    3 11.3    8                                                    <Old Card Kept>
 ============================================================================================================
 BrIcc v2.3e (17-Jun-2020)  Z= 30 Egamma= 1780.8 6 keV         Multipolarity=             22:01:01 21-Mar-2025

 Shell    E1        M1        E2        M2        E3        M3        E4        M4        E5        M5
         --------- --------- --------- --------- --------- --------- --------- --------- --------- ---------
 K       4.230E-05 7.391E-05 7.740E-05 1.354E-04 1.309E-04 2.286E-04 2.134E-04 3.726E-04 3.411E-04 5.957E-04

 L1      4.124E-06 7.247E-06 7.571E-06 1.334E-05 1.284E-05 2.264E-05 2.100E-05 3.709E-05 3.369E-05 5.961E-05
 L2      1.425E-08 3.818E-08 5.002E-08 1.112E-07 1.515E-07 2.708E-07 3.981E-07 6.003E-07 9.437E-07 1.254E-06
 L3      4.127E-08 4.008E-08 6.545E-08 5.549E-08 1.087E-07 1.001E-07 1.936E-07 2.310E-07 3.695E-07 5.735E-07
 L-tot   4.180E-06 7.325E-06 7.686E-06 1.351E-05 1.310E-05 2.301E-05 2.159E-05 3.792E-05 3.500E-05 6.143E-05

 M1      5.909E-07 1.039E-06 1.085E-06 1.914E-06 1.841E-06 3.250E-06 3.013E-06 5.327E-06 4.835E-06 8.567E-06
 M2      2.000E-09 5.360E-09 7.024E-09 1.562E-08 2.129E-08 3.805E-08 5.595E-08 8.438E-08 1.327E-07 1.763E-07
 M3      5.775E-09 5.608E-09 9.160E-09 7.767E-09 1.521E-08 1.403E-08 2.712E-08 3.240E-08 5.179E-08 8.054E-08
 M4      6.769E-13 6.958E-13 1.437E-12 1.524E-12 3.032E-12 4.941E-12 8.297E-12 1.773E-11 2.776E-11 5.879E-11
 M5      2.862E-12 2.768E-12 3.811E-12 3.490E-12 5.501E-12 4.928E-12 8.811E-12 8.152E-12 1.587E-11 1.720E-11
 M-tot   5.987E-07 1.050E-06 1.101E-06 1.937E-06 1.878E-06 3.302E-06 3.096E-06 5.444E-06 5.019E-06 8.824E-06

 N1      2.427E-08 4.267E-08 4.456E-08 7.860E-08 7.560E-08 1.335E-07 1.237E-07 2.188E-07 1.985E-07 3.519E-07
 N-tot   2.427E-08 4.267E-08 4.456E-08 7.860E-08 7.560E-08 1.335E-07 1.237E-07 2.188E-07 1.985E-07 3.519E-07
 Tot     7.840E+08 <I> Not Calculated

 IPF     4.738E-04 1.664E-04 2.072E-04 7.928E-05 1.014E-04 4.074E-05 <I> Not Calculated

 Tot     5.209E-04 2.488E-04 2.934E-04 2.302E-04 2.474E-04 2.958E-04 2.382E-04 4.162E-04 3.813E-04 6.663E-04

Without IPF
 Tot(CE) 4.710E-05 8.233E-05 8.623E-05 1.509E-04 1.459E-04 2.550E-04 2.382E-04 4.162E-04 3.813E-04 6.663E-04

      57 :  60ZN  G 1780.8    6 0.32    16                                                   <Old Card Kept>
 ============================================================================================================
 BrIcc v2.3e (17-Jun-2020)  Z= 30 Egamma= 2047.2 4 keV         Multipolarity=             22:01:01 21-Mar-2025

 Shell    E1        M1        E2        M2        E3        M3        E4        M4        E5        M5
         --------- --------- --------- --------- --------- --------- --------- --------- --------- ---------
 K       3.426E-05 5.759E-05 5.973E-05 1.008E-04 9.692E-05 1.633E-04 1.517E-04 2.554E-04 2.328E-04 3.914E-04

 L1      3.340E-06 5.644E-06 5.843E-06 9.926E-06 9.506E-06 1.615E-05 1.493E-05 2.536E-05 2.298E-05 3.906E-05
 L2      1.023E-08 2.651E-08 3.304E-08 7.278E-08 9.287E-08 1.680E-07 2.288E-07 3.536E-07 5.120E-07 7.022E-07
 L3      3.157E-08 3.090E-08 4.627E-08 4.006E-08 7.068E-08 6.400E-08 1.156E-07 1.298E-07 2.037E-07 2.934E-07
 L-tot   3.382E-06 5.701E-06 5.922E-06 1.004E-05 9.669E-06 1.638E-05 1.527E-05 2.585E-05 2.370E-05 4.005E-05

 M1      4.786E-07 8.092E-07 8.375E-07 1.424E-06 1.363E-06 2.318E-06 2.142E-06 3.642E-06 3.298E-06 5.612E-06
 M2      1.435E-09 3.722E-09 4.639E-09 1.022E-08 1.305E-08 2.360E-08 3.216E-08 4.971E-08 7.199E-08 9.873E-08
 M3      4.418E-09 4.324E-09 6.476E-09 5.606E-09 9.896E-09 8.963E-09 1.619E-08 1.820E-08 2.854E-08 4.119E-08
 M4      4.562E-13 4.689E-13 8.867E-13 9.128E-13 1.715E-12 2.582E-12 4.155E-12 8.420E-12 1.241E-11 2.609E-11
 M5      1.938E-12 1.899E-12 2.478E-12 2.311E-12 3.384E-12 3.117E-12 5.043E-12 4.725E-12 8.254E-12 8.663E-12
 M-tot   4.845E-07 8.172E-07 8.486E-07 1.440E-06 1.386E-06 2.350E-06 2.190E-06 3.710E-06 3.399E-06 5.752E-06

 N1      1.965E-08 3.323E-08 3.439E-08 5.847E-08 5.598E-08 9.519E-08 8.795E-08 1.496E-07 1.354E-07 2.305E-07
 N-tot   1.965E-08 3.323E-08 3.439E-08 5.847E-08 5.598E-08 9.519E-08 8.795E-08 1.496E-07 1.354E-07 2.305E-07
 Tot     1.699E+09 <I> Not Calculated

 IPF     6.673E-04 2.785E-04 3.340E-04 1.519E-04 1.872E-04 8.890E-05 <I> Not Calculated

 Tot     7.055E-04 3.426E-04 4.006E-04 2.643E-04 2.952E-04 2.710E-04 1.693E-04 2.851E-04 2.600E-04 4.375E-04

Without IPF
 Tot(CE) 3.815E-05 6.414E-05 6.654E-05 1.124E-04 1.080E-04 1.821E-04 1.693E-04 2.851E-04 2.600E-04 4.375E-04

      58 :  60ZN  G 2047.2    4 1.13    32                                                   <Old Card Kept>
 ============================================================================================================
 BrIcc v2.3e (17-Jun-2020)  Z= 30 Egamma= 2293.2 4 keV         Multipolarity=             22:01:01 21-Mar-2025

 Shell    E1        M1        E2        M2        E3        M3        E4        M4        E5        M5
         --------- --------- --------- --------- --------- --------- --------- --------- --------- ---------
 K       2.905E-05 4.725E-05 4.878E-05 7.989E-05 7.669E-05 1.254E-04 1.165E-04 1.901E-04 1.733E-04 2.824E-04

 L1      2.832E-06 4.629E-06 4.771E-06 7.859E-06 7.521E-06 1.238E-05 1.146E-05 1.885E-05 1.710E-05 2.811E-05
 L2      7.882E-09 1.981E-08 2.386E-08 5.195E-08 6.329E-08 1.151E-07 1.484E-07 2.329E-07 3.176E-07 4.450E-07
 L3      2.565E-08 2.522E-08 3.552E-08 3.126E-08 5.106E-08 4.577E-08 7.822E-08 8.373E-08 1.293E-07 1.744E-07
 L-tot   2.866E-06 4.674E-06 4.831E-06 7.942E-06 7.636E-06 1.254E-05 1.168E-05 1.916E-05 1.755E-05 2.873E-05

 M1      4.059E-07 6.637E-07 6.839E-07 1.127E-06 1.078E-06 1.777E-06 1.643E-06 2.706E-06 2.454E-06 4.039E-06
 M2      1.106E-09 2.781E-09 3.349E-09 7.297E-09 8.890E-09 1.617E-08 2.086E-08 3.273E-08 4.465E-08 6.257E-08
 M3      3.590E-09 3.529E-09 4.971E-09 4.375E-09 7.148E-09 6.409E-09 1.095E-08 1.174E-08 1.811E-08 2.447E-08
 M4      3.155E-13 3.229E-13 5.835E-13 5.948E-13 1.078E-12 1.541E-12 2.414E-12 4.673E-12 6.622E-12 1.372E-11
 M5      1.628E-12 1.599E-12 1.979E-12 1.876E-12 2.551E-12 2.393E-12 3.536E-12 3.368E-12 5.314E-12 5.492E-12
 M-tot   4.106E-07 6.700E-07 6.923E-07 1.139E-06 1.094E-06 1.800E-06 1.675E-06 2.750E-06 2.516E-06 4.126E-06

 N1      1.667E-08 2.725E-08 2.808E-08 4.629E-08 4.429E-08 7.298E-08 6.748E-08 1.111E-07 1.008E-07 1.659E-07
 N-tot   1.667E-08 2.725E-08 2.808E-08 4.629E-08 4.429E-08 7.298E-08 6.748E-08 1.111E-07 1.008E-07 1.659E-07
 Tot     3.278E+09 <I> Not Calculated

 IPF     8.310E-04 3.859E-04 4.544E-04 2.293E-04 2.750E-04 1.457E-04 <I> Not Calculated

 Tot     8.634E-04 4.385E-04 5.087E-04 3.183E-04 3.605E-04 2.855E-04 1.299E-04 2.121E-04 1.935E-04 3.154E-04

Without IPF
 Tot(CE) 3.235E-05 5.262E-05 5.434E-05 8.902E-05 8.546E-05 1.398E-04 1.299E-04 2.121E-04 1.935E-04 3.154E-04

      86 :  60ZN  G 2293.2    4 10.2    8                                                    <Old Card Kept>
 ============================================================================================================
 BrIcc v2.3e (17-Jun-2020)  Z= 30 Egamma= 2334.2 3 keV         Multipolarity=             22:01:01 21-Mar-2025

 Shell    E1        M1        E2        M2        E3        M3        E4        M4        E5        M5
         --------- --------- --------- --------- --------- --------- --------- --------- --------- ---------
 K       2.833E-05 4.584E-05 4.730E-05 7.708E-05 7.399E-05 1.204E-04 1.118E-04 1.817E-04 1.657E-04 2.686E-04

 L1      2.762E-06 4.490E-06 4.626E-06 7.582E-06 7.257E-06 1.189E-05 1.100E-05 1.801E-05 1.635E-05 2.674E-05
 L2      7.574E-09 1.893E-08 2.270E-08 4.932E-08 5.968E-08 1.085E-07 1.389E-07 2.184E-07 2.953E-07 4.150E-07
 L3      2.485E-08 2.445E-08 3.413E-08 3.012E-08 4.862E-08 4.354E-08 7.376E-08 7.839E-08 1.207E-07 1.611E-07
 L-tot   2.794E-06 4.533E-06 4.682E-06 7.661E-06 7.365E-06 1.204E-05 1.122E-05 1.831E-05 1.676E-05 2.732E-05

 M1      3.957E-07 6.437E-07 6.631E-07 1.088E-06 1.041E-06 1.706E-06 1.578E-06 2.586E-06 2.346E-06 3.841E-06
 M2      1.063E-09 2.658E-09 3.186E-09 6.927E-09 8.383E-09 1.525E-08 1.952E-08 3.069E-08 4.151E-08 5.834E-08
 M3      3.478E-09 3.421E-09 4.777E-09 4.215E-09 6.807E-09 6.097E-09 1.033E-08 1.099E-08 1.691E-08 2.261E-08
 M4      2.974E-13 3.043E-13 5.464E-13 5.560E-13 1.002E-12 1.423E-12 2.221E-12 4.268E-12 6.015E-12 1.242E-11
 M5      1.592E-12 1.564E-12 1.921E-12 1.825E-12 2.454E-12 2.308E-12 3.366E-12 3.213E-12 4.993E-12 5.149E-12
 M-tot   4.003E-07 6.498E-07 6.710E-07 1.099E-06 1.056E-06 1.728E-06 1.608E-06 2.627E-06 2.404E-06 3.922E-06

 N1      1.625E-08 2.643E-08 2.723E-08 4.466E-08 4.273E-08 7.007E-08 6.481E-08 1.062E-07 9.633E-08 1.578E-07
 N-tot   1.625E-08 2.643E-08 2.723E-08 4.466E-08 4.273E-08 7.007E-08 6.481E-08 1.062E-07 9.633E-08 1.578E-07
 Tot     3.634E+09 <I> Not Calculated

 IPF     8.569E-04 4.040E-04 4.743E-04 2.429E-04 2.903E-04 1.561E-04 <I> Not Calculated

 Tot     8.884E-04 4.550E-04 5.269E-04 3.288E-04 3.727E-04 2.903E-04 1.247E-04 2.027E-04 1.849E-04 3.000E-04

Without IPF
 Tot(CE) 3.154E-05 5.104E-05 5.268E-05 8.589E-05 8.246E-05 1.342E-04 1.247E-04 2.027E-04 1.849E-04 3.000E-04

      59 :  60ZN  G 2334.2    3 1.29    32                                                   <Old Card Kept>
 ============================================================================================================
 BrIcc v2.3e (17-Jun-2020)  Z= 30 Egamma= 2434.2 2 keV         Multipolarity=             22:01:01 21-Mar-2025

 Shell    E1        M1        E2        M2        E3        M3        E4        M4        E5        M5
         --------- --------- --------- --------- --------- --------- --------- --------- --------- ---------
 K       2.670E-05 4.267E-05 4.398E-05 7.087E-05 6.804E-05 1.095E-04 1.018E-04 1.634E-04 1.492E-04 2.390E-04

 L1      2.603E-06 4.179E-06 4.301E-06 6.968E-06 6.673E-06 1.081E-05 1.001E-05 1.619E-05 1.471E-05 2.378E-05
 L2      6.898E-09 1.703E-08 2.019E-08 4.364E-08 5.201E-08 9.464E-08 1.189E-07 1.878E-07 2.489E-07 3.521E-07
 L3      2.308E-08 2.274E-08 3.110E-08 2.760E-08 4.340E-08 3.879E-08 6.436E-08 6.728E-08 1.029E-07 1.340E-07
 L-tot   2.633E-06 4.219E-06 4.352E-06 7.040E-06 6.768E-06 1.094E-05 1.019E-05 1.645E-05 1.507E-05 2.426E-05

 M1      3.729E-07 5.991E-07 6.165E-07 9.995E-07 9.568E-07 1.551E-06 1.436E-06 2.324E-06 2.111E-06 3.415E-06
 M2      9.681E-10 2.391E-09 2.835E-09 6.129E-09 7.305E-09 1.330E-08 1.671E-08 2.639E-08 3.498E-08 4.950E-08
 M3      3.229E-09 3.182E-09 4.353E-09 3.863E-09 6.076E-09 5.430E-09 9.012E-09 9.428E-09 1.442E-08 1.879E-08
 M4      2.593E-13 2.651E-13 4.687E-13 4.749E-13 8.463E-13 1.180E-12 1.826E-12 3.446E-12 4.801E-12 9.836E-12
 M5      1.505E-12 1.480E-12 1.788E-12 1.707E-12 2.240E-12 2.118E-12 3.000E-12 2.876E-12 4.322E-12 4.436E-12
 M-tot   3.771E-07 6.047E-07 6.237E-07 1.010E-06 9.701E-07 1.569E-06 1.461E-06 2.360E-06 2.161E-06 3.483E-06

 N1      1.531E-08 2.460E-08 2.532E-08 4.105E-08 3.929E-08 6.368E-08 5.896E-08 9.546E-08 8.670E-08 1.403E-07
 N-tot   1.531E-08 2.460E-08 2.532E-08 4.105E-08 3.929E-08 6.368E-08 5.896E-08 9.546E-08 8.670E-08 1.403E-07
 Tot     4.636E+09 <I> Not Calculated

 IPF     9.193E-04 4.481E-04 5.224E-04 2.765E-04 3.280E-04 1.819E-04 <I> Not Calculated

 Tot     9.490E-04 4.956E-04 5.714E-04 3.555E-04 4.038E-04 3.039E-04 1.135E-04 1.823E-04 1.665E-04 2.669E-04

Without IPF
 Tot(CE) 2.972E-05 4.752E-05 4.898E-05 7.896E-05 7.582E-05 1.220E-04 1.135E-04 1.823E-04 1.665E-04 2.669E-04

      60 :  60ZN  G 2434.2    2 2.90    32                                                   <Old Card Kept>
 ============================================================================================================
 BrIcc v2.3e (17-Jun-2020)  Z= 30 Egamma= 2558.8 4 keV         Multipolarity=             22:01:01 21-Mar-2025

 Shell    E1        M1        E2        M2        E3        M3        E4        M4        E5        M5
         --------- --------- --------- --------- --------- --------- --------- --------- --------- ---------
 K       2.490E-05 3.922E-05 4.038E-05 6.419E-05 6.167E-05 9.789E-05 9.111E-05 1.443E-04 1.319E-04 2.085E-04

 L1      2.428E-06 3.840E-06 3.949E-06 6.310E-06 6.047E-06 9.659E-06 8.959E-06 1.429E-05 1.301E-05 2.072E-05
 L2      6.180E-09 1.502E-08 1.760E-08 3.776E-08 4.425E-08 8.052E-08 9.912E-08 1.573E-07 2.037E-07 2.903E-07
 L3      2.116E-08 2.088E-08 2.791E-08 2.495E-08 3.806E-08 3.395E-08 5.497E-08 5.640E-08 8.552E-08 1.081E-07
 L-tot   2.455E-06 3.876E-06 3.994E-06 6.373E-06 6.129E-06 9.773E-06 9.113E-06 1.450E-05 1.330E-05 2.112E-05

 M1      3.479E-07 5.506E-07 5.660E-07 9.051E-07 8.671E-07 1.386E-06 1.285E-06 2.051E-06 1.866E-06 2.976E-06
 M2      8.673E-10 2.109E-09 2.471E-09 5.304E-09 6.216E-09 1.131E-08 1.393E-08 2.210E-08 2.863E-08 4.081E-08
 M3      2.961E-09 2.923E-09 3.907E-09 3.491E-09 5.328E-09 4.753E-09 7.697E-09 7.902E-09 1.198E-08 1.516E-08
 M4      2.227E-13 2.277E-13 3.939E-13 3.963E-13 6.957E-13 9.468E-13 1.453E-12 2.678E-12 3.684E-12 7.465E-12
 M5      1.388E-12 1.367E-12 1.623E-12 1.558E-12 1.995E-12 1.895E-12 2.606E-12 2.509E-12 3.645E-12 3.717E-12
 M-tot   3.517E-07 5.556E-07 5.724E-07 9.139E-07 8.786E-07 1.402E-06 1.307E-06 2.081E-06 1.907E-06 3.032E-06

 N1      1.428E-08 2.261E-08 2.324E-08 3.717E-08 3.561E-08 5.692E-08 5.277E-08 8.425E-08 7.665E-08 1.222E-07
 N-tot   1.428E-08 2.261E-08 2.324E-08 3.717E-08 3.561E-08 5.692E-08 5.277E-08 8.425E-08 7.665E-08 1.222E-07
 Tot     6.184E+09 <I> Not Calculated

 IPF     9.956E-04 5.030E-04 5.817E-04 3.189E-04 3.754E-04 2.148E-04 <I> Not Calculated

 Tot     1.023E-03 5.466E-04 6.267E-04 3.904E-04 4.441E-04 3.239E-04 1.016E-04 1.610E-04 1.472E-04 2.328E-04

Without IPF
 Tot(CE) 2.772E-05 4.367E-05 4.497E-05 7.152E-05 6.872E-05 1.091E-04 1.016E-04 1.610E-04 1.472E-04 2.328E-04

      81 :  60ZN  G 2558.8    4 13.7    10                                                   <Old Card Kept>
 ============================================================================================================
 BrIcc v2.3e (17-Jun-2020)  Z= 30 Egamma= 2624.3 5 keV         Multipolarity=             22:01:01 21-Mar-2025

 Shell    E1        M1        E2        M2        E3        M3        E4        M4        E5        M5
         --------- --------- --------- --------- --------- --------- --------- --------- --------- ---------
 K       2.405E-05 3.759E-05 3.869E-05 6.108E-05 5.871E-05 9.256E-05 8.621E-05 1.356E-04 1.241E-04 1.947E-04

 L1      2.344E-06 3.681E-06 3.783E-06 6.004E-06 5.756E-06 9.130E-06 8.476E-06 1.342E-05 1.223E-05 1.935E-05
 L2      5.849E-09 1.410E-08 1.643E-08 3.512E-08 4.082E-08 7.425E-08 9.049E-08 1.438E-07 1.842E-07 2.635E-07
 L3      2.026E-08 2.001E-08 2.646E-08 2.372E-08 3.566E-08 3.180E-08 5.085E-08 5.170E-08 7.803E-08 9.715E-08
 L-tot   2.370E-06 3.715E-06 3.826E-06 6.063E-06 5.833E-06 9.236E-06 8.618E-06 1.362E-05 1.250E-05 1.971E-05

 M1      3.359E-07 5.277E-07 5.423E-07 8.611E-07 8.254E-07 1.310E-06 1.216E-06 1.927E-06 1.755E-06 2.778E-06
 M2      8.209E-10 1.980E-09 2.307E-09 4.932E-09 5.733E-09 1.043E-08 1.272E-08 2.022E-08 2.590E-08 3.704E-08
 M3      2.836E-09 2.801E-09 3.703E-09 3.320E-09 4.992E-09 4.451E-09 7.120E-09 7.244E-09 1.093E-08 1.363E-08
 M4      2.075E-13 2.122E-13 3.624E-13 3.630E-13 6.318E-13 8.486E-13 1.297E-12 2.359E-12 3.227E-12 6.497E-12
 M5      1.322E-12 1.302E-12 1.535E-12 1.477E-12 1.872E-12 1.782E-12 2.419E-12 2.334E-12 3.339E-12 3.395E-12
 M-tot   3.396E-07 5.325E-07 5.483E-07 8.694E-07 8.361E-07 1.325E-06 1.236E-06 1.955E-06 1.792E-06 2.829E-06

 N1      1.379E-08 2.167E-08 2.227E-08 3.536E-08 3.389E-08 5.380E-08 4.993E-08 7.914E-08 7.207E-08 1.141E-07
 N-tot   1.379E-08 2.167E-08 2.227E-08 3.536E-08 3.389E-08 5.380E-08 4.993E-08 7.914E-08 7.207E-08 1.141E-07
 Tot     7.151E+09 <I> Not Calculated

 IPF     1.034E-03 5.316E-04 6.122E-04 3.413E-04 4.002E-04 2.327E-04 <I> Not Calculated

 Tot     1.061E-03 5.735E-04 6.553E-04 4.094E-04 4.656E-04 3.359E-04 9.611E-05 1.513E-04 1.384E-04 2.174E-04

Without IPF
 Tot(CE) 2.677E-05 4.186E-05 4.309E-05 6.805E-05 6.541E-05 1.032E-04 9.611E-05 1.513E-04 1.384E-04 2.174E-04

      61 :  60ZN  G 2624.3    5 0.48    16                                                   <Old Card Kept>
 ============================================================================================================
 BrIcc v2.3e (17-Jun-2020)  Z= 30 Egamma= 2826.0 2 keV         Multipolarity=             22:01:01 21-Mar-2025

 Shell    E1        M1        E2        M2        E3        M3        E4        M4        E5        M5
         --------- --------- --------- --------- --------- --------- --------- --------- --------- ---------
 K       2.174E-05 3.325E-05 3.420E-05 5.291E-05 5.094E-05 7.872E-05 7.351E-05 1.133E-04 1.040E-04 1.600E-04

 L1      2.119E-06 3.255E-06 3.343E-06 5.198E-06 4.994E-06 7.761E-06 7.226E-06 1.121E-05 1.025E-05 1.588E-05
 L2      4.991E-09 1.174E-08 1.348E-08 2.844E-08 3.233E-08 5.869E-08 6.960E-08 1.112E-07 1.380E-07 1.992E-07
 L3      1.789E-08 1.770E-08 2.270E-08 2.055E-08 2.965E-08 2.643E-08 4.076E-08 4.044E-08 6.013E-08 7.172E-08
 L-tot   2.142E-06 3.284E-06 3.380E-06 5.247E-06 5.056E-06 7.846E-06 7.336E-06 1.136E-05 1.045E-05 1.615E-05

 M1      3.037E-07 4.666E-07 4.793E-07 7.456E-07 7.160E-07 1.114E-06 1.036E-06 1.609E-06 1.470E-06 2.280E-06
 M2      7.004E-10 1.649E-09 1.892E-09 3.995E-09 4.541E-09 8.246E-09 9.779E-09 1.562E-08 1.940E-08 2.800E-08
 M3      2.503E-09 2.478E-09 3.177E-09 2.876E-09 4.150E-09 3.699E-09 5.707E-09 5.666E-09 8.423E-09 1.006E-08
 M4      1.722E-13 1.761E-13 2.886E-13 2.850E-13 4.825E-13 6.211E-13 9.379E-13 1.634E-12 2.203E-12 4.339E-12
 M5      1.114E-12 1.098E-12 1.272E-12 1.232E-12 1.523E-12 1.459E-12 1.920E-12 1.860E-12 2.567E-12 2.589E-12
 M-tot   3.069E-07 4.707E-07 4.843E-07 7.524E-07 7.247E-07 1.125E-06 1.052E-06 1.630E-06 1.498E-06 2.318E-06

 N1      1.247E-08 1.916E-08 1.968E-08 3.062E-08 2.940E-08 4.573E-08 4.256E-08 6.609E-08 6.039E-08 9.363E-08
 N-tot   1.247E-08 1.916E-08 1.968E-08 3.062E-08 2.940E-08 4.573E-08 4.256E-08 6.609E-08 6.039E-08 9.363E-08
 Tot     1.091E+10 <I> Not Calculated

 IPF     1.143E-03 6.179E-04 7.037E-04 4.110E-04 4.758E-04 2.905E-04 <I> Not Calculated

 Tot     1.168E-03 6.550E-04 7.418E-04 4.699E-04 5.325E-04 3.783E-04 8.194E-05 1.264E-04 1.160E-04 1.785E-04

Without IPF
 Tot(CE) 2.420E-05 3.702E-05 3.808E-05 5.894E-05 5.675E-05 8.774E-05 8.194E-05 1.264E-04 1.160E-04 1.785E-04

      62 :  60ZN  G 2826.0    2 2.10    32                                                   <Old Card Kept>
 ============================================================================================================
 BrIcc v2.3e (17-Jun-2020)  Z= 30 Egamma= 2884.0 4 keV         Multipolarity=             22:01:01 21-Mar-2025

 Shell    E1        M1        E2        M2        E3        M3        E4        M4        E5        M5
         --------- --------- --------- --------- --------- --------- --------- --------- --------- ---------
 K       2.115E-05 3.216E-05 3.307E-05 5.089E-05 4.902E-05 7.535E-05 7.041E-05 1.080E-04 9.915E-05 1.517E-04

 L1      2.062E-06 3.148E-06 3.233E-06 4.999E-06 4.805E-06 7.427E-06 6.921E-06 1.068E-05 9.772E-06 1.505E-05
 L2      4.781E-09 1.117E-08 1.277E-08 2.686E-08 3.035E-08 5.506E-08 6.483E-08 1.037E-07 1.277E-07 1.847E-07
 L3      1.730E-08 1.713E-08 2.179E-08 1.978E-08 2.822E-08 2.516E-08 3.843E-08 3.790E-08 5.610E-08 6.614E-08
 L-tot   2.084E-06 3.176E-06 3.268E-06 5.046E-06 4.864E-06 7.507E-06 7.024E-06 1.082E-05 9.955E-06 1.530E-05

 M1      2.955E-07 4.513E-07 4.635E-07 7.170E-07 6.890E-07 1.066E-06 9.927E-07 1.533E-06 1.402E-06 2.161E-06
 M2      6.710E-10 1.569E-09 1.793E-09 3.772E-09 4.263E-09 7.736E-09 9.109E-09 1.457E-08 1.795E-08 2.596E-08
 M3      2.421E-09 2.397E-09 3.050E-09 2.768E-09 3.951E-09 3.522E-09 5.380E-09 5.310E-09 7.858E-09 9.275E-09
 M4      1.644E-13 1.680E-13 2.721E-13 2.678E-13 4.496E-13 5.716E-13 8.603E-13 1.480E-12 1.988E-12 3.889E-12
 M5      1.056E-12 1.042E-12 1.202E-12 1.166E-12 1.433E-12 1.376E-12 1.797E-12 1.741E-12 2.385E-12 2.401E-12
 M-tot   2.985E-07 4.552E-07 4.683E-07 7.235E-07 6.972E-07 1.077E-06 1.007E-06 1.553E-06 1.428E-06 2.196E-06

 N1      1.213E-08 1.853E-08 1.903E-08 2.944E-08 2.829E-08 4.376E-08 4.076E-08 6.295E-08 5.757E-08 8.876E-08
 N-tot   1.213E-08 1.853E-08 1.903E-08 2.944E-08 2.829E-08 4.376E-08 4.076E-08 6.295E-08 5.757E-08 8.876E-08
 Tot     1.223E+10 <I> Not Calculated

 IPF     1.173E-03 6.422E-04 7.298E-04 4.311E-04 4.976E-04 3.074E-04 <I> Not Calculated

 Tot     1.196E-03 6.780E-04 7.667E-04 4.878E-04 5.522E-04 3.914E-04 7.848E-05 1.204E-04 1.106E-04 1.693E-04

Without IPF
 Tot(CE) 2.355E-05 3.581E-05 3.683E-05 5.669E-05 5.461E-05 8.398E-05 7.848E-05 1.204E-04 1.106E-04 1.693E-04

      63 :  60ZN  G 2884.0    4 1.29    32                                                   <Old Card Kept>
 ============================================================================================================
 BrIcc v2.3e (17-Jun-2020)  Z= 30 Egamma= 2996.8 2 keV         Multipolarity=             22:01:01 21-Mar-2025

 Shell    E1        M1        E2        M2        E3        M3        E4        M4        E5        M5
         --------- --------- --------- --------- --------- --------- --------- --------- --------- ---------
 K       2.009E-05 3.021E-05 3.106E-05 4.730E-05 4.562E-05 6.941E-05 6.497E-05 9.862E-05 9.071E-05 1.374E-04

 L1      1.959E-06 2.957E-06 3.037E-06 4.646E-06 4.471E-06 6.839E-06 6.385E-06 9.748E-06 8.938E-06 1.362E-05
 L2      4.413E-09 1.018E-08 1.155E-08 2.412E-08 2.698E-08 4.885E-08 5.677E-08 9.091E-08 1.104E-07 1.602E-07
 L3      1.624E-08 1.610E-08 2.019E-08 1.841E-08 2.576E-08 2.298E-08 3.446E-08 3.363E-08 4.933E-08 5.694E-08
 L-tot   1.979E-06 2.983E-06 3.069E-06 4.689E-06 4.524E-06 6.911E-06 6.476E-06 9.873E-06 9.098E-06 1.384E-05

 M1      2.807E-07 4.239E-07 4.353E-07 6.663E-07 6.411E-07 9.813E-07 9.157E-07 1.399E-06 1.282E-06 1.956E-06
 M2      6.193E-10 1.429E-09 1.622E-09 3.388E-09 3.789E-09 6.862E-09 7.977E-09 1.278E-08 1.551E-08 2.252E-08
 M3      2.273E-09 2.253E-09 2.825E-09 2.577E-09 3.606E-09 3.218E-09 4.825E-09 4.710E-09 6.910E-09 7.983E-09
 M4      1.510E-13 1.541E-13 2.441E-13 2.388E-13 3.944E-13 4.900E-13 7.327E-13 1.230E-12 1.641E-12 3.165E-12
 M5      9.515E-13 9.416E-13 1.077E-12 1.047E-12 1.275E-12 1.229E-12 1.583E-12 1.537E-12 2.075E-12 2.084E-12
 M-tot   2.836E-07 4.276E-07 4.397E-07 6.723E-07 6.485E-07 9.913E-07 9.285E-07 1.417E-06 1.305E-06 1.986E-06

 N1      1.153E-08 1.741E-08 1.788E-08 2.736E-08 2.633E-08 4.030E-08 3.760E-08 5.746E-08 5.266E-08 8.033E-08
 N-tot   1.153E-08 1.741E-08 1.788E-08 2.736E-08 2.633E-08 4.030E-08 3.760E-08 5.746E-08 5.266E-08 8.033E-08
 Tot     1.518E+10 <I> Not Calculated

 IPF     1.228E-03 6.887E-04 7.796E-04 4.699E-04 5.398E-04 3.401E-04 <I> Not Calculated

 Tot     1.251E-03 7.223E-04 8.142E-04 5.226E-04 5.906E-04 4.174E-04 7.241E-05 1.100E-04 1.012E-04 1.533E-04

Without IPF
 Tot(CE) 2.237E-05 3.364E-05 3.459E-05 5.269E-05 5.082E-05 7.735E-05 7.241E-05 1.100E-04 1.012E-04 1.533E-04

      64 :  60ZN  G 2996.8    2 3.2     5                                                    <Old Card Kept>
 ============================================================================================================
 BrIcc v2.3e (17-Jun-2020)  Z= 30 Egamma= 3337.4 1 keV         Multipolarity=             22:01:01 21-Mar-2025

 Shell    E1        M1        E2        M2        E3        M3        E4        M4        E5        M5
         --------- --------- --------- --------- --------- --------- --------- --------- --------- ---------
 K       1.744E-05 2.542E-05 2.614E-05 3.868E-05 3.744E-05 5.538E-05 5.210E-05 7.689E-05 7.112E-05 1.047E-04

 L1      1.700E-06 2.487E-06 2.555E-06 3.797E-06 3.669E-06 5.453E-06 5.118E-06 7.592E-06 7.003E-06 1.037E-05
 L2      3.540E-09 7.854E-09 8.767E-09 1.791E-08 1.953E-08 3.509E-08 3.946E-08 6.335E-08 7.404E-08 1.084E-07
 L3      1.368E-08 1.358E-08 1.642E-08 1.517E-08 2.016E-08 1.807E-08 2.576E-08 2.452E-08 3.499E-08 3.819E-08
 L-tot   1.717E-06 2.509E-06 2.581E-06 3.830E-06 3.708E-06 5.506E-06 5.183E-06 7.680E-06 7.112E-06 1.052E-05

 M1      2.436E-07 3.566E-07 3.663E-07 5.445E-07 5.260E-07 7.822E-07 7.340E-07 1.090E-06 1.005E-06 1.488E-06
 M2      4.968E-10 1.103E-09 1.231E-09 2.516E-09 2.742E-09 4.930E-09 5.544E-09 8.901E-09 1.041E-08 1.524E-08
 M3      1.914E-09 1.900E-09 2.298E-09 2.123E-09 2.822E-09 2.530E-09 3.607E-09 3.434E-09 4.900E-09 5.353E-09
 M4      1.177E-13 1.197E-13 1.793E-13 1.736E-13 2.743E-13 3.222E-13 4.731E-13 7.404E-13 9.745E-13 1.797E-12
 M5      7.355E-13 7.308E-13 8.196E-13 8.011E-13 9.481E-13 9.222E-13 1.145E-12 1.119E-12 1.447E-12 1.449E-12
 M-tot   2.460E-07 3.596E-07 3.698E-07 5.492E-07 5.316E-07 7.897E-07 7.431E-07 1.102E-06 1.020E-06 1.509E-06

 N1      1.000E-08 1.464E-08 1.504E-08 2.236E-08 2.160E-08 3.213E-08 3.014E-08 4.474E-08 4.126E-08 6.113E-08
 N-tot   1.000E-08 1.464E-08 1.504E-08 2.236E-08 2.160E-08 3.213E-08 3.014E-08 4.474E-08 4.126E-08 6.113E-08
 Tot     2.760E+10 <I> Not Calculated

 IPF     1.401E-03 8.248E-04 9.223E-04 5.858E-04 6.630E-04 4.395E-04 <I> Not Calculated

 Tot     1.420E-03 8.531E-04 9.515E-04 6.289E-04 7.047E-04 5.012E-04 5.805E-05 8.572E-05 7.930E-05 1.168E-04

Without IPF
 Tot(CE) 1.942E-05 2.830E-05 2.911E-05 4.308E-05 4.170E-05 6.171E-05 5.805E-05 8.572E-05 7.930E-05 1.168E-04

      65 :  60ZN  G 3337.4    1 11.5    10                                                   <Old Card Kept>
 ============================================================================================================
 BrIcc v2.3e (17-Jun-2020)  Z= 30 Egamma= 3394.8 1 keV         Multipolarity=             22:01:01 21-Mar-2025

 Shell    E1        M1        E2        M2        E3        M3        E4        M4        E5        M5
         --------- --------- --------- --------- --------- --------- --------- --------- --------- ---------
 K       1.706E-05 2.475E-05 2.545E-05 3.749E-05 3.631E-05 5.347E-05 5.034E-05 7.397E-05 6.849E-05 1.004E-04

 L1      1.663E-06 2.421E-06 2.487E-06 3.680E-06 3.557E-06 5.264E-06 4.945E-06 7.303E-06 6.743E-06 9.939E-06
 L2      3.421E-09 7.542E-09 8.399E-09 1.710E-08 1.857E-08 3.333E-08 3.730E-08 5.988E-08 6.959E-08 1.020E-07
 L3      1.332E-08 1.323E-08 1.591E-08 1.472E-08 1.942E-08 1.743E-08 2.465E-08 2.339E-08 3.321E-08 3.596E-08
 L-tot   1.680E-06 2.442E-06 2.512E-06 3.711E-06 3.595E-06 5.315E-06 5.007E-06 7.386E-06 6.846E-06 1.008E-05

 M1      2.383E-07 3.471E-07 3.565E-07 5.277E-07 5.101E-07 7.551E-07 7.092E-07 1.048E-06 9.674E-07 1.427E-06
 M2      4.801E-10 1.059E-09 1.179E-09 2.401E-09 2.608E-09 4.681E-09 5.240E-09 8.414E-09 9.780E-09 1.434E-08
 M3      1.864E-09 1.851E-09 2.227E-09 2.061E-09 2.719E-09 2.439E-09 3.451E-09 3.275E-09 4.651E-09 5.039E-09
 M4      1.127E-13 1.146E-13 1.704E-13 1.648E-13 2.589E-13 3.018E-13 4.419E-13 6.844E-13 8.992E-13 1.645E-12
 M5      7.121E-13 7.075E-13 7.910E-13 7.739E-13 9.114E-13 8.875E-13 1.095E-12 1.072E-12 1.376E-12 1.378E-12
 M-tot   2.406E-07 3.500E-07 3.600E-07 5.321E-07 5.154E-07 7.622E-07 7.179E-07 1.060E-06 9.818E-07 1.446E-06

 N1      9.785E-09 1.425E-08 1.464E-08 2.167E-08 2.095E-08 3.101E-08 2.912E-08 4.304E-08 3.973E-08 5.860E-08
 N-tot   9.785E-09 1.425E-08 1.464E-08 2.167E-08 2.095E-08 3.101E-08 2.912E-08 4.304E-08 3.973E-08 5.860E-08
 Tot     3.031E+10 <I> Not Calculated

 IPF     1.428E-03 8.470E-04 9.450E-04 6.053E-04 6.832E-04 4.565E-04 <I> Not Calculated

 Tot     1.447E-03 8.745E-04 9.734E-04 6.470E-04 7.236E-04 5.160E-04 5.609E-05 8.246E-05 7.636E-05 1.120E-04

Without IPF
 Tot(CE) 1.899E-05 2.755E-05 2.833E-05 4.175E-05 4.044E-05 5.958E-05 5.609E-05 8.246E-05 7.636E-05 1.120E-04

      66 :  60ZN  G 3394.8    1 11.3    10                                                   <Old Card Kept>
 ============================================================================================================
 BrIcc v2.3e (17-Jun-2020)  Z= 30 Egamma= 3848.5 4 keV         Multipolarity=             22:01:01 21-Mar-2025

 Shell    E1        M1        E2        M2        E3        M3        E4        M4        E5        M5
         --------- --------- --------- --------- --------- --------- --------- --------- --------- ---------
 K       1.454E-05 2.036E-05 2.095E-05 2.988E-05 2.908E-05 4.149E-05 3.933E-05 5.600E-05 5.223E-05 7.419E-05

 L1      1.417E-06 1.991E-06 2.048E-06 2.931E-06 2.849E-06 4.081E-06 3.861E-06 5.522E-06 5.139E-06 7.334E-06
 L2      2.674E-09 5.621E-09 6.170E-09 1.220E-08 1.294E-08 2.293E-08 2.486E-08 3.985E-08 4.462E-08 6.580E-08
 L3      1.099E-08 1.093E-08 1.270E-08 1.191E-08 1.493E-08 1.351E-08 1.810E-08 1.687E-08 2.307E-08 2.368E-08
 L-tot   1.430E-06 2.008E-06 2.067E-06 2.955E-06 2.877E-06 4.118E-06 3.904E-06 5.579E-06 5.206E-06 7.424E-06

 M1      2.030E-07 2.854E-07 2.935E-07 4.203E-07 4.084E-07 5.854E-07 5.537E-07 7.923E-07 7.371E-07 1.053E-06
 M2      3.752E-10 7.891E-10 8.662E-10 1.714E-09 1.817E-09 3.221E-09 3.493E-09 5.599E-09 6.269E-09 9.246E-09
 M3      1.538E-09 1.530E-09 1.777E-09 1.666E-09 2.090E-09 1.891E-09 2.533E-09 2.361E-09 3.230E-09 3.317E-09
 M4      8.016E-14 8.139E-14 1.157E-13 1.114E-13 1.681E-13 1.876E-13 2.696E-13 3.884E-13 5.049E-13 8.719E-13
 M5      5.944E-13 5.919E-13 6.454E-13 6.348E-13 7.211E-13 7.079E-13 8.347E-13 8.224E-13 1.001E-12 1.004E-12
 M-tot   2.049E-07 2.878E-07 2.962E-07 4.237E-07 4.123E-07 5.905E-07 5.597E-07 8.003E-07 7.466E-07 1.065E-06

 N1      8.337E-09 1.172E-08 1.205E-08 1.726E-08 1.677E-08 2.404E-08 2.274E-08 3.254E-08 3.027E-08 4.323E-08
 N-tot   8.337E-09 1.172E-08 1.205E-08 1.726E-08 1.677E-08 2.404E-08 2.274E-08 3.254E-08 3.027E-08 4.323E-08
 Tot     6.046E+10 <I> Not Calculated

 IPF     1.621E-03 1.015E-03 1.118E-03 7.522E-04 8.381E-04 5.867E-04 <I> Not Calculated

 Tot     1.637E-03 1.038E-03 1.141E-03 7.855E-04 8.705E-04 6.329E-04 4.381E-05 6.241E-05 5.821E-05 8.272E-05

Without IPF
 Tot(CE) 1.618E-05 2.267E-05 2.333E-05 3.328E-05 3.239E-05 4.623E-05 4.381E-05 6.241E-05 5.821E-05 8.272E-05

      89 :  60ZN  G 3848.5    4 61      5                                                    <Old Card Kept>
 ============================================================================================================
 BrIcc v2.3e (17-Jun-2020)  Z= 30 Egamma= 3889.1 3 keV         Multipolarity=             22:01:01 21-Mar-2025

 Shell    E1        M1        E2        M2        E3        M3        E4        M4        E5        M5
         --------- --------- --------- --------- --------- --------- --------- --------- --------- ---------
 K       1.435E-05 2.004E-05 2.062E-05 2.933E-05 2.856E-05 4.064E-05 3.854E-05 5.473E-05 5.108E-05 7.237E-05

 L1      1.398E-06 1.960E-06 2.015E-06 2.877E-06 2.797E-06 3.997E-06 3.783E-06 5.397E-06 5.026E-06 7.154E-06
 L2      2.620E-09 5.487E-09 6.016E-09 1.187E-08 1.256E-08 2.223E-08 2.405E-08 3.854E-08 4.302E-08 6.347E-08
 L3      1.082E-08 1.077E-08 1.247E-08 1.171E-08 1.462E-08 1.324E-08 1.766E-08 1.644E-08 2.241E-08 2.291E-08
 L-tot   1.412E-06 1.976E-06 2.034E-06 2.900E-06 2.824E-06 4.033E-06 3.825E-06 5.452E-06 5.091E-06 7.241E-06

 M1      2.003E-07 2.809E-07 2.889E-07 4.125E-07 4.010E-07 5.733E-07 5.426E-07 7.744E-07 7.209E-07 1.027E-06
 M2      3.677E-10 7.702E-10 8.446E-10 1.667E-09 1.764E-09 3.123E-09 3.379E-09 5.414E-09 6.045E-09 8.919E-09
 M3      1.514E-09 1.506E-09 1.745E-09 1.638E-09 2.046E-09 1.853E-09 2.472E-09 2.301E-09 3.138E-09 3.210E-09
 M4      7.781E-14 7.900E-14 1.120E-13 1.078E-13 1.621E-13 1.803E-13 2.588E-13 3.707E-13 4.817E-13 8.276E-13
 M5      5.875E-13 5.851E-13 6.368E-13 6.265E-13 7.097E-13 6.970E-13 8.188E-13 8.072E-13 9.786E-13 9.810E-13
 M-tot   2.022E-07 2.832E-07 2.914E-07 4.158E-07 4.048E-07 5.783E-07 5.484E-07 7.821E-07 7.301E-07 1.039E-06

 N1      8.227E-09 1.153E-08 1.186E-08 1.694E-08 1.647E-08 2.355E-08 2.228E-08 3.180E-08 2.960E-08 4.217E-08
 N-tot   8.227E-09 1.153E-08 1.186E-08 1.694E-08 1.647E-08 2.355E-08 2.228E-08 3.180E-08 2.960E-08 4.217E-08
 Tot     6.398E+10 <I> Not Calculated

 IPF     1.638E-03 1.031E-03 1.132E-03 7.649E-04 8.514E-04 5.981E-04 <I> Not Calculated

 Tot     1.653E-03 1.053E-03 1.155E-03 7.976E-04 8.832E-04 6.434E-04 4.293E-05 6.100E-05 5.693E-05 8.070E-05

Without IPF
 Tot(CE) 1.597E-05 2.231E-05 2.296E-05 3.266E-05 3.180E-05 4.527E-05 4.293E-05 6.100E-05 5.693E-05 8.070E-05

      67 :  60ZN  G 3889.1    3 4.5     13                                                   <Old Card Kept>
 ============================================================================================================
 BrIcc v2.3e (17-Jun-2020)  Z= 30 Egamma= 4000.9 2 keV         Multipolarity=             22:01:01 21-Mar-2025

 Shell    E1        M1        E2        M2        E3        M3        E4        M4        E5        M5
         --------- --------- --------- --------- --------- --------- --------- --------- --------- ---------
 K       1.384E-05 1.919E-05 1.975E-05 2.789E-05 2.719E-05 3.843E-05 3.650E-05 5.148E-05 4.813E-05 6.773E-05

 L1      1.349E-06 1.876E-06 1.930E-06 2.736E-06 2.663E-06 3.779E-06 3.583E-06 5.075E-06 4.734E-06 6.693E-06
 L2      2.482E-09 5.140E-09 5.622E-09 1.101E-08 1.161E-08 2.047E-08 2.200E-08 3.522E-08 3.903E-08 5.761E-08
 L3      1.037E-08 1.032E-08 1.188E-08 1.118E-08 1.382E-08 1.255E-08 1.654E-08 1.536E-08 2.075E-08 2.100E-08
 L-tot   1.362E-06 1.892E-06 1.948E-06 2.758E-06 2.689E-06 3.812E-06 3.621E-06 5.125E-06 4.794E-06 6.771E-06

 M1      1.933E-07 2.690E-07 2.767E-07 3.923E-07 3.818E-07 5.420E-07 5.138E-07 7.281E-07 6.791E-07 9.605E-07
 M2      3.483E-10 7.216E-10 7.892E-10 1.546E-09 1.630E-09 2.875E-09 3.091E-09 4.948E-09 5.483E-09 8.096E-09
 M3      1.452E-09 1.445E-09 1.662E-09 1.564E-09 1.934E-09 1.756E-09 2.315E-09 2.150E-09 2.905E-09 2.942E-09
 M4      7.179E-14 7.283E-14 1.024E-13 9.850E-14 1.470E-13 1.621E-13 2.318E-13 3.272E-13 4.244E-13 7.194E-13
 M5      5.702E-13 5.679E-13 6.148E-13 6.056E-13 6.809E-13 6.695E-13 7.791E-13 7.690E-13 9.221E-13 9.243E-13
 M-tot   1.951E-07 2.712E-07 2.791E-07 3.954E-07 3.854E-07 5.467E-07 5.192E-07 7.352E-07 6.875E-07 9.716E-07

 N1      7.940E-09 1.105E-08 1.136E-08 1.611E-08 1.568E-08 2.226E-08 2.110E-08 2.990E-08 2.789E-08 3.945E-08
 N-tot   7.940E-09 1.105E-08 1.136E-08 1.611E-08 1.568E-08 2.226E-08 2.110E-08 2.990E-08 2.789E-08 3.945E-08
 Tot     7.443E+10 <I> Not Calculated

 IPF     1.680E-03 1.070E-03 1.170E-03 7.993E-04 8.873E-04 6.292E-04 <I> Not Calculated

 Tot     1.696E-03 1.092E-03 1.192E-03 8.303E-04 9.176E-04 6.721E-04 4.066E-05 5.737E-05 5.364E-05 7.551E-05

Without IPF
 Tot(CE) 1.541E-05 2.136E-05 2.199E-05 3.106E-05 3.028E-05 4.281E-05 4.066E-05 5.737E-05 5.364E-05 7.551E-05

      68 :  60ZN  G 4000.9    2 4.5     7                                                    <Old Card Kept>
 ============================================================================================================
 BrIcc v2.3e (17-Jun-2020)  Z= 30 Egamma= 4805.0 4 keV         Multipolarity=             22:01:01 21-Mar-2025

 Shell    E1        M1        E2        M2        E3        M3        E4        M4        E5        M5
         --------- --------- --------- --------- --------- --------- --------- --------- --------- ---------
 K       1.105E-05 1.461E-05 1.507E-05 2.035E-05 1.999E-05 2.705E-05 2.595E-05 3.508E-05 3.317E-05 4.475E-05

 L1      1.077E-06 1.428E-06 1.472E-06 1.994E-06 1.957E-06 2.657E-06 2.546E-06 3.453E-06 3.260E-06 4.414E-06
 L2      1.769E-09 3.406E-09 3.678E-09 6.867E-09 7.070E-09 1.214E-08 1.262E-08 1.999E-08 2.125E-08 3.136E-08
 L3      7.964E-09 7.939E-09 8.790E-09 8.401E-09 9.808E-09 9.054E-09 1.115E-08 1.029E-08 1.310E-08 1.264E-08
 L-tot   1.087E-06 1.439E-06 1.484E-06 2.009E-06 1.974E-06 2.678E-06 2.570E-06 3.484E-06 3.294E-06 4.458E-06

 M1      1.543E-07 2.047E-07 2.110E-07 2.859E-07 2.805E-07 3.811E-07 3.651E-07 4.954E-07 4.675E-07 6.333E-07
 M2      2.482E-10 4.781E-10 5.162E-10 9.642E-10 9.927E-10 1.705E-09 1.773E-09 2.808E-09 2.985E-09 4.407E-09
 M3      1.114E-09 1.111E-09 1.230E-09 1.176E-09 1.373E-09 1.267E-09 1.560E-09 1.440E-09 1.834E-09 1.769E-09
 M4      4.325E-14 4.362E-14 5.824E-14 5.599E-14 7.959E-14 8.341E-14 1.165E-13 1.498E-13 1.931E-13 2.983E-13
 M5      4.703E-13 4.678E-13 4.933E-13 4.897E-13 5.294E-13 5.226E-13 5.792E-13 5.756E-13 6.511E-13 6.511E-13
 M-tot   1.557E-07 2.063E-07 2.127E-07 2.880E-07 2.829E-07 3.840E-07 3.684E-07 4.996E-07 4.723E-07 6.395E-07

 N1      6.337E-09 8.406E-09 8.663E-09 1.174E-08 1.152E-08 1.565E-08 1.499E-08 2.034E-08 1.920E-08 2.601E-08
 N-tot   6.337E-09 8.406E-09 8.663E-09 1.174E-08 1.152E-08 1.565E-08 1.499E-08 2.034E-08 1.920E-08 2.601E-08
 Tot     1.953E+11 <I> Not Calculated

 IPF     1.952E-03 1.322E-03 1.431E-03 1.031E-03 1.131E-03 8.423E-04 <I> Not Calculated

 Tot     1.964E-03 1.338E-03 1.448E-03 1.054E-03 1.154E-03 8.724E-04 2.891E-05 3.909E-05 3.696E-05 4.987E-05

Without IPF
 Tot(CE) 1.230E-05 1.627E-05 1.677E-05 2.266E-05 2.226E-05 3.013E-05 2.891E-05 3.909E-05 3.696E-05 4.987E-05

      69 :  60ZN  G 4805.0    4 0.65    16                                                   <Old Card Kept>
 ============================================================================================================
 BrIcc v2.3e (17-Jun-2020)  Z= 30 Egamma= 4850.2 5 keV         Multipolarity=             22:01:01 21-Mar-2025

 Shell    E1        M1        E2        M2        E3        M3        E4        M4        E5        M5
         --------- --------- --------- --------- --------- --------- --------- --------- --------- ---------
 K       1.093E-05 1.441E-05 1.486E-05 2.003E-05 1.968E-05 2.658E-05 2.552E-05 3.442E-05 3.256E-05 4.384E-05

 L1      1.065E-06 1.409E-06 1.452E-06 1.963E-06 1.927E-06 2.611E-06 2.503E-06 3.388E-06 3.200E-06 4.324E-06
 L2      1.739E-09 3.337E-09 3.601E-09 6.706E-09 6.898E-09 1.183E-08 1.228E-08 1.943E-08 2.062E-08 3.043E-08
 L3      7.860E-09 7.836E-09 8.661E-09 8.284E-09 9.647E-09 8.913E-09 1.094E-08 1.009E-08 1.282E-08 1.234E-08
 L-tot   1.075E-06 1.420E-06 1.464E-06 1.978E-06 1.943E-06 2.632E-06 2.526E-06 3.417E-06 3.233E-06 4.366E-06

 M1      1.526E-07 2.019E-07 2.081E-07 2.814E-07 2.762E-07 3.745E-07 3.589E-07 4.860E-07 4.589E-07 6.204E-07
 M2      2.441E-10 4.684E-10 5.055E-10 9.417E-10 9.686E-10 1.662E-09 1.725E-09 2.729E-09 2.896E-09 4.275E-09
 M3      1.100E-09 1.097E-09 1.212E-09 1.159E-09 1.350E-09 1.247E-09 1.531E-09 1.413E-09 1.795E-09 1.728E-09
 M4      4.223E-14 4.260E-14 5.672E-14 5.450E-14 7.727E-14 8.078E-14 1.127E-13 1.441E-13 1.858E-13 2.855E-13
 M5      4.647E-13 4.624E-13 4.871E-13 4.835E-13 5.220E-13 5.155E-13 5.702E-13 5.666E-13 6.395E-13 6.396E-13
 M-tot   1.539E-07 2.035E-07 2.098E-07 2.835E-07 2.785E-07 3.774E-07 3.622E-07 4.901E-07 4.636E-07 6.264E-07

 N1      6.266E-09 8.292E-09 8.546E-09 1.156E-08 1.134E-08 1.538E-08 1.474E-08 1.996E-08 1.885E-08 2.548E-08
 N-tot   6.266E-09 8.292E-09 8.546E-09 1.156E-08 1.134E-08 1.538E-08 1.474E-08 1.996E-08 1.885E-08 2.548E-08
 Tot     2.050E+11 <I> Not Calculated

 IPF     1.967E-03 1.336E-03 1.445E-03 1.043E-03 1.143E-03 8.537E-04 <I> Not Calculated

 Tot     1.979E-03 1.352E-03 1.462E-03 1.065E-03 1.165E-03 8.833E-04 2.842E-05 3.835E-05 3.628E-05 4.885E-05

Without IPF
 Tot(CE) 1.216E-05 1.605E-05 1.655E-05 2.230E-05 2.192E-05 2.961E-05 2.842E-05 3.835E-05 3.628E-05 4.885E-05

      70 :  60ZN  G 4850.2    5 0.32    16                                                   <Old Card Kept>
 ============================================================================================================
 BrIcc v2.3e (17-Jun-2020)  Z= 30 Egamma= 4891.9 3 keV         Multipolarity=             22:01:01 21-Mar-2025

 Shell    E1        M1        E2        M2        E3        M3        E4        M4        E5        M5
         --------- --------- --------- --------- --------- --------- --------- --------- --------- ---------
 K       1.082E-05 1.424E-05 1.468E-05 1.974E-05 1.941E-05 2.616E-05 2.513E-05 3.383E-05 3.202E-05 4.302E-05

 L1      1.054E-06 1.391E-06 1.434E-06 1.935E-06 1.900E-06 2.569E-06 2.464E-06 3.329E-06 3.146E-06 4.243E-06
 L2      1.713E-09 3.275E-09 3.533E-09 6.563E-09 6.746E-09 1.155E-08 1.198E-08 1.893E-08 2.006E-08 2.960E-08
 L3      7.766E-09 7.743E-09 8.545E-09 8.178E-09 9.503E-09 8.786E-09 1.075E-08 9.924E-09 1.257E-08 1.208E-08
 L-tot   1.064E-06 1.402E-06 1.446E-06 1.949E-06 1.916E-06 2.590E-06 2.487E-06 3.358E-06 3.179E-06 4.285E-06

 M1      1.510E-07 1.994E-07 2.056E-07 2.774E-07 2.724E-07 3.685E-07 3.534E-07 4.776E-07 4.512E-07 6.088E-07
 M2      2.404E-10 4.597E-10 4.959E-10 9.216E-10 9.472E-10 1.622E-09 1.682E-09 2.660E-09 2.818E-09 4.159E-09
 M3      1.087E-09 1.084E-09 1.196E-09 1.144E-09 1.330E-09 1.230E-09 1.505E-09 1.389E-09 1.759E-09 1.692E-09
 M4      4.134E-14 4.169E-14 5.537E-14 5.319E-14 7.523E-14 7.846E-14 1.093E-13 1.392E-13 1.794E-13 2.744E-13
 M5      4.596E-13 4.574E-13 4.814E-13 4.778E-13 5.152E-13 5.089E-13 5.620E-13 5.584E-13 6.290E-13 6.291E-13
 M-tot   1.524E-07 2.010E-07 2.073E-07 2.795E-07 2.747E-07 3.714E-07 3.566E-07 4.816E-07 4.558E-07 6.147E-07

 N1      6.201E-09 8.189E-09 8.441E-09 1.139E-08 1.118E-08 1.513E-08 1.451E-08 1.961E-08 1.853E-08 2.500E-08
 N-tot   6.201E-09 8.189E-09 8.441E-09 1.139E-08 1.118E-08 1.513E-08 1.451E-08 1.961E-08 1.853E-08 2.500E-08
 Tot     2.144E+11 <I> Not Calculated

 IPF     1.982E-03 1.349E-03 1.458E-03 1.053E-03 1.154E-03 8.642E-04 <I> Not Calculated

 Tot     1.994E-03 1.365E-03 1.474E-03 1.075E-03 1.176E-03 8.933E-04 2.798E-05 3.769E-05 3.567E-05 4.795E-05

Without IPF
 Tot(CE) 1.204E-05 1.585E-05 1.634E-05 2.199E-05 2.161E-05 2.914E-05 2.798E-05 3.769E-05 3.567E-05 4.795E-05

      71 :  60ZN  G 4891.9    3 0.65    16                                                   <Old Card Kept>
