 60ZN    60GA EC DECAY (69.4 MS)       2001MA96,2021OR01         ENSDF    202709
 60ZN  H TYP=FUL$AUT=LIJIE SUN AND JUN CHEN$                                    
 60ZN2 H CIT=ENSDF$CUT=30-Sep-2027$                                             
 60ZN  H TYP=FUL$AUT=E. BROWNE, J. K. TULI$                                     
 60ZN2 H CIT=NDS 114, 1849 (2013)$CUT=31-Dec-2012$                              
 60ZN dB $LOGFT and EAV are calculated by RadiationReport (version 11-Feb-2025) 
 60ZN dL E$Least-squares fitting is done by GLSC (version 18-Feb-2025)          
 60ZN c  2001Ma96: {+60}Ga was produced by {+28}Si({+36}Ar,p3n) reaction at 4.71
 60ZN2c  MeV/nucleon at the GSI On-Line Mass Separator. {+60}Ga was implanted   
 60ZN3c  into a tape for |b|g measurements and implanted into a carbon foil for 
 60ZN4c  |b|p measurements. Positrons were detected using a plastic             
 60ZN5c  scintillator; |g rays were detected using Clover Ge detectors;         
 60ZN6c  particles were detected using Si |DE-E telescopes. A total of 802      
 60ZN7c  proton events were observed. Measured E|g, I|g, |g|g, |b|g|g, |bp,     
 60ZN8c  |b|a, half-life. Measured %|b+p=1.6 {I7}, %|b+|a<0.023 {I20}.          
 60ZN c  2021Or01: {+60}Ga was produced via {+9}Be({+78}Kr,X) using 345         
 60ZN2c  MeV/nucleon {+78}Kr from the RIBF at RIKEN on a 5 mm {+9}Be target.    
 60ZN3c  Fragments were separated, selected and identified by the BigRIPS       
 60ZN4c  separator according to B|r-|DE-tof, and transported and implanted into 
 60ZN5c  the WAS3ABi array consisting of three DSSSDs at the exit of the        
 60ZN6c  ZeroDegree spectrometer. |g rays were detected using the EURICA array  
 60ZN7c  of HPGe detectors. Measured E|g, I|g, implant-decay time correlations. 
 60ZN8c  Deduced parent T{-1/2}, |g emission probabilities.                     
 60GA  P 0           2+                69.4 MS   3              14160     15    
 60GA cP J$From Adopted Levels of {+60}Ga                                       
 60GA cP T$Weighted average of 70 ms {I15} (2001Ma96), 70 ms {I13} (2002Lo13),  
 60GA2cP 76 ms {I3} (2017Ku12), and 69.4 ms {I2} (2021Or01)                     
 60GA cP QP$Deduced by evaluators using {+60}Ga mass excesses of -40015         
 60GA2cP {I15}; weighted average of -40016 {I15} (2021Or01), -40005 {I30}       
 60GA3cP (2021Pa44), and -40034 {I46} (2023Wa10).                               
 60ZN  N 1.0                   1.0       1.0                                    
 60ZN cN NR$Absolute |g-ray intensities (per 100 decays of {+60}Ga) were        
 60ZN2cN measured by 2021Or01 based on the total number of implanted {+60}Ga and
 60ZN3cN |g-ray detection efficiencies.                                         
 60ZN PN                                                                     4  
 60ZN  G 669.3     3 0.36    9                                                  
 60ZN2 G %IG=0.36                                                               
 60ZN  G 850.8     1 0.75    10                                                 
 60ZN2 G %IG=0.75                                                               
 60ZN  G 913.9     3 0.3     1                                                  
 60ZN2 G %IG=0.3                                                                
 60ZN  G 1028.6    2 0.38    8                                                  
 60ZN2 G %IG=0.38                                                               
 60ZN  G 1188.4    1 1.6     1                                                  
 60ZN2 G %IG=1.6                                                                
 60ZN  G 1201.8    2 0.29    7                                                  
 60ZN2 G %IG=0.29                                                               
 60ZN  G 1413.7    2 0.35    7                                                  
 60ZN2 G %IG=0.35                                                               
 60ZN  G 1442.1    1 0.40    8                                                  
 60ZN2 G %IG=0.4                                                                
 60ZN  G 1481.4    1 1.3     1                                                  
 60ZN2 G %IG=1.3                                                                
 60ZN  G 1780.8    6 0.2     1                                                  
 60ZN2 G %IG=0.2                                                                
 60ZN  G 2047.2    4 0.7     2                                                  
 60ZN2 G %IG=0.7                                                                
 60ZN  G 2334.2    3 0.8     2                                                  
 60ZN2 G %IG=0.8                                                                
 60ZN  G 2434.2    2 1.8     2                                                  
 60ZN2 G %IG=1.8                                                                
 60ZN  G 2624.3    5 0.3     1                                                  
 60ZN2 G %IG=0.3                                                                
 60ZN  G 2826.0    2 1.3     2                                                  
 60ZN2 G %IG=1.3                                                                
 60ZN  G 2884.0    4 0.8     2                                                  
 60ZN2 G %IG=0.8                                                                
 60ZN  G 2996.8    2 2.0     3                                                  
 60ZN2 G %IG=2.0                                                                
 60ZN  G 3337.4    1 7.1     6                                                  
 60ZN2 G %IG=7.1                                                                
 60ZN  G 3394.8    1 7.0     6                                                  
 60ZN2 G %IG=7.0                                                                
 60ZN  G 3889.1    3 2.8     8                                                  
 60ZN2 G %IG=2.8                                                                
 60ZN  G 4000.9    2 2.8     4                                                  
 60ZN2 G %IG=2.8                                                                
 60ZN  G 4805.0    4 0.4     1                                                  
 60ZN2 G %IG=0.4                                                                
 60ZN  G 4850.2    5 0.2     1                                                  
 60ZN2 G %IG=0.2                                                                
 60ZN  G 4891.9    3 0.4     1                                                  
 60ZN2 G %IG=0.4                                                                
 60ZN  L 0            0+                                                        
 60ZN  L 1003.53   10 2+                                                        
 60ZN  E             17      4 0.007   2 4.9     1              17        4     
 60ZNS E EAV=5834 8$CK=3.52E-4 4$CL=3.87E-5 4$CM+=6.89E-6 7
 60ZN  G 1003.5    1 62      3                                                  
 60ZN2 G %IG=62                                                                 
 60ZN cG E$from 2021Or01. Other: 1003.7 {I2} (2001Ma96)                         
 60ZN cG RI$from 2021Or01. Other: 62 {I11} (2001Ma96)                           
 60ZN  L 2558.54   23 (2+)                                                      
 60ZN  E             9.2     9 0.0055  6 4.83    4              9.2       9     
 60ZNS E EAV=5061 8$CK=5.29E-4 6$CL=5.82E-5 6$CM+=1.034E-5 11
 60ZN  G 1554.7    3 7.0     5                                                  
 60ZN2 G %IG=7.0                                                                
 60ZN cG E$from 2021Or01. Other: 1554.9 {I6} (2001Ma96)                         
 60ZN cG RI$from 2021Or01. Other: 7.4 {I31} (2001Ma96)                          
 60ZN  G 2558.8    4 8.5     6                                                  
 60ZN2 G %IG=8.5                                                                
 60ZN cG E$weighted average of 2559.0 {I8} (2001Ma96) and 2558.7 {I4} (2021Or01)
 60ZN cG RI$from 2021Or01. Other: 8.1 {I31} (2001Ma96)                          
 60ZN  L 4851.97   32 2+                                                        
 60ZN cL $T=1 isobaric analog state of {+60}Ga g.s.                             
 60ZN  E             44.3    31 0.055  4 3.65    3              44.3      31    
 60ZNS E EAV=3926 8$CK=0.001090 13$CL=1.198E-4 14$CM+=2.131E-5 24
 60ZN  G 2293.2    4 6.3     5                                                  
 60ZN2 G %IG=6.3                                                                
 60ZN cG E$from 2021Or01. Other: 2293.0 {I10} (2001Ma96)                        
 60ZN cG RI$from 2021Or01. Other: 6.2 {I31} (2001Ma96)                          
 60ZN  G 3848.5    4 38      3                                                  
 60ZN2 G %IG=38                                                                 
 60ZN cG E$from 2021Or01. Other: 3848.3 {I7} (2001Ma96)                         
 60ZN cG RI$from 2021Or01. Other: 35 {I8} (2001Ma96)                            
                                                                                
