Java program for checking keynumbers (update 03/12/2025): list of all keynumbers
Input file: D:\X\ND\A35\finished\Ar35\new\dummy.ens
Generated at: Fri 06/20/2025 at 03:07:46 PM EDT

Total number=81

1940Ki12
1941El04
1941Ki01
1956Ki29
1959Al10
1960Ja12
1960Wa04
1963NE05
1965Ca04
1966Ba54
1968JO04
1968Ko04
1968KO11
1969Wi18
1970Mo10
1970WH04
1971Ge04
1972MiZO
1973Be26
1975DA14
1976BE08
1977Az01
1977Ha51
1977Tr03
1978HaYH
1979AnZZ
1979Ca15
1979HaZT
1979HaZY
1980AyZZ
1980EW02
1981Ay01
1984Mu25
1985Br29
1990Br26
1995Ga03
1995Ga16
1995KlZZ
1995Tr02
1996Kl04
1997TR05
1998Sc19
1998VOAA
2000Ge20
2001LO11
2002Ma41
2002Oz03
2003Sm02
2004EK01
2005DEZZ
2005EK01
2006Ia05
2006Me04
2007De14
2007Do17
2007No13
2010LE03
2011LE01
2011Nu01
2011Tu09
2012Ni01
2012Ni10
2012Th10
2012Zh06
2013An02
2013Ni09
2015FR01
2015Su01
2016Li45
2018Sa54
2019ChZU
2019StZV
2020Ri06
2020RiZX
2020RiZZ
2021La04
2021StZZ
2021Su04
2021Wa16
2023He15
2024Dr01
