Program for consistency check: output for Error and Warnings (version 01/22/2025)
Generated at: Tue 03/11/2025 at 09:38:35 PM EDT


################################################################################
In dataset of 35P: XA 35SI B- DECAY (0.78 S)     XREF Tag=A

 35P   L 2386.5    5  3/2+                                                      
                                       *                                          <W> T1/2 commented from Adopted but empty
                                                                                        Adopted T1/2=0.69 PS LT this T1/2=
 35P   L 3859.7    5  5/2+                                                      
                                       *                                          <W> T1/2 commented from Adopted but empty
                                                                                        Adopted T1/2=0.69 PS LT this T1/2=
 35P   L 4101.2    5   (7/2-)                                                   
                                       *                                          <W> T1/2 commented from Adopted but empty
                                                                                        Adopted T1/2=69 PS GT this T1/2=
 35P   G 4100.8    10 135     8                                                 
                               *                                                  <W> large deltaJ=3 ([E3]), but no Mult is given
                                                                                        JI=(7/2-) JF(0)=1/2+
 35P   L 4493.5    6    (7/2-)                                                  
                                       *                                          <W> T1/2 commented from Adopted but empty
                                                                                        Adopted T1/2=2.29 PS 49 this T1/2=

################################################################################
In dataset of 35P: XE 9BE(36S,35PG)     XREF Tag=E

 35P   L 4101      2                                                        A   
 35P   G 237       2                                                            
         *                                                                        <W> Check discrepancy in gamma energies:
                                                                                          this energy=237      Adopted=241.3

################################################################################
In dataset of 35P: XK 208PB(36S,XG)     XREF Tag=K

 35P   L 4102.1    7   7/2-            69 PS     GT                             
                     *                                                            <E> JPI commented from Adopted but inconsistent
                                                                                        Adopted JPI=(7/2-) this JPI=7/2-
 35P   L 4494.2    8   7/2-            2.29 PS   49                             
                     *                                                            <E> JPI commented from Adopted but inconsistent
                                                                                        Adopted JPI=(7/2-) this JPI=7/2-
 35P   L 4767.1    10  9/2-                                                     
                     *                                                            <E> JPI commented from Adopted but inconsistent
                                                                                        Adopted JPI= this JPI=9/2-
 35P   L 4962.1    12  9/2-                                                     
                     *                                                            <E> JPI commented from Adopted but inconsistent
                                                                                        Adopted JPI= this JPI=9/2-
 35P   L 5089.8    11  11/2-                                                    
                     *                                                            <E> JPI commented from Adopted but inconsistent
                                                                                        Adopted JPI= this JPI=11/2-


End of report
