Program for consistency check: output for Error and Warnings (version 03/30/2025)
Generated at: Mon 05/05/2025 at 07:26:09 PM EDT


################################################################################
In dataset of 35K: XA 35CA EC DECAY (25.7 MS)     XREF Tag=A

 35K   L 3781      26 1/2+,3/2+                                                 
                     *                                                            <E> JPI commented from Adopted but inconsistent
                                                                                        Adopted JPI= this JPI=1/2+,3/2+
 35K   L 4018      37 1/2+,3/2+                                                 
                     *                                                            <E> JPI commented from Adopted but inconsistent
                                                                                        Adopted JPI= this JPI=1/2+,3/2+
 35K   L 4788      49 1/2+,3/2+                                                 
                     *                                                            <E> JPI commented from Adopted but inconsistent
                                                                                        Adopted JPI= this JPI=1/2+,3/2+
 35K   L 4982      13 1/2+,3/2+                                                 
                     *                                                            <E> JPI commented from Adopted but inconsistent
                                                                                        Adopted JPI= this JPI=1/2+,3/2+
 35K   L 5249      73 1/2+,3/2+                                                 
                     *                                                            <E> JPI commented from Adopted but inconsistent
                                                                                        Adopted JPI= this JPI=1/2+,3/2+
 35K   L 5533      49 1/2+,3/2+                                                 
                     *                                                            <E> JPI commented from Adopted but inconsistent
                                                                                        Adopted JPI= this JPI=1/2+,3/2+
 35K   L 5710      49 1/2+,3/2+                                                 
                     *                                                            <E> JPI commented from Adopted but inconsistent
                                                                                        Adopted JPI= this JPI=1/2+,3/2+
 35K   L 5865      38 1/2+,3/2+                                                 
                     *                                                            <E> JPI commented from Adopted but inconsistent
                                                                                        Adopted JPI= this JPI=1/2+,3/2+
 35K   L 6089      62 1/2+,3/2+                                                 
                     *                                                            <E> JPI commented from Adopted but inconsistent
                                                                                        Adopted JPI= this JPI=1/2+,3/2+
 35K   L 6335      73 1/2+,3/2+                                                 
                     *                                                            <E> JPI commented from Adopted but inconsistent
                                                                                        Adopted JPI= this JPI=1/2+,3/2+
 35K   L 9168      23 1/2+                                                      
                     *                                                            <E> JPI commented from Adopted but inconsistent
                                                                                        Adopted JPI= this JPI=1/2+


End of report
