Program for consistency check: output for Error and Warnings (version 03/30/2025)
Generated at: Mon 04/21/2025 at 07:40:28 PM EDT

################################################################################
In Adopted dataset of 35AR

 35AR  L 0.0          3/2+             1.7756 S  10                             
 35AR2 L MOMM1=+0.6322 2 (2002Ma41,2011StZZ)                                    
 35AR2 L MOME2=-0.084 15 (1996Kl04,2011StZZ)                                    
         *                                                                        <W> Check if MOMM1 and reference are updated with 2019STZV or 2020STZV
                                                                                      Check if MOME2 and reference are updated with 2021STZZ

################################################################################
In dataset of 35AR: XA 35K EC DECAY (175 MS)     XREF Tag=A

 35AR  L 0            3/2+                                                      
                                       *                                          <W> T1/2 is available from Adopted but empty here
                                                                                        Adopted T1/2=1.7756 S 10 this T1/2=
 35AR  L 2637.99   26 3/2+,5/2+                                                 
                     *                                                            <E> JPI commented from Adopted but inconsistent
                                                                                        Adopted JPI=3/2+ this JPI=3/2+,5/2+
 35AR  L 2982.79   12 3/2+,5/2+                                                 
                     *                                                            <E> JPI commented from Adopted but inconsistent
                                                                                        Adopted JPI=5/2+ this JPI=3/2+,5/2+
 35AR  L 4785.8    11  1/2+                                                     
                     *                                                            <E> JPI commented from Adopted but inconsistent
                                                                                        Adopted JPI=1/2+,3/2+,5/2+ this JPI=1/2+
 35AR  L 6348      11                                                           
                     *                                                            <W> JPI commented from Adopted but multiple matches found in Adopted:
 35AR  L 7053      11                                                           
                     *                                                            <W> JPI commented from Adopted but empty
                                                                                        Adopted JPI=3/2+,5/2+ this JPI=

################################################################################
In dataset of 35AR: XA 35K EC DECAY (175 MS)     XREF Tag=A

 35AR  L 0            3/2+                                                      
                                       *                                          <W> T1/2 is available from Adopted but empty here
                                                                                        Adopted T1/2=1.7756 S 10 this T1/2=
 35AR  L 2637.99   26 3/2+,5/2+                                                 
                     *                                                            <E> JPI commented from Adopted but inconsistent
                                                                                        Adopted JPI=3/2+ this JPI=3/2+,5/2+
 35AR  L 2982.79   12 3/2+,5/2+                                                 
                     *                                                            <E> JPI commented from Adopted but inconsistent
                                                                                        Adopted JPI=5/2+ this JPI=3/2+,5/2+
 35AR  L 4785.8    11  1/2+                                                     
                     *                                                            <E> JPI commented from Adopted but inconsistent
                                                                                        Adopted JPI=1/2+,3/2+,5/2+ this JPI=1/2+
 35AR  L 5572.66   15 3/2+                                                      
         *                                                                        <E> Tag=A of this dataset missing in XREF of matched Adopted Level=5592
                     *                                                            <E> JPI commented from Adopted but inconsistent
                                                                                        Adopted JPI=3/2+,5/2+ this JPI=3/2+
 35AR  G 1044.4    4  1.3    4                                                  
         *                                                                        <W> This gamma is missing in Adopted Gammas at level=5592
         *                                                                        <W> Similar gammas placed differently in Adopted:
                                                                                        1044.4(4)      from level=5572.66     JPI=3/2+                
 35AR  G 1507.4    5  1.9    4                                                  
         *                                                                        <W> This gamma is missing in Adopted Gammas at level=5592
         *                                                                        <W> Similar gammas placed differently in Adopted:
                                                                                        1507.4(5)      from level=5572.66     JPI=3/2+                
 35AR  G 2589.8    1  52     2                                                  
         *                                                                        <W> This gamma is missing in Adopted Gammas at level=5592
         *                                                                        <W> Similar gammas placed differently in Adopted:
                                                                                        2589.8(1)      from level=5572.66     JPI=3/2+                
 35AR  G 2934.5    5  3.5    6                                                  
         *                                                                        <W> This gamma is missing in Adopted Gammas at level=5592
         *                                                                        <W> Similar gammas placed differently in Adopted:
                                                                                        2934.5(5)      from level=5572.66     JPI=3/2+                
 35AR  G 3821.7    7  3.5    7                                                  
         *                                                                        <W> This gamma is missing in Adopted Gammas at level=5592
         *                                                                        <W> Similar gammas placed differently in Adopted:
                                                                                        3821.7(7)      from level=5572.66     JPI=3/2+                
 35AR  G 4387.2    9  3.5    8                                                  
         *                                                                        <W> This gamma is missing in Adopted Gammas at level=5592
         *                                                                        <W> Similar gammas placed differently in Adopted:
                                                                                        4387.2(9)      from level=5572.66     JPI=3/2+                
 35AR  G 5572.3    10 6.1    16                                                 
         *                                                                        <W> This gamma is missing in Adopted Gammas at level=5592
         *                                                                        <W> Similar gammas placed differently in Adopted:
                                                                                        5572.3(10)     from level=5572.66     JPI=3/2+                
 35AR  L 6348      11                                                           
                     *                                                            <W> JPI commented from Adopted but multiple matches found in Adopted:
 35AR  L 7053      11                                                           
                     *                                                            <W> JPI commented from Adopted but empty
                                                                                        Adopted JPI=3/2+,5/2+ this JPI=

################################################################################
In dataset of 35AR: XF 32S(A,N)     XREF Tag=F

 35AR  L 890       50                                                           
         *                                                                        <W> Matching Adopted energy is largely discrepant: 1184.03 25   XREF=ABCF(890)GHIJ
                                                                                                                  this level energy: 890 50   XREF tag=F
                                                                                      Check if level matching (XREF) is correct
 35AR  L 2030      80                                                           
         *                                                                        <W> Matching Adopted energy is largely discrepant: 1750.7 3   XREF=ADEF(2030)GH(1700)I(1700)J(1738)
                                                                                                                  this level energy: 2030 80   XREF tag=F
                                                                                      Check if level matching (XREF) is correct

################################################################################
In dataset of 35AR: XF 32S(A,N)     XREF Tag=F

 35AR  L 890       50                                                           
         *                                                                        <W> Matching Adopted energy is largely discrepant: 1184.03 25   XREF=ABCF(890)GHIJ
                                                                                                                  this level energy: 890 50   XREF tag=F
                                                                                      Check if level matching (XREF) is correct
 35AR  L 2030      80                                                           
         *                                                                        <W> Matching Adopted energy is largely discrepant: 1750.7 3   XREF=ADEF(2030)GH(1700)I(1700)J(1738)
                                                                                                                  this level energy: 2030 80   XREF tag=F
                                                                                      Check if level matching (XREF) is correct

################################################################################
In dataset of 35AR: XG 33S(3HE,NG)     XREF Tag=G

 35AR  L 2600.8    15                                                           
 35AR  G 2600.7                                                                 
         *                                                                        <W> Check discrepancy in gamma energies:
                                                                                          this energy=2600.7      Adopted=2603.0

################################################################################
In dataset of 35AR: XG 33S(3HE,NG)     XREF Tag=G

 35AR  L 2600.8    15                                                           
 35AR  G 2600.7                                                                 
         *                                                                        <W> Check discrepancy in gamma energies:
                                                                                          this energy=2600.7      Adopted=2603.0

################################################################################
In dataset of 35AR: XH 36AR(P,D)     XREF Tag=H

 35AR  L 4756      28 (1/2+)                           0        0.172           
                                                       *                          <W> L=0 inconsistent with JPI=1/2+,3/2+,5/2+ from Adopted Levels for E=4785.7
                                                                                         possible JPI from L=0 and target JPI=0+
                                                                                             1/2+
 35AR  L 5102      20 7/2-                             3        0.46            
                     *                                                            <W> JPI here contradicts to adopted. Please check
                                                                                        Adopted JPI=(3/2,5/2)+ this JPI=7/2-
                                                       *                          <W> L=3 inconsistent with JPI=(3/2,5/2)+ from Adopted Levels for E=5113
                                                                                         possible JPI from L=3 and target JPI=0+
                                                                                             5/2-,7/2-

################################################################################
In dataset of 35AR: XH 36AR(P,D)     XREF Tag=H

 35AR  L 4756      28 (1/2+)                           0        0.172           
                                                       *                          <W> L=0 inconsistent with JPI=1/2+,3/2+,5/2+ from Adopted Levels for E=4785.7
                                                                                         possible JPI from L=0 and target JPI=0+
                                                                                             1/2+
 35AR  L 5102      20 7/2-                             3        0.46            
                     *                                                            <W> JPI here contradicts to adopted. Please check
                                                                                        Adopted JPI=(3/2,5/2)+ this JPI=7/2-
                                                       *                          <W> L=3 inconsistent with JPI=(3/2,5/2)+ from Adopted Levels for E=5113
                                                                                         possible JPI from L=3 and target JPI=0+
                                                                                             5/2-,7/2-
 35AR  L 6700      20 7/2-                             3        2.60            
         *                                                                        <W> level not placed in Adopted.
                                                                                        closest level in Adopted:
                                                                                        6673       4 5/2-,7/2-           XREF=HI(6672)

################################################################################
In dataset of 35AR: XI 36AR(D,T)     XREF Tag=I

 35AR  L 1700         5/2+                             (2)      0.2       LT    
                     *                                                            <E> JPI commented from Adopted but inconsistent
                                                                                        Adopted JPI=(5/2)+ this JPI=5/2+
 35AR  L 6037      3                                                            
                     *                                                            <W> JPI commented from Adopted but empty
                                                                                        Adopted JPI=3/2+,5/2+ this JPI=
 35AR  L 6617      2                                                            
                     *                                                            <W> JPI commented from Adopted but empty
                                                                                        Adopted JPI=1/2+ this JPI=
 35AR  L 6672      3                                                            
                     *                                                            <W> JPI commented from Adopted but empty
                                                                                        Adopted JPI=5/2-,7/2- this JPI=

################################################################################
In dataset of 35AR: XI 36AR(D,T)     XREF Tag=I

 35AR  L 1700         5/2+                             (2)      0.2       LT    
                     *                                                            <E> JPI commented from Adopted but inconsistent
                                                                                        Adopted JPI=(5/2)+ this JPI=5/2+
 35AR  L 6037      3                                                            
                     *                                                            <W> JPI commented from Adopted but empty
                                                                                        Adopted JPI=3/2+,5/2+ this JPI=
 35AR  L 6585      3                                                            
                     *                                                            <W> JPI commented from Adopted but empty
                                                                                        Adopted JPI=5/2-,7/2- this JPI=
 35AR  L 6617      2                                                            
                     *                                                            <W> JPI commented from Adopted but empty
                                                                                        Adopted JPI=1/2+ this JPI=
 35AR  L 6672      3                                                            
                     *                                                            <W> JPI commented from Adopted but empty
                                                                                        Adopted JPI=5/2-,7/2- this JPI=

################################################################################
In dataset of 35AR: XJ 36AR(3HE,A)     XREF Tag=J

 35AR  L 6631      10 1/2+                             0        0.36            
         *                                                                        <W> 4 possible matches found in Adopted! Check XREF
                                                                                      #@ 6606       3                     XREF=H(6620*)IJ(6631*)
                                                                                       @ 6617       2 1/2+                XREF=H(6620*)IJ(6631*)
                                                                                       @ 6644       3                     XREF=H(6620*)IJ(6631*)
                                                                                       @ 6651       3                     XREF=H(6620*)IJ(6631*)
                                                                                      *** Check for possible incorrect XREF assignment (# marked) of this tag=J

################################################################################
In dataset of 35AR: XJ 36AR(3HE,A)     XREF Tag=J

 35AR  L 6631      10 1/2+                             0        0.36            
         *                                                                        <W> 4 possible matches found in Adopted! Check XREF
                                                                                      #@ 6606       3                     XREF=H(6620*)IJ(6631*)
                                                                                       @ 6617       2 1/2+                XREF=H(6620*)IJ(6631*)
                                                                                       @ 6644       3                     XREF=H(6620*)IJ(6631*)
                                                                                       @ 6651       3                     XREF=H(6620*)IJ(6631*)
                                                                                      *** Check for possible incorrect XREF assignment (# marked) of this tag=J


End of report
