Program for consistency check: output for Error and Warnings (version 03/30/2025)
Generated at: Tue 04/29/2025 at 05:30:37 PM EDT


################################################################################
In dataset of 35AR: XF 32S(A,N)     XREF Tag=F

 35AR  L 890       50                                                           
         *                                                                        <W> Matching Adopted energy is largely discrepant: 1184.08 25   XREF=ABCF(890)GIJK
                                                                                                                  this level energy: 890 50   XREF tag=F
                                                                                      Check if level matching (XREF) is correct
 35AR  L 2030      80                                                           
         *                                                                        <W> Matching Adopted energy is largely discrepant: 1750.78 22   XREF=ADEF(2030)GI(1700)J(1700)K(1738)
                                                                                                                  this level energy: 2030 80   XREF tag=F
                                                                                      Check if level matching (XREF) is correct

################################################################################
In dataset of 35AR: XG 33S(3HE,NG)     XREF Tag=G

 35AR  L 2600.8    15                                                           
 35AR  G 2600.7                                                                 
         *                                                                        <W> Check discrepancy in gamma energies:
                                                                                          this energy=2600.7      Adopted=2603.0

################################################################################
In dataset of 35AR: XH 35CL(3HE,T)     XREF Tag=H

 35AR  L 5387                                                                   
         *                                                                        <E> Tag=H of this dataset missing in XREF of matched Adopted Level=5384.2

################################################################################
In dataset of 35AR: XI 36AR(P,D)     XREF Tag=I

 35AR  L 4756      28 (1/2+)                           0        0.172           
                                                       *                          <W> L=0 inconsistent with JPI=1/2+,3/2+,5/2+ from Adopted Levels for E=4785.8
                                                                                         possible JPI from L=0 and target JPI=0+
                                                                                             1/2+
 35AR  L 5102      20                                  3        0.46            
                                                       *                          <W> L=3 inconsistent with JPI=3/2+,5/2+ from Adopted Levels for E=5113
                                                                                         possible JPI from L=3 and target JPI=0+
                                                                                             5/2-,7/2-

################################################################################
In dataset of 35AR: XK 36AR(3HE,A)     XREF Tag=K

 35AR  L 6631      10 1/2+                             0        0.36            
         *                                                                        <W> 4 possible matches found in Adopted! Check XREF
                                                                                      #@ 6606       3                     XREF=I(6620*)JK(6631*)
                                                                                       @ 6617       2                     XREF=I(6620*)JK(6631*)
                                                                                       @ 6644       3                     XREF=I(6620*)JK(6631*)
                                                                                       @ 6651       3                     XREF=I(6620*)JK(6631*)
                                                                                      *** Check for possible incorrect XREF assignment (# marked) of this tag=K


End of report
