Program for consistency check: output for Error and Warnings (version 03/30/2025)
Generated at: Fri 04/18/2025 at 03:04:27 AM EDT

################################################################################
In Adopted dataset of 35AR

 35AR  XA35K EC DECAY (178 MS)
         *                                                                        <E> DSID in XREF list does not match DSID in the dataset:
                                                                                          35K EC DECAY (175 MS)
 35AR  XB36CA ECP DECAY (102 MS)
         *                                                                        <E> DSID in XREF list does not match DSID in the dataset:
                                                                                          35K EC DECAY (175 MS)
                                                                                      DSID in XREF list does not match DSID in the dataset:
                                                                                          36CA ECP DECAY (100.9 MS)
 35AR  L 0            3/2+             1.7756 S  10                             
 35AR2 L MOMM1=+0.6322 2 (2002Ma41,2011StZZ)                                    
 35AR2 L MOME2=-0.084 15 (1996Kl04,2011StZZ)                                    
         *                                                                        <W> Check if MOMM1 and reference are updated with 2019STZV or 2020STZV
                                                                                      Check if MOME2 and reference are updated with 2021STZZ
 35AR  L 2982.79   12 3/2+,5/2+                                                 
 35ARX L XREF=AFGHI(?)
         *                                                                        <W> ? mark here at tag=I but no ? at level=2980 in I=1H(36AR,D)
 35AR  L 3196.9    4  7/2-                                                  A   
 35ARX L XREF=CDFGHI(?)
         *                                                                        <W> ? mark here at tag=I but no ? at level=3190 in I=1H(36AR,D)
 35AR  L 4358.8    8  9/2-                                                      
 35AR  G   1162.0  8   54    21                                                 
 35AR  G   1756.1  10  100   15                                                ?
                     *                                                            <W> Gamma intensity should not be normalized to questionable.

################################################################################
In dataset of 35AR: XA 35K EC DECAY (175 MS)     XREF Tag=A

 35AR  L 0            3/2+                                                      
                                       *                                          <W> T1/2 is available from Adopted but empty here
                                                                                        Adopted T1/2=1.7756 S 10 this T1/2=
 35AR  L 6348      11 1/2+,3/2+,5/2+                                            
         *                                                                        <W> level not placed in Adopted.
                                                                                        closest level in Adopted:
                                                                                        6258      10                     XREF=H
                     *                                                            <E> JPI commented from Adopted but no such Adopted level
 35AR  L 7053      11 1/2+,3/2+,5/2+                                            
         *                                                                        <E> Tag=A of this dataset missing in XREF of matched Adopted Level=7050
                     *                                                            <E> JPI commented from Adopted but inconsistent
                                                                                        Adopted JPI=3/2+,5/2+ this JPI=1/2+,3/2+,5/2+
 35AR  L 7255      11 1/2+,3/2+,5/2+                                            
         *                                                                        <W> level not placed in Adopted.
                                                                                        closest level in Adopted:
                                                                                        7293      10                     XREF=H
                     *                                                            <E> JPI commented from Adopted but no such Adopted level
 35AR  L 7283      11 1/2+,3/2+,5/2+                                            
         *                                                                        <E> Tag=A of this dataset missing in XREF of matched Adopted Level=7293
                     *                                                            <E> JPI commented from Adopted but inconsistent
                                                                                        Adopted JPI= this JPI=1/2+,3/2+,5/2+
 35AR  L 7431      11 1/2+,3/2+,5/2+                                            
         *                                                                        <E> Tag=A of this dataset missing in XREF of matched Adopted Level=7423
                     *                                                            <E> JPI commented from Adopted but inconsistent
                                                                                        Adopted JPI= this JPI=1/2+,3/2+,5/2+

################################################################################
In dataset of 35AR: X?0 32S(A,N)     XREF Tag=?0

 35AR  L 0                             1.76 S    3                              
         *                                                                        <E> Tag=?0 of this dataset missing in XREF of matched Adopted Level=0
 35AR  L 890       50                                                           
         *                                                                        <W> level not placed in Adopted.
                                                                                        closest level in Adopted:
                                                                                        1184.03   25 1/2+                XREF=ABEFGHI
 35AR  L 2030      80                                                           
         *                                                                        <W> level not placed in Adopted.
                                                                                        closest level in Adopted:
                                                                                        1750.7     3 (5/2)+              XREF=ACDEFGH

################################################################################
In dataset of 35AR: XE 33S(3HE,NG)     XREF Tag=E

 35AR  L 2600.8    15 (3/2+)                           (0)                      
                     *                                                            <W> JPI here contradicts to adopted. Please check
                                                                                        Adopted JPI=7/2+ this JPI=(3/2+)
 35AR  G 2600.7                                                                 
         *                                                                        <W> Check discrepancy in gamma energies:
                                                                                          this energy=2600.7      Adopted=2603.0
 35AR  L 3195.8    11                                                           
         *                                                                        <E> Tag=E of this dataset missing in XREF of matched Adopted Level=3196.9

################################################################################
In dataset of 35AR: XF 36AR(P,D)     XREF Tag=F

 35AR  L 5102      20 7/2-                             3        0.46            
                     *                                                            <W> JPI here contradicts to adopted. Please check
                                                                                        Adopted JPI=3/2+,5/2+ this JPI=7/2-
                                                       *                          <W> L=3 inconsistent with JPI=3/2+,5/2+ from Adopted Levels for E=5113
                                                                                         possible JPI from L=3 and target JPI=0+
                                                                                             5/2-,7/2-

################################################################################
In dataset of 35AR: XG 36AR(D,T)     XREF Tag=G

 35AR  L 1700         5/2+                             (2)      0.2       LT    
                     *                                                            <E> JPI commented from Adopted but inconsistent
                                                                                        Adopted JPI=(5/2)+ this JPI=5/2+
 35AR  L 2635      20 3/2+                             (2)      0.5             
                     *                                                            <E> JPI commented from Adopted but inconsistent
                                                                                        Adopted JPI=3/2+,5/2+ this JPI=3/2+
 35AR  L 2986      20 5/2+                             2        2.6             
                     *                                                            <E> JPI commented from Adopted but inconsistent
                                                                                        Adopted JPI=3/2+,5/2+ this JPI=5/2+
 35AR  L 5913      5                                                            
         *                                                                        <E> Tag=G of this dataset missing in XREF of matched Adopted Level=5911
 35AR  L 5991      3                                                            
         *                                                                        <W> level not placed in Adopted.
                                                                                        closest level in Adopted:
                                                                                        6032      10 3/2+,5/2+           XREF=FH
 35AR  L 6037      3                                                            
         *                                                                        <E> Tag=G of this dataset missing in XREF of matched Adopted Level=6032
                     *                                                            <W> JPI commented from Adopted but empty
                                                                                        Adopted JPI=3/2+,5/2+ this JPI=
 35AR  L 6055      3                                                           ?
         *                                                                        <W> questionable level not placed in Adopted.
                                                                                        closest level in Adopted:
                                                                                        6032      10 3/2+,5/2+           XREF=FH
 35AR  L 6076      3                                                            
         *                                                                        <W> level not placed in Adopted.
                                                                                        closest level in Adopted:
                                                                                        6032      10 3/2+,5/2+           XREF=FH
 35AR  L 6164      3                                                            
         *                                                                        <E> Tag=G of this dataset missing in XREF of matched Adopted Level=6153
 35AR  L 6253      3                                                            
         *                                                                        <E> Tag=G of this dataset missing in XREF of matched Adopted Level=6258
 35AR  L 6273      3                                                            
         *                                                                        <W> level not placed in Adopted.
                                                                                        closest level in Adopted:
                                                                                        6258      10                     XREF=H
 35AR  L 6302      3                                                            
         *                                                                        <W> level not placed in Adopted.
                                                                                        closest level in Adopted:
                                                                                        6258      10                     XREF=H
 35AR  L 6332      3                                                            
         *                                                                        <W> level not placed in Adopted.
                                                                                        closest level in Adopted:
                                                                                        6258      10                     XREF=H
 35AR  L 6345      3                                                            
         *                                                                        <W> level not placed in Adopted.
                                                                                        closest level in Adopted:
                                                                                        6258      10                     XREF=H
 35AR  L 6415      2                                                            
         *                                                                        <W> level not placed in Adopted.
                                                                                        closest level in Adopted:
                                                                                        6258      10                     XREF=H
 35AR  L 6439      4                                                           ?
         *                                                                        <W> questionable level not placed in Adopted.
                                                                                        closest level in Adopted:
                                                                                        6258      10                     XREF=H
 35AR  L 6460      3                                                            
         *                                                                        <W> level not placed in Adopted.
                                                                                        closest level in Adopted:
                                                                                        6630      10 1/2+                XREF=FH
 35AR  L 6523      3                                                            
         *                                                                        <W> level not placed in Adopted.
                                                                                        closest level in Adopted:
                                                                                        6630      10 1/2+                XREF=FH
 35AR  L 6557      3                                                            
         *                                                                        <W> level not placed in Adopted.
                                                                                        closest level in Adopted:
                                                                                        6630      10 1/2+                XREF=FH
 35AR  L 6585      3                                                            
         *                                                                        <W> level not placed in Adopted.
                                                                                        closest level in Adopted:
                                                                                        6630      10 1/2+                XREF=FH
 35AR  L 6606      3                                                            
         *                                                                        <W> level not placed in Adopted.
                                                                                        closest level in Adopted:
                                                                                        6630      10 1/2+                XREF=FH
 35AR  L 6617      2                                                            
         *                                                                        <E> Tag=G of this dataset missing in XREF of matched Adopted Level=6630
                     *                                                            <W> JPI commented from Adopted but empty
                                                                                        Adopted JPI=1/2+ this JPI=
 35AR  L 6644      3                                                            
         *                                                                        <W> level not placed in Adopted.
                                                                                        closest level in Adopted:
                                                                                        6630      10 1/2+                XREF=FH
 35AR  L 6651      3                                                            
         *                                                                        <W> level not placed in Adopted.
                                                                                        closest level in Adopted:
                                                                                        6630      10 1/2+                XREF=FH
 35AR  L 6672      3                                                            
         *                                                                        <E> Tag=G of this dataset missing in XREF of matched Adopted Level=6700
                     *                                                            <W> JPI commented from Adopted but empty
                                                                                        Adopted JPI=5/2-,7/2- this JPI=


End of report
