Program for consistency check: output for Error and Warnings (version 05/20/2025)
Generated at: Wed 06/11/2025 at 11:58:04 AM EDT

################################################################################
In Adopted dataset of 35SI

 35SI  L 0            (7/2)-           0.78 S    12                             
 35SI2 L MOMM1=(-)1.638 4 (2007Ne14,2014StZZ)                                   
         *                                                                        <W> Check if MOMM1 and reference are updated with 2019STZV or 2020STZV

################################################################################
In dataset of 35SI: XA 35AL B- DECAY (38.1 MS)     XREF Tag=A

 35SI  L 0            (7/2)-                                                    
                                       *                                          <W> T1/2 commented from Adopted but empty
                                                                                        Adopted T1/2=0.78 S 12 this T1/2=

################################################################################
In dataset of 35SI: XB 36AL B-N DECAY (12.0 MS)     XREF Tag=B

 35SI  L 0                                                                      
                     *                                                            <W> JPI here inconsistent with adopted
                                                                                        Adopted JPI=(7/2)- this JPI=
 35SI  L 910                                                                    
                     *                                                            <W> JPI here inconsistent with adopted
                                                                                        Adopted JPI=(3/2)- this JPI=

################################################################################
In dataset of 35SI: XC 37AL B-2N DECAY (11.4 MS)     XREF Tag=C

 35SI  L 0                                                                      
                     *                                                            <W> JPI here inconsistent with adopted
                                                                                        Adopted JPI=(7/2)- this JPI=
 35SI  L 910                                                                    
                     *                                                            <W> JPI here inconsistent with adopted
                                                                                        Adopted JPI=(3/2)- this JPI=


End of report
