Java program for checking keynumbers (update 03/12/2025): error report
Generated at: Tue 06/17/2025 at 09:16:24 PM EDT



*** In dataset:  35SI: 2H(34SI,35SIG)

--- : -------------------------------------- line#=30   in  35SI: 2H(34SI,35SIG)
@  2007GeAA  : <E> no match found in NSR
             Also in: line#=55   in dataset: 2007GeAA
                      line#=62   in dataset: 2007GeAA



*** In dataset:  35SI: 35AL B- DECAY (38.1 MS)

--- : -------------------------------------- line#=37   in  35SI: 35AL B- DECAY (38.1 MS)
   2008ReZZ  : <W> probably irrelevant. Check if typo.
                   #title=



*** In dataset:  35SI: 36AL B-N DECAY (12.0 MS)

--- : -------------------------------------- line#=26   in  35SI: 36AL B-N DECAY (12.0 MS)
   2008ReZZ  : <W> probably irrelevant. Check if typo.
                   #title=
             Also in: line#=32   in dataset: 2008ReZZ



*** In dataset:  35SI: ADOPTED LEVELS, GAMMAS

--- : -------------------------------------- line#=68   in  35SI: ADOPTED LEVELS, GAMMAS
   2008ReZZ  : <W> probably irrelevant. Check if typo.
                   #title=




--------------------------------------------------------------------------------
Keynumbers that are probably irrelevant to the nuclides in input files:
(probably due to mistyping if so): total number=1

2008ReZZ:  35SI  title= 
                 reference=Priv.Com. (2008)
