Java program for checking keynumbers (update 03/12/2025): list of all keynumbers
Input file: D:\X\ND\A35\finished\Al35\new\dummy.ens
Generated at: Thu 05/29/2025 at 10:12:23 PM EDT

Total number=53

1979Sy01
1987DuZU
1987Gi05
1988BaYZ
1988DuZT
1988Mu08
1988MuZY
1989Le16
1989MuZU
1991Or01
1991Zh24
1994Po05
1995ReZZ
1999Ib01
1999YoZW
2000PrZX
2001Nu01
2002Nu02
2003Gr22
2004Gr20
2004Kh16
2005Ti11
2006AnZW
2006FuZX
2006Kh08
2007Ju03
2007No13
2008ReZZ
2009Yo05
2010Ro23
2011Ki12
2012Kw02
2012Ni01
2012No05
2012Th10
2012Zh06
2013Li39
2013Sh05
2013StZY
2014Ca21
2014ChZZ
2014ST18
2015Bi05
2015Mo17
2016Sa46
2017Ch36
2017Ga20
2017Ha23
2019As04
2021Wa16
2022Cr03
2023LU07
2025Ly01
